[wanxinp2p-transaction-service][${env:SERVER_PORT}] 2019-09-25 14:56:39,290 INFO [main][DefaultApplicationProvider.java:85] - App ID is set to transaction-service by app.id property from System Property
[wanxinp2p-transaction-service][${env:SERVER_PORT}] 2019-09-25 14:56:39,300 INFO [main][DefaultServerProvider.java:108] - Environment is set to [dev] by JVM system property 'env'.
[wanxinp2p-transaction-service][${env:SERVER_PORT}] 2019-09-25 14:56:39,461 WARN [main][DefaultMetaServerProvider.java:39] - Could not find meta server address, because it is not available in neither (1) JVM system property 'apollo.meta', (2) OS env variable 'APOLLO_META' (3) property 'apollo.meta' from server.properties nor (4) property 'apollo.meta' from app.properties
[wanxinp2p-transaction-service][${env:SERVER_PORT}] 2019-09-25 14:56:39,472 INFO [main][MetaDomainConsts.java:93] - Located meta server address http://localhost:8080 for env DEV from com.ctrip.framework.apollo.core.internals.LegacyMetaServerProvider
[wanxinp2p-transaction-service][${env:SERVER_PORT}] 2019-09-25 14:56:41,123 WARN [main][RemoteConfigRepository.java:194] - Load config failed, will retry in 1 SECONDS. appId: transaction-service, cluster: DEFAULT, namespaces: micro_service.spring-cloud-feign
[wanxinp2p-transaction-service][${env:SERVER_PORT}] 2019-09-25 14:56:42,138 WARN [main][AbstractConfigRepository.java:26] - Sync config failed, will retry. Repository class com.ctrip.framework.apollo.internals.RemoteConfigRepository, reason: Load Apollo Config failed - appId: transaction-service, cluster: DEFAULT, namespace: micro_service.spring-cloud-feign, url: http://192.168.2.153:8080/configs/transaction-service/DEFAULT/micro_service.spring-cloud-feign?ip=192.168.2.153 [Cause: [status code: 404] Could not find config for namespace - appId: transaction-service, cluster: DEFAULT, namespace: micro_service.spring-cloud-feign, please check whether the configs are released in Apollo!]
[wanxinp2p-transaction-service][${env:SERVER_PORT}] 2019-09-25 14:56:42,149 WARN [main][RemoteConfigRepository.java:194] - Load config failed, will retry in 1 SECONDS. appId: transaction-service, cluster: DEFAULT, namespaces: micro_service.spring-cloud-feign
[wanxinp2p-transaction-service][${env:SERVER_PORT}] 2019-09-25 14:56:43,205 WARN [main][LocalFileConfigRepository.java:167] - Sync config from upstream repository class com.ctrip.framework.apollo.internals.RemoteConfigRepository failed, reason: Load Apollo Config failed - appId: transaction-service, cluster: DEFAULT, namespace: micro_service.spring-cloud-feign, url: http://192.168.2.153:8080/configs/transaction-service/DEFAULT/micro_service.spring-cloud-feign?ip=192.168.2.153&messages=%7B%22details%22%3A%7B%22transaction-service%2Bdefault%2Bmicro_service.spring-cloud-feign%22%3A285%2C%22common-template%2Bdefault%2Bmicro_service.spring-cloud-feign%22%3A403%7D%7D [Cause: [status code: 404] Could not find config for namespace - appId: transaction-service, cluster: DEFAULT, namespace: micro_service.spring-cloud-feign, please check whether the configs are released in Apollo!]
[wanxinp2p-transaction-service][${env:SERVER_PORT}] 2019-09-25 14:56:43,215 WARN [Apollo-RemoteConfigRepository-1][RemoteConfigRepository.java:194] - Load config failed, will retry in 1 SECONDS. appId: transaction-service, cluster: DEFAULT, namespaces: micro_service.spring-cloud-feign
[wanxinp2p-transaction-service][${env:SERVER_PORT}] 2019-09-25 14:56:44,228 WARN [Apollo-RemoteConfigRepository-1][RemoteConfigRepository.java:194] - Load config failed, will retry in 1 SECONDS. appId: transaction-service, cluster: DEFAULT, namespaces: micro_service.spring-cloud-feign
[wanxinp2p-transaction-service][${env:SERVER_PORT}] 2019-09-25 14:56:45,247 WARN [Apollo-RemoteConfigRepository-1][AbstractConfigRepository.java:26] - Sync config failed, will retry. Repository class com.ctrip.framework.apollo.internals.RemoteConfigRepository, reason: Load Apollo Config failed - appId: transaction-service, cluster: DEFAULT, namespace: micro_service.spring-cloud-feign, url: http://192.168.2.153:8080/configs/transaction-service/DEFAULT/micro_service.spring-cloud-feign?ip=192.168.2.153&messages=%7B%22details%22%3A%7B%22transaction-service%2Bdefault%2Bmicro_service.spring-cloud-feign%22%3A285%2C%22common-template%2Bdefault%2Bmicro_service.spring-cloud-feign%22%3A403%7D%7D [Cause: [status code: 404] Could not find config for namespace - appId: transaction-service, cluster: DEFAULT, namespace: micro_service.spring-cloud-feign, please check whether the configs are released in Apollo!]
[wanxinp2p-transaction-service][${env:SERVER_PORT}] 2019-09-25 14:56:45,262 WARN [main][RemoteConfigRepository.java:194] - Load config failed, will retry in 1 SECONDS. appId: transaction-service, cluster: DEFAULT, namespaces: micro_service.spring-cloud-feign
[wanxinp2p-transaction-service][${env:SERVER_PORT}] 2019-09-25 14:56:46,314 WARN [main][LocalFileConfigRepository.java:167] - Sync config from upstream repository class com.ctrip.framework.apollo.internals.RemoteConfigRepository failed, reason: Load Apollo Config failed - appId: transaction-service, cluster: DEFAULT, namespace: micro_service.spring-cloud-feign, url: http://192.168.2.153:8080/configs/transaction-service/DEFAULT/micro_service.spring-cloud-feign?ip=192.168.2.153&messages=%7B%22details%22%3A%7B%22transaction-service%2Bdefault%2Bmicro_service.spring-cloud-feign%22%3A285%2C%22common-template%2Bdefault%2Bmicro_service.spring-cloud-feign%22%3A403%7D%7D [Cause: [status code: 404] Could not find config for namespace - appId: transaction-service, cluster: DEFAULT, namespace: micro_service.spring-cloud-feign, please check whether the configs are released in Apollo!]
[wanxinp2p-transaction-service][${env:SERVER_PORT}] 2019-09-25 14:56:46,315 WARN [main][AbstractConfigRepository.java:26] - Sync config failed, will retry. Repository class com.ctrip.framework.apollo.internals.LocalFileConfigRepository, reason: Load config from local config failed! [Cause: Cannot read from local cache file C:\opt\data\transaction-service\config-cache\transaction-service+DEFAULT+micro_service.spring-cloud-feign.properties]
[wanxinp2p-transaction-service][${env:SERVER_PORT}] 2019-09-25 14:56:46,326 WARN [main][RemoteConfigRepository.java:194] - Load config failed, will retry in 1 SECONDS. appId: transaction-service, cluster: DEFAULT, namespaces: micro_service.spring-cloud-feign
[wanxinp2p-transaction-service][${env:SERVER_PORT}] 2019-09-25 14:56:47,340 WARN [main][LocalFileConfigRepository.java:167] - Sync config from upstream repository class com.ctrip.framework.apollo.internals.RemoteConfigRepository failed, reason: Load Apollo Config failed - appId: transaction-service, cluster: DEFAULT, namespace: micro_service.spring-cloud-feign, url: http://192.168.2.153:8080/configs/transaction-service/DEFAULT/micro_service.spring-cloud-feign?ip=192.168.2.153&messages=%7B%22details%22%3A%7B%22transaction-service%2Bdefault%2Bmicro_service.spring-cloud-feign%22%3A285%2C%22common-template%2Bdefault%2Bmicro_service.spring-cloud-feign%22%3A403%7D%7D [Cause: [status code: 404] Could not find config for namespace - appId: transaction-service, cluster: DEFAULT, namespace: micro_service.spring-cloud-feign, please check whether the configs are released in Apollo!]
[wanxinp2p-transaction-service][${env:SERVER_PORT}] 2019-09-25 14:56:47,341 WARN [main][DefaultConfig.java:61] - Init Apollo Local Config failed - namespace: micro_service.spring-cloud-feign, reason: Load config from local config failed! [Cause: Cannot read from local cache file C:\opt\data\transaction-service\config-cache\transaction-service+DEFAULT+micro_service.spring-cloud-feign.properties].
[wanxinp2p-transaction-service][${env:SERVER_PORT}] 2019-09-25 14:56:47,391 WARN [main][DefaultConfig.java:95] - Could not load config for namespace micro_service.spring-cloud-feign from Apollo, please check whether the configs are released in Apollo! Return default value now!
[wanxinp2p-transaction-service][${env:SERVER_PORT}] 2019-09-25 14:56:47,392 INFO [main][SpringApplication.java:675] - No active profile set, falling back to default profiles: default
[wanxinp2p-transaction-service][${env:SERVER_PORT}] 2019-09-25 14:56:50,370 WARN [main][EndpointId.java:135] - Endpoint ID 'service-registry' contains invalid characters, please migrate to a valid format.
[wanxinp2p-transaction-service][${env:SERVER_PORT}] 2019-09-25 14:56:50,701 INFO [main][GenericScope.java:294] - BeanFactory id=4ff5fc92-ce0a-3b9a-a5b6-b64b5cd0bb79
[wanxinp2p-transaction-service][${env:SERVER_PORT}] 2019-09-25 14:56:50,771 INFO [main][PostProcessorRegistrationDelegate.java:330] - Bean 'cn.itcast.wanxinp2p.transaction.agent.ConsumerApiAgent' of type [org.springframework.cloud.openfeign.FeignClientFactoryBean] is not eligible for getting processed by all BeanPostProcessors (for example: not eligible for auto-proxying)
[wanxinp2p-transaction-service][${env:SERVER_PORT}] 2019-09-25 14:56:50,773 INFO [main][PostProcessorRegistrationDelegate.java:330] - Bean 'cn.itcast.wanxinp2p.transaction.agent.ContentSearchApiAgent' of type [org.springframework.cloud.openfeign.FeignClientFactoryBean] is not eligible for getting processed by all BeanPostProcessors (for example: not eligible for auto-proxying)
[wanxinp2p-transaction-service][${env:SERVER_PORT}] 2019-09-25 14:56:50,775 INFO [main][PostProcessorRegistrationDelegate.java:330] - Bean 'cn.itcast.wanxinp2p.transaction.agent.DepositoryAgentApiAgent' of type [org.springframework.cloud.openfeign.FeignClientFactoryBean] is not eligible for getting processed by all BeanPostProcessors (for example: not eligible for auto-proxying)
[wanxinp2p-transaction-service][${env:SERVER_PORT}] 2019-09-25 14:56:51,034 INFO [main][PostProcessorRegistrationDelegate.java:330] - Bean 'org.springframework.transaction.annotation.ProxyTransactionManagementConfiguration' of type [org.springframework.transaction.annotation.ProxyTransactionManagementConfiguration$$EnhancerBySpringCGLIB$$56ea1e1f] is not eligible for getting processed by all BeanPostProcessors (for example: not eligible for auto-proxying)
[wanxinp2p-transaction-service][${env:SERVER_PORT}] 2019-09-25 14:56:51,115 INFO [main][PostProcessorRegistrationDelegate.java:330] - Bean 'org.springframework.cloud.autoconfigure.ConfigurationPropertiesRebinderAutoConfiguration' of type [org.springframework.cloud.autoconfigure.ConfigurationPropertiesRebinderAutoConfiguration$$EnhancerBySpringCGLIB$$7304211c] is not eligible for getting processed by all BeanPostProcessors (for example: not eligible for auto-proxying)
[wanxinp2p-transaction-service][${env:SERVER_PORT}] 2019-09-25 14:56:51,830 INFO [main][TomcatWebServer.java:90] - Tomcat initialized with port(s): 53060 (http)
[wanxinp2p-transaction-service][${env:SERVER_PORT}] 2019-09-25 14:56:51,870 INFO [main][DirectJDKLog.java:173] - Initializing ProtocolHandler ["http-nio-53060"]
[wanxinp2p-transaction-service][${env:SERVER_PORT}] 2019-09-25 14:56:51,889 INFO [main][DirectJDKLog.java:173] - Starting service [Tomcat]
[wanxinp2p-transaction-service][${env:SERVER_PORT}] 2019-09-25 14:56:51,890 INFO [main][DirectJDKLog.java:173] - Starting Servlet engine: [Apache Tomcat/9.0.16]
[wanxinp2p-transaction-service][${env:SERVER_PORT}] 2019-09-25 14:56:51,903 INFO [main][DirectJDKLog.java:173] - The APR based Apache Tomcat Native library which allows optimal performance in production environments was not found on the java.library.path: [C:\Program Files\Java\jdk1.8.0_171\bin;C:\WINDOWS\Sun\Java\bin;C:\WINDOWS\system32;C:\WINDOWS;C:\Program Files\Java\jdk1.8.0_171\bin;C:\Program Files (x86)\Common Files\Oracle\Java\javapath;C:\WINDOWS\system32;C:\WINDOWS;C:\WINDOWS\System32\Wbem;C:\WINDOWS\System32\WindowsPowerShell\v1.0\;C:\Program Files\MySQL\MySQL Utilities 1.6\;C:\WINDOWS\System32\OpenSSH\;C:\Program Files\Git\cmd;C:\Program Files\TortoiseGit\bin;C:\Program Files\nodejs\;C:\Ruby26-x64\bin;C:\Users\apple\AppData\Local\Microsoft\WindowsApps;E:\apache-maven-3.5.4\bin;C:\Users\apple\AppData\Roaming\npm;.]
[wanxinp2p-transaction-service][${env:SERVER_PORT}] 2019-09-25 14:56:52,243 INFO [main][DirectJDKLog.java:173] - Initializing Spring embedded WebApplicationContext
[wanxinp2p-transaction-service][${env:SERVER_PORT}] 2019-09-25 14:56:52,244 INFO [main][ServletWebServerApplicationContext.java:296] - Root WebApplicationContext: initialization completed in 4824 ms
[wanxinp2p-transaction-service][${env:SERVER_PORT}] 2019-09-25 14:56:52,439 WARN [main][URLConfigurationSource.java:121] - No URLs will be polled as dynamic configuration sources.
[wanxinp2p-transaction-service][${env:SERVER_PORT}] 2019-09-25 14:56:52,440 INFO [main][URLConfigurationSource.java:122] - To enable URLs as dynamic configuration sources, define System property archaius.configurationSource.additionalUrls or make config.properties available on classpath.
[wanxinp2p-transaction-service][${env:SERVER_PORT}] 2019-09-25 14:56:52,461 INFO [main][DynamicPropertyFactory.java:281] - DynamicPropertyFactory is initialized with configuration sources: com.netflix.config.ConcurrentCompositeConfiguration@23358740
[wanxinp2p-transaction-service][${env:SERVER_PORT}] 2019-09-25 14:56:53,335 INFO [main][DruidDataSource.java:1002] - {dataSource-1} inited
[wanxinp2p-transaction-service][${env:SERVER_PORT}] 2019-09-25 14:56:53,467 INFO [main][DruidDataSource.java:1002] - {dataSource-2} inited
[wanxinp2p-transaction-service][${env:SERVER_PORT}] 2019-09-25 14:56:55,131 INFO [main][EndpointLinksResolver.java:59] - Exposing 2 endpoint(s) beneath base path '/actuator'
[wanxinp2p-transaction-service][${env:SERVER_PORT}] 2019-09-25 14:56:55,327 INFO [main][PropertySourcedRequestMappingHandlerMapping.java:69] - Mapped URL path [/v2/api-docs] onto method [public org.springframework.http.ResponseEntity<springfox.documentation.spring.web.json.Json> springfox.documentation.swagger2.web.Swagger2Controller.getDocumentation(java.lang.String,javax.servlet.http.HttpServletRequest)]
[wanxinp2p-transaction-service][${env:SERVER_PORT}] 2019-09-25 14:56:55,350 WARN [main][URLConfigurationSource.java:121] - No URLs will be polled as dynamic configuration sources.
[wanxinp2p-transaction-service][${env:SERVER_PORT}] 2019-09-25 14:56:55,350 INFO [main][URLConfigurationSource.java:122] - To enable URLs as dynamic configuration sources, define System property archaius.configurationSource.additionalUrls or make config.properties available on classpath.
[wanxinp2p-transaction-service][${env:SERVER_PORT}] 2019-09-25 14:56:55,751 INFO [main][ExecutorConfigurationSupport.java:171] - Initializing ExecutorService 'applicationTaskExecutor'
[wanxinp2p-transaction-service][${env:SERVER_PORT}] 2019-09-25 14:56:56,192 INFO [main][StdSchedulerFactory.java:1208] - Using default implementation for ThreadExecutor
[wanxinp2p-transaction-service][${env:SERVER_PORT}] 2019-09-25 14:56:56,212 INFO [main][SchedulerSignalerImpl.java:61] - Initialized Scheduler Signaller of type: class org.quartz.core.SchedulerSignalerImpl
[wanxinp2p-transaction-service][${env:SERVER_PORT}] 2019-09-25 14:56:56,213 INFO [main][QuartzScheduler.java:229] - Quartz Scheduler v.2.3.0 created.
[wanxinp2p-transaction-service][${env:SERVER_PORT}] 2019-09-25 14:56:56,214 INFO [main][RAMJobStore.java:155] - RAMJobStore initialized.
[wanxinp2p-transaction-service][${env:SERVER_PORT}] 2019-09-25 14:56:56,215 INFO [main][QuartzScheduler.java:294] - Scheduler meta-data: Quartz Scheduler (v2.3.0) 'quartzScheduler' with instanceId 'NON_CLUSTERED'
  Scheduler class: 'org.quartz.core.QuartzScheduler' - running locally.
  NOT STARTED.
  Currently in standby mode.
  Number of jobs executed: 0
  Using thread pool 'org.quartz.simpl.SimpleThreadPool' - with 10 threads.
  Using job-store 'org.quartz.simpl.RAMJobStore' - which does not support persistence. and is not clustered.

[wanxinp2p-transaction-service][${env:SERVER_PORT}] 2019-09-25 14:56:56,215 INFO [main][StdSchedulerFactory.java:1362] - Quartz scheduler 'quartzScheduler' initialized from an externally provided properties instance.
[wanxinp2p-transaction-service][${env:SERVER_PORT}] 2019-09-25 14:56:56,215 INFO [main][StdSchedulerFactory.java:1366] - Quartz scheduler version: 2.3.0
[wanxinp2p-transaction-service][${env:SERVER_PORT}] 2019-09-25 14:56:56,215 INFO [main][QuartzScheduler.java:2287] - JobFactory set to: org.springframework.scheduling.quartz.SpringBeanJobFactory@726dd367
[wanxinp2p-transaction-service][${env:SERVER_PORT}] 2019-09-25 14:56:56,553 INFO [main][InstanceInfoFactory.java:71] - Setting initial instance status as: STARTING
[wanxinp2p-transaction-service][${env:SERVER_PORT}] 2019-09-25 14:56:56,596 INFO [main][DiscoveryClient.java:349] - Initializing Eureka in region us-east-1
[wanxinp2p-transaction-service][${env:SERVER_PORT}] 2019-09-25 14:56:56,859 INFO [main][DiscoveryJerseyProvider.java:70] - Using JSON encoding codec LegacyJacksonJson
[wanxinp2p-transaction-service][${env:SERVER_PORT}] 2019-09-25 14:56:56,860 INFO [main][DiscoveryJerseyProvider.java:71] - Using JSON decoding codec LegacyJacksonJson
[wanxinp2p-transaction-service][${env:SERVER_PORT}] 2019-09-25 14:56:57,042 INFO [main][DiscoveryJerseyProvider.java:80] - Using XML encoding codec XStreamXml
[wanxinp2p-transaction-service][${env:SERVER_PORT}] 2019-09-25 14:56:57,042 INFO [main][DiscoveryJerseyProvider.java:81] - Using XML decoding codec XStreamXml
[wanxinp2p-transaction-service][${env:SERVER_PORT}] 2019-09-25 14:56:57,420 INFO [main][ConfigClusterResolver.java:43] - Resolving eureka endpoints via configuration
[wanxinp2p-transaction-service][${env:SERVER_PORT}] 2019-09-25 14:56:57,478 INFO [main][DiscoveryClient.java:958] - Disable delta property : false
[wanxinp2p-transaction-service][${env:SERVER_PORT}] 2019-09-25 14:56:57,478 INFO [main][DiscoveryClient.java:959] - Single vip registry refresh property : null
[wanxinp2p-transaction-service][${env:SERVER_PORT}] 2019-09-25 14:56:57,478 INFO [main][DiscoveryClient.java:960] - Force full registry fetch : false
[wanxinp2p-transaction-service][${env:SERVER_PORT}] 2019-09-25 14:56:57,478 INFO [main][DiscoveryClient.java:961] - Application is null : false
[wanxinp2p-transaction-service][${env:SERVER_PORT}] 2019-09-25 14:56:57,479 INFO [main][DiscoveryClient.java:962] - Registered Applications size is zero : true
[wanxinp2p-transaction-service][${env:SERVER_PORT}] 2019-09-25 14:56:57,479 INFO [main][DiscoveryClient.java:964] - Application version is -1: true
[wanxinp2p-transaction-service][${env:SERVER_PORT}] 2019-09-25 14:56:57,479 INFO [main][DiscoveryClient.java:1047] - Getting all instance registry info from the eureka server
[wanxinp2p-transaction-service][${env:SERVER_PORT}] 2019-09-25 14:56:57,700 INFO [main][DiscoveryClient.java:1056] - The response status is 200
[wanxinp2p-transaction-service][${env:SERVER_PORT}] 2019-09-25 14:56:57,703 INFO [main][DiscoveryClient.java:1270] - Starting heartbeat executor: renew interval is: 30
[wanxinp2p-transaction-service][${env:SERVER_PORT}] 2019-09-25 14:56:57,708 INFO [main][InstanceInfoReplicator.java:60] - InstanceInfoReplicator onDemand update allowed rate per min is 4
[wanxinp2p-transaction-service][${env:SERVER_PORT}] 2019-09-25 14:56:57,712 INFO [main][DiscoveryClient.java:449] - Discovery Client initialized at timestamp 1569394617710 with initial instances count: 3
[wanxinp2p-transaction-service][${env:SERVER_PORT}] 2019-09-25 14:56:57,714 INFO [main][EurekaServiceRegistry.java:42] - Registering application TRANSACTION-SERVICE with eureka with status UP
[wanxinp2p-transaction-service][${env:SERVER_PORT}] 2019-09-25 14:56:57,715 INFO [main][DiscoveryClient.java:1305] - Saw local status change event StatusChangeEvent [timestamp=1569394617715, current=UP, previous=STARTING]
[wanxinp2p-transaction-service][${env:SERVER_PORT}] 2019-09-25 14:56:57,717 INFO [main][DocumentationPluginsBootstrapper.java:160] - Context refreshed
[wanxinp2p-transaction-service][${env:SERVER_PORT}] 2019-09-25 14:56:57,718 INFO [DiscoveryClient-InstanceInfoReplicator-0][DiscoveryClient.java:826] - DiscoveryClient_TRANSACTION-SERVICE/transaction-service:192.168.2.153:53060: registering service...
[wanxinp2p-transaction-service][${env:SERVER_PORT}] 2019-09-25 14:56:57,730 INFO [main][DocumentationPluginsBootstrapper.java:163] - Found 1 custom documentation plugin(s)
[wanxinp2p-transaction-service][${env:SERVER_PORT}] 2019-09-25 14:56:57,765 INFO [DiscoveryClient-InstanceInfoReplicator-0][DiscoveryClient.java:835] - DiscoveryClient_TRANSACTION-SERVICE/transaction-service:192.168.2.153:53060 - registration status: 204
[wanxinp2p-transaction-service][${env:SERVER_PORT}] 2019-09-25 14:56:57,774 INFO [main][ApiListingReferenceScanner.java:41] - Scanning for api listing references
[wanxinp2p-transaction-service][${env:SERVER_PORT}] 2019-09-25 14:56:57,943 INFO [main][CachingOperationNameGenerator.java:40] - Generating unique operation named: queryProjectsUsingPOST_1
[wanxinp2p-transaction-service][${env:SERVER_PORT}] 2019-09-25 14:56:57,961 INFO [main][SchedulerFactoryBean.java:726] - Starting Quartz Scheduler now
[wanxinp2p-transaction-service][${env:SERVER_PORT}] 2019-09-25 14:56:57,961 INFO [main][QuartzScheduler.java:547] - Scheduler quartzScheduler_$_NON_CLUSTERED started.
[wanxinp2p-transaction-service][${env:SERVER_PORT}] 2019-09-25 14:56:57,975 INFO [main][DirectJDKLog.java:173] - Starting ProtocolHandler ["http-nio-53060"]
[wanxinp2p-transaction-service][${env:SERVER_PORT}] 2019-09-25 14:56:58,007 INFO [main][TomcatWebServer.java:204] - Tomcat started on port(s): 53060 (http) with context path '/transaction'
[wanxinp2p-transaction-service][${env:SERVER_PORT}] 2019-09-25 14:56:58,009 INFO [main][EurekaAutoServiceRegistration.java:141] - Updating port to 53060
[wanxinp2p-transaction-service][${env:SERVER_PORT}] 2019-09-25 14:56:58,011 INFO [main][StartupInfoLogger.java:59] - Started TransactionService in 27.507 seconds (JVM running for 56.774)
[wanxinp2p-transaction-service][${env:SERVER_PORT}] 2019-09-25 14:56:58,244 INFO [RMI TCP Connection(2)-127.0.0.1][DirectJDKLog.java:173] - Initializing Spring DispatcherServlet 'dispatcherServlet'
[wanxinp2p-transaction-service][${env:SERVER_PORT}] 2019-09-25 14:56:58,244 INFO [RMI TCP Connection(2)-127.0.0.1][FrameworkServlet.java:524] - Initializing Servlet 'dispatcherServlet'
[wanxinp2p-transaction-service][${env:SERVER_PORT}] 2019-09-25 14:56:58,261 INFO [RMI TCP Connection(2)-127.0.0.1][FrameworkServlet.java:546] - Completed initialization in 17 ms
[wanxinp2p-transaction-service][${env:SERVER_PORT}] 2019-09-25 14:56:59,350 INFO [RMI TCP Connection(3)-127.0.0.1][SQLLogger.java:89] - Rule Type: sharding
[wanxinp2p-transaction-service][${env:SERVER_PORT}] 2019-09-25 14:56:59,350 INFO [RMI TCP Connection(3)-127.0.0.1][SQLLogger.java:89] - Logic SQL: /* ping */ SELECT 1
[wanxinp2p-transaction-service][${env:SERVER_PORT}] 2019-09-25 14:56:59,351 INFO [RMI TCP Connection(3)-127.0.0.1][SQLLogger.java:89] - SQLStatement: SelectStatement(super=DQLStatement(super=AbstractSQLStatement(type=DQL, tables=Tables(tables=[]), routeConditions=Conditions(orCondition=OrCondition(andConditions=[])), encryptConditions=Conditions(orCondition=OrCondition(andConditions=[])), sqlTokens=[], parametersIndex=0, logicSQL=/* ping */ SELECT 1)), containStar=false, firstSelectItemStartIndex=18, selectListStopIndex=18, groupByLastIndex=0, items=[CommonSelectItem(expression=1, alias=Optional.absent())], groupByItems=[], orderByItems=[], limit=null, subqueryStatement=null, subqueryStatements=[], subqueryConditions=[])
[wanxinp2p-transaction-service][${env:SERVER_PORT}] 2019-09-25 14:56:59,351 INFO [RMI TCP Connection(3)-127.0.0.1][SQLLogger.java:89] - Actual SQL: ds1 ::: /* ping */ SELECT 1
[wanxinp2p-transaction-service][${env:SERVER_PORT}] 2019-09-25 14:58:02,259 DEBUG [http-nio-53060-exec-1][BaseJdbcLogger.java:159] - ==>  Preparing: SELECT COUNT(1) FROM project WHERE PROJECT_STATUS = ? 
[wanxinp2p-transaction-service][${env:SERVER_PORT}] 2019-09-25 14:58:02,292 DEBUG [http-nio-53060-exec-1][BaseJdbcLogger.java:159] - ==> Parameters: COLLECTING(String)
[wanxinp2p-transaction-service][${env:SERVER_PORT}] 2019-09-25 14:58:02,426 INFO [http-nio-53060-exec-1][SQLLogger.java:89] - Rule Type: sharding
[wanxinp2p-transaction-service][${env:SERVER_PORT}] 2019-09-25 14:58:02,427 INFO [http-nio-53060-exec-1][SQLLogger.java:89] - Logic SQL: SELECT COUNT(1) FROM project WHERE PROJECT_STATUS = ?
[wanxinp2p-transaction-service][${env:SERVER_PORT}] 2019-09-25 14:58:02,428 INFO [http-nio-53060-exec-1][SQLLogger.java:89] - SQLStatement: SelectStatement(super=DQLStatement(super=AbstractSQLStatement(type=DQL, tables=Tables(tables=[Table(name=project, alias=Optional.absent())]), routeConditions=Conditions(orCondition=OrCondition(andConditions=[])), encryptConditions=Conditions(orCondition=OrCondition(andConditions=[])), sqlTokens=[TableToken(tableName=project, quoteCharacter=NONE, schemaNameLength=0)], parametersIndex=1, logicSQL=SELECT COUNT(1) FROM project WHERE PROJECT_STATUS = ?)), containStar=false, firstSelectItemStartIndex=7, selectListStopIndex=14, groupByLastIndex=0, items=[AggregationSelectItem(type=COUNT, innerExpression=(1), alias=Optional.absent(), derivedAggregationSelectItems=[], index=-1)], groupByItems=[], orderByItems=[], limit=null, subqueryStatement=null, subqueryStatements=[], subqueryConditions=[])
[wanxinp2p-transaction-service][${env:SERVER_PORT}] 2019-09-25 14:58:02,430 INFO [http-nio-53060-exec-1][SQLLogger.java:89] - Actual SQL: ds0 ::: SELECT COUNT(1) FROM project_0 WHERE PROJECT_STATUS = ? ::: [COLLECTING]
[wanxinp2p-transaction-service][${env:SERVER_PORT}] 2019-09-25 14:58:02,431 INFO [http-nio-53060-exec-1][SQLLogger.java:89] - Actual SQL: ds0 ::: SELECT COUNT(1) FROM project_1 WHERE PROJECT_STATUS = ? ::: [COLLECTING]
[wanxinp2p-transaction-service][${env:SERVER_PORT}] 2019-09-25 14:58:02,432 INFO [http-nio-53060-exec-1][SQLLogger.java:89] - Actual SQL: ds1 ::: SELECT COUNT(1) FROM project_0 WHERE PROJECT_STATUS = ? ::: [COLLECTING]
[wanxinp2p-transaction-service][${env:SERVER_PORT}] 2019-09-25 14:58:02,433 INFO [http-nio-53060-exec-1][SQLLogger.java:89] - Actual SQL: ds1 ::: SELECT COUNT(1) FROM project_1 WHERE PROJECT_STATUS = ? ::: [COLLECTING]
[wanxinp2p-transaction-service][${env:SERVER_PORT}] 2019-09-25 14:58:02,601 DEBUG [http-nio-53060-exec-1][BaseJdbcLogger.java:159] - ==>  Preparing: SELECT ID,CONSUMER_ID,USER_NO,PROJECT_NO,NAME,DESCRIPTION,TYPE,PERIOD,ANNUAL_RATE,BORROWER_ANNUAL_RATE,COMMISSION_ANNUAL_RATE,REPAYMENT_WAY,AMOUNT,PROJECT_STATUS,CREATE_DATE,STATUS,IS_ASSIGNMENT,REQUEST_NO FROM project WHERE PROJECT_STATUS = ? ORDER BY CREATE_DATE DESC LIMIT ?,? 
[wanxinp2p-transaction-service][${env:SERVER_PORT}] 2019-09-25 14:58:02,630 DEBUG [http-nio-53060-exec-1][BaseJdbcLogger.java:159] - ==> Parameters: COLLECTING(String), 0(Long), 10(Long)
[wanxinp2p-transaction-service][${env:SERVER_PORT}] 2019-09-25 14:58:02,863 INFO [http-nio-53060-exec-1][SQLLogger.java:89] - Rule Type: sharding
[wanxinp2p-transaction-service][${env:SERVER_PORT}] 2019-09-25 14:58:02,864 INFO [http-nio-53060-exec-1][SQLLogger.java:89] - Logic SQL: SELECT  ID,CONSUMER_ID,USER_NO,PROJECT_NO,NAME,DESCRIPTION,TYPE,PERIOD,ANNUAL_RATE,BORROWER_ANNUAL_RATE,COMMISSION_ANNUAL_RATE,REPAYMENT_WAY,AMOUNT,PROJECT_STATUS,CREATE_DATE,STATUS,IS_ASSIGNMENT,REQUEST_NO  FROM project 
 
 WHERE PROJECT_STATUS = ? ORDER BY CREATE_DATE DESC LIMIT ?,?
[wanxinp2p-transaction-service][${env:SERVER_PORT}] 2019-09-25 14:58:02,865 INFO [http-nio-53060-exec-1][SQLLogger.java:89] - SQLStatement: SelectStatement(super=DQLStatement(super=AbstractSQLStatement(type=DQL, tables=Tables(tables=[Table(name=project, alias=Optional.absent())]), routeConditions=Conditions(orCondition=OrCondition(andConditions=[])), encryptConditions=Conditions(orCondition=OrCondition(andConditions=[])), sqlTokens=[TableToken(tableName=project, quoteCharacter=NONE, schemaNameLength=0)], parametersIndex=3, logicSQL=SELECT  ID,CONSUMER_ID,USER_NO,PROJECT_NO,NAME,DESCRIPTION,TYPE,PERIOD,ANNUAL_RATE,BORROWER_ANNUAL_RATE,COMMISSION_ANNUAL_RATE,REPAYMENT_WAY,AMOUNT,PROJECT_STATUS,CREATE_DATE,STATUS,IS_ASSIGNMENT,REQUEST_NO  FROM project 
 
 WHERE PROJECT_STATUS = ? ORDER BY CREATE_DATE DESC LIMIT ?,?)), containStar=false, firstSelectItemStartIndex=8, selectListStopIndex=205, groupByLastIndex=0, items=[CommonSelectItem(expression=ID, alias=Optional.absent()), CommonSelectItem(expression=CONSUMER_ID, alias=Optional.absent()), CommonSelectItem(expression=USER_NO, alias=Optional.absent()), CommonSelectItem(expression=PROJECT_NO, alias=Optional.absent()), CommonSelectItem(expression=NAME, alias=Optional.absent()), CommonSelectItem(expression=DESCRIPTION, alias=Optional.absent()), CommonSelectItem(expression=TYPE, alias=Optional.absent()), CommonSelectItem(expression=PERIOD, alias=Optional.absent()), CommonSelectItem(expression=ANNUAL_RATE, alias=Optional.absent()), CommonSelectItem(expression=BORROWER_ANNUAL_RATE, alias=Optional.absent()), CommonSelectItem(expression=COMMISSION_ANNUAL_RATE, alias=Optional.absent()), CommonSelectItem(expression=REPAYMENT_WAY, alias=Optional.absent()), CommonSelectItem(expression=AMOUNT, alias=Optional.absent()), CommonSelectItem(expression=PROJECT_STATUS, alias=Optional.absent()), CommonSelectItem(expression=CREATE_DATE, alias=Optional.absent()), CommonSelectItem(expression=STATUS, alias=Optional.absent()), CommonSelectItem(expression=IS_ASSIGNMENT, alias=Optional.absent()), CommonSelectItem(expression=REQUEST_NO, alias=Optional.absent())], groupByItems=[], orderByItems=[OrderItem(owner=Optional.absent(), name=Optional.of(CREATE_DATE), orderDirection=DESC, nullOrderDirection=ASC, index=-1, expression=null, alias=Optional.absent())], limit=Limit(offset=LimitValue(value=-1, index=1, boundOpened=false), rowCount=LimitValue(value=-1, index=2, boundOpened=false)), subqueryStatement=null, subqueryStatements=[], subqueryConditions=[])
[wanxinp2p-transaction-service][${env:SERVER_PORT}] 2019-09-25 14:58:02,866 INFO [http-nio-53060-exec-1][SQLLogger.java:89] - Actual SQL: ds0 ::: SELECT  ID,CONSUMER_ID,USER_NO,PROJECT_NO,NAME,DESCRIPTION,TYPE,PERIOD,ANNUAL_RATE,BORROWER_ANNUAL_RATE,COMMISSION_ANNUAL_RATE,REPAYMENT_WAY,AMOUNT,PROJECT_STATUS,CREATE_DATE,STATUS,IS_ASSIGNMENT,REQUEST_NO  FROM project_0 
 
 WHERE PROJECT_STATUS = ? ORDER BY CREATE_DATE DESC LIMIT ?,? ::: [COLLECTING, 0, 10]
[wanxinp2p-transaction-service][${env:SERVER_PORT}] 2019-09-25 14:58:02,866 INFO [http-nio-53060-exec-1][SQLLogger.java:89] - Actual SQL: ds0 ::: SELECT  ID,CONSUMER_ID,USER_NO,PROJECT_NO,NAME,DESCRIPTION,TYPE,PERIOD,ANNUAL_RATE,BORROWER_ANNUAL_RATE,COMMISSION_ANNUAL_RATE,REPAYMENT_WAY,AMOUNT,PROJECT_STATUS,CREATE_DATE,STATUS,IS_ASSIGNMENT,REQUEST_NO  FROM project_1 
 
 WHERE PROJECT_STATUS = ? ORDER BY CREATE_DATE DESC LIMIT ?,? ::: [COLLECTING, 0, 10]
[wanxinp2p-transaction-service][${env:SERVER_PORT}] 2019-09-25 14:58:02,867 INFO [http-nio-53060-exec-1][SQLLogger.java:89] - Actual SQL: ds1 ::: SELECT  ID,CONSUMER_ID,USER_NO,PROJECT_NO,NAME,DESCRIPTION,TYPE,PERIOD,ANNUAL_RATE,BORROWER_ANNUAL_RATE,COMMISSION_ANNUAL_RATE,REPAYMENT_WAY,AMOUNT,PROJECT_STATUS,CREATE_DATE,STATUS,IS_ASSIGNMENT,REQUEST_NO  FROM project_0 
 
 WHERE PROJECT_STATUS = ? ORDER BY CREATE_DATE DESC LIMIT ?,? ::: [COLLECTING, 0, 10]
[wanxinp2p-transaction-service][${env:SERVER_PORT}] 2019-09-25 14:58:02,867 INFO [http-nio-53060-exec-1][SQLLogger.java:89] - Actual SQL: ds1 ::: SELECT  ID,CONSUMER_ID,USER_NO,PROJECT_NO,NAME,DESCRIPTION,TYPE,PERIOD,ANNUAL_RATE,BORROWER_ANNUAL_RATE,COMMISSION_ANNUAL_RATE,REPAYMENT_WAY,AMOUNT,PROJECT_STATUS,CREATE_DATE,STATUS,IS_ASSIGNMENT,REQUEST_NO  FROM project_1 
 
 WHERE PROJECT_STATUS = ? ORDER BY CREATE_DATE DESC LIMIT ?,? ::: [COLLECTING, 0, 10]
[wanxinp2p-transaction-service][${env:SERVER_PORT}] 2019-09-25 14:58:02,911 DEBUG [http-nio-53060-exec-1][BaseJdbcLogger.java:159] - <==      Total: 3
[wanxinp2p-transaction-service][${env:SERVER_PORT}] 2019-09-25 14:58:07,129 DEBUG [http-nio-53060-exec-2][BaseJdbcLogger.java:159] - ==>  Preparing: SELECT COUNT(1) FROM project WHERE PROJECT_STATUS = ? 
[wanxinp2p-transaction-service][${env:SERVER_PORT}] 2019-09-25 14:58:07,130 DEBUG [http-nio-53060-exec-2][BaseJdbcLogger.java:159] - ==> Parameters: COLLECTING(String)
[wanxinp2p-transaction-service][${env:SERVER_PORT}] 2019-09-25 14:58:07,131 INFO [http-nio-53060-exec-2][SQLLogger.java:89] - Rule Type: sharding
[wanxinp2p-transaction-service][${env:SERVER_PORT}] 2019-09-25 14:58:07,132 INFO [http-nio-53060-exec-2][SQLLogger.java:89] - Logic SQL: SELECT COUNT(1) FROM project WHERE PROJECT_STATUS = ?
[wanxinp2p-transaction-service][${env:SERVER_PORT}] 2019-09-25 14:58:07,134 INFO [http-nio-53060-exec-2][SQLLogger.java:89] - SQLStatement: SelectStatement(super=DQLStatement(super=AbstractSQLStatement(type=DQL, tables=Tables(tables=[Table(name=project, alias=Optional.absent())]), routeConditions=Conditions(orCondition=OrCondition(andConditions=[])), encryptConditions=Conditions(orCondition=OrCondition(andConditions=[])), sqlTokens=[TableToken(tableName=project, quoteCharacter=NONE, schemaNameLength=0)], parametersIndex=1, logicSQL=SELECT COUNT(1) FROM project WHERE PROJECT_STATUS = ?)), containStar=false, firstSelectItemStartIndex=7, selectListStopIndex=14, groupByLastIndex=0, items=[AggregationSelectItem(type=COUNT, innerExpression=(1), alias=Optional.absent(), derivedAggregationSelectItems=[], index=1)], groupByItems=[], orderByItems=[], limit=null, subqueryStatement=null, subqueryStatements=[], subqueryConditions=[])
[wanxinp2p-transaction-service][${env:SERVER_PORT}] 2019-09-25 14:58:07,136 INFO [http-nio-53060-exec-2][SQLLogger.java:89] - Actual SQL: ds0 ::: SELECT COUNT(1) FROM project_0 WHERE PROJECT_STATUS = ? ::: [COLLECTING]
[wanxinp2p-transaction-service][${env:SERVER_PORT}] 2019-09-25 14:58:07,137 INFO [http-nio-53060-exec-2][SQLLogger.java:89] - Actual SQL: ds0 ::: SELECT COUNT(1) FROM project_1 WHERE PROJECT_STATUS = ? ::: [COLLECTING]
[wanxinp2p-transaction-service][${env:SERVER_PORT}] 2019-09-25 14:58:07,138 INFO [http-nio-53060-exec-2][SQLLogger.java:89] - Actual SQL: ds1 ::: SELECT COUNT(1) FROM project_0 WHERE PROJECT_STATUS = ? ::: [COLLECTING]
[wanxinp2p-transaction-service][${env:SERVER_PORT}] 2019-09-25 14:58:07,140 INFO [http-nio-53060-exec-2][SQLLogger.java:89] - Actual SQL: ds1 ::: SELECT COUNT(1) FROM project_1 WHERE PROJECT_STATUS = ? ::: [COLLECTING]
[wanxinp2p-transaction-service][${env:SERVER_PORT}] 2019-09-25 14:58:07,145 DEBUG [http-nio-53060-exec-2][BaseJdbcLogger.java:159] - ==>  Preparing: SELECT ID,CONSUMER_ID,USER_NO,PROJECT_NO,NAME,DESCRIPTION,TYPE,PERIOD,ANNUAL_RATE,BORROWER_ANNUAL_RATE,COMMISSION_ANNUAL_RATE,REPAYMENT_WAY,AMOUNT,PROJECT_STATUS,CREATE_DATE,STATUS,IS_ASSIGNMENT,REQUEST_NO FROM project WHERE PROJECT_STATUS = ? ORDER BY CREATE_DATE DESC LIMIT ?,? 
[wanxinp2p-transaction-service][${env:SERVER_PORT}] 2019-09-25 14:58:07,155 DEBUG [http-nio-53060-exec-2][BaseJdbcLogger.java:159] - ==> Parameters: COLLECTING(String), 0(Long), 10(Long)
[wanxinp2p-transaction-service][${env:SERVER_PORT}] 2019-09-25 14:58:07,156 INFO [http-nio-53060-exec-2][SQLLogger.java:89] - Rule Type: sharding
[wanxinp2p-transaction-service][${env:SERVER_PORT}] 2019-09-25 14:58:07,158 INFO [http-nio-53060-exec-2][SQLLogger.java:89] - Logic SQL: SELECT  ID,CONSUMER_ID,USER_NO,PROJECT_NO,NAME,DESCRIPTION,TYPE,PERIOD,ANNUAL_RATE,BORROWER_ANNUAL_RATE,COMMISSION_ANNUAL_RATE,REPAYMENT_WAY,AMOUNT,PROJECT_STATUS,CREATE_DATE,STATUS,IS_ASSIGNMENT,REQUEST_NO  FROM project 
 
 WHERE PROJECT_STATUS = ? ORDER BY CREATE_DATE DESC LIMIT ?,?
[wanxinp2p-transaction-service][${env:SERVER_PORT}] 2019-09-25 14:58:07,159 INFO [http-nio-53060-exec-2][SQLLogger.java:89] - SQLStatement: SelectStatement(super=DQLStatement(super=AbstractSQLStatement(type=DQL, tables=Tables(tables=[Table(name=project, alias=Optional.absent())]), routeConditions=Conditions(orCondition=OrCondition(andConditions=[])), encryptConditions=Conditions(orCondition=OrCondition(andConditions=[])), sqlTokens=[TableToken(tableName=project, quoteCharacter=NONE, schemaNameLength=0)], parametersIndex=3, logicSQL=SELECT  ID,CONSUMER_ID,USER_NO,PROJECT_NO,NAME,DESCRIPTION,TYPE,PERIOD,ANNUAL_RATE,BORROWER_ANNUAL_RATE,COMMISSION_ANNUAL_RATE,REPAYMENT_WAY,AMOUNT,PROJECT_STATUS,CREATE_DATE,STATUS,IS_ASSIGNMENT,REQUEST_NO  FROM project 
 
 WHERE PROJECT_STATUS = ? ORDER BY CREATE_DATE DESC LIMIT ?,?)), containStar=false, firstSelectItemStartIndex=8, selectListStopIndex=205, groupByLastIndex=0, items=[CommonSelectItem(expression=ID, alias=Optional.absent()), CommonSelectItem(expression=CONSUMER_ID, alias=Optional.absent()), CommonSelectItem(expression=USER_NO, alias=Optional.absent()), CommonSelectItem(expression=PROJECT_NO, alias=Optional.absent()), CommonSelectItem(expression=NAME, alias=Optional.absent()), CommonSelectItem(expression=DESCRIPTION, alias=Optional.absent()), CommonSelectItem(expression=TYPE, alias=Optional.absent()), CommonSelectItem(expression=PERIOD, alias=Optional.absent()), CommonSelectItem(expression=ANNUAL_RATE, alias=Optional.absent()), CommonSelectItem(expression=BORROWER_ANNUAL_RATE, alias=Optional.absent()), CommonSelectItem(expression=COMMISSION_ANNUAL_RATE, alias=Optional.absent()), CommonSelectItem(expression=REPAYMENT_WAY, alias=Optional.absent()), CommonSelectItem(expression=AMOUNT, alias=Optional.absent()), CommonSelectItem(expression=PROJECT_STATUS, alias=Optional.absent()), CommonSelectItem(expression=CREATE_DATE, alias=Optional.absent()), CommonSelectItem(expression=STATUS, alias=Optional.absent()), CommonSelectItem(expression=IS_ASSIGNMENT, alias=Optional.absent()), CommonSelectItem(expression=REQUEST_NO, alias=Optional.absent())], groupByItems=[], orderByItems=[OrderItem(owner=Optional.absent(), name=Optional.of(CREATE_DATE), orderDirection=DESC, nullOrderDirection=ASC, index=15, expression=null, alias=Optional.absent())], limit=Limit(offset=LimitValue(value=-1, index=1, boundOpened=false), rowCount=LimitValue(value=-1, index=2, boundOpened=false)), subqueryStatement=null, subqueryStatements=[], subqueryConditions=[])
[wanxinp2p-transaction-service][${env:SERVER_PORT}] 2019-09-25 14:58:07,160 INFO [http-nio-53060-exec-2][SQLLogger.java:89] - Actual SQL: ds0 ::: SELECT  ID,CONSUMER_ID,USER_NO,PROJECT_NO,NAME,DESCRIPTION,TYPE,PERIOD,ANNUAL_RATE,BORROWER_ANNUAL_RATE,COMMISSION_ANNUAL_RATE,REPAYMENT_WAY,AMOUNT,PROJECT_STATUS,CREATE_DATE,STATUS,IS_ASSIGNMENT,REQUEST_NO  FROM project_0 
 
 WHERE PROJECT_STATUS = ? ORDER BY CREATE_DATE DESC LIMIT ?,? ::: [COLLECTING, 0, 10]
[wanxinp2p-transaction-service][${env:SERVER_PORT}] 2019-09-25 14:58:07,161 INFO [http-nio-53060-exec-2][SQLLogger.java:89] - Actual SQL: ds0 ::: SELECT  ID,CONSUMER_ID,USER_NO,PROJECT_NO,NAME,DESCRIPTION,TYPE,PERIOD,ANNUAL_RATE,BORROWER_ANNUAL_RATE,COMMISSION_ANNUAL_RATE,REPAYMENT_WAY,AMOUNT,PROJECT_STATUS,CREATE_DATE,STATUS,IS_ASSIGNMENT,REQUEST_NO  FROM project_1 
 
 WHERE PROJECT_STATUS = ? ORDER BY CREATE_DATE DESC LIMIT ?,? ::: [COLLECTING, 0, 10]
[wanxinp2p-transaction-service][${env:SERVER_PORT}] 2019-09-25 14:58:07,162 INFO [http-nio-53060-exec-2][SQLLogger.java:89] - Actual SQL: ds1 ::: SELECT  ID,CONSUMER_ID,USER_NO,PROJECT_NO,NAME,DESCRIPTION,TYPE,PERIOD,ANNUAL_RATE,BORROWER_ANNUAL_RATE,COMMISSION_ANNUAL_RATE,REPAYMENT_WAY,AMOUNT,PROJECT_STATUS,CREATE_DATE,STATUS,IS_ASSIGNMENT,REQUEST_NO  FROM project_0 
 
 WHERE PROJECT_STATUS = ? ORDER BY CREATE_DATE DESC LIMIT ?,? ::: [COLLECTING, 0, 10]
[wanxinp2p-transaction-service][${env:SERVER_PORT}] 2019-09-25 14:58:07,163 INFO [http-nio-53060-exec-2][SQLLogger.java:89] - Actual SQL: ds1 ::: SELECT  ID,CONSUMER_ID,USER_NO,PROJECT_NO,NAME,DESCRIPTION,TYPE,PERIOD,ANNUAL_RATE,BORROWER_ANNUAL_RATE,COMMISSION_ANNUAL_RATE,REPAYMENT_WAY,AMOUNT,PROJECT_STATUS,CREATE_DATE,STATUS,IS_ASSIGNMENT,REQUEST_NO  FROM project_1 
 
 WHERE PROJECT_STATUS = ? ORDER BY CREATE_DATE DESC LIMIT ?,? ::: [COLLECTING, 0, 10]
[wanxinp2p-transaction-service][${env:SERVER_PORT}] 2019-09-25 14:58:07,173 DEBUG [http-nio-53060-exec-2][BaseJdbcLogger.java:159] - <==      Total: 3
