[${project.name}][${env:SERVER_PORT}] 2019-08-31 10:19:04,337 INFO [main][DefaultApplicationProvider.java:85] - App ID is set to account-service by app.id property from System Property
[${project.name}][${env:SERVER_PORT}] 2019-08-31 10:19:04,346 INFO [main][DefaultServerProvider.java:108] - Environment is set to [dev] by JVM system property 'env'.
[${project.name}][${env:SERVER_PORT}] 2019-08-31 10:19:04,407 WARN [main][DefaultMetaServerProvider.java:39] - Could not find meta server address, because it is not available in neither (1) JVM system property 'apollo.meta', (2) OS env variable 'APOLLO_META' (3) property 'apollo.meta' from server.properties nor (4) property 'apollo.meta' from app.properties
[${project.name}][${env:SERVER_PORT}] 2019-08-31 10:19:04,422 INFO [main][MetaDomainConsts.java:93] - Located meta server address http://localhost:8080 for env DEV from com.ctrip.framework.apollo.core.internals.LegacyMetaServerProvider
[${project.name}][${env:SERVER_PORT}] 2019-08-31 10:19:04,612 INFO [main][TomcatWebServer.java:90] - Tomcat initialized with port(s): 53010 (http)
[${project.name}][${env:SERVER_PORT}] 2019-08-31 10:19:04,658 INFO [main][DirectJDKLog.java:173] - Initializing ProtocolHandler ["http-nio-53010"]
[${project.name}][${env:SERVER_PORT}] 2019-08-31 10:19:04,683 INFO [main][DirectJDKLog.java:173] - Starting service [Tomcat]
[${project.name}][${env:SERVER_PORT}] 2019-08-31 10:19:04,685 INFO [main][DirectJDKLog.java:173] - Starting Servlet engine: [Apache Tomcat/9.0.16]
[${project.name}][${env:SERVER_PORT}] 2019-08-31 10:19:04,707 INFO [main][DirectJDKLog.java:173] - The APR based Apache Tomcat Native library which allows optimal performance in production environments was not found on the java.library.path: [C:\Program Files\Java\jdk1.8.0_171\bin;C:\WINDOWS\Sun\Java\bin;C:\WINDOWS\system32;C:\WINDOWS;C:\Program Files\Java\jdk1.8.0_171\bin;C:\Program Files (x86)\Common Files\Oracle\Java\javapath;C:\WINDOWS\system32;C:\WINDOWS;C:\WINDOWS\System32\Wbem;C:\WINDOWS\System32\WindowsPowerShell\v1.0\;C:\Program Files\MySQL\MySQL Utilities 1.6\;C:\WINDOWS\System32\OpenSSH\;C:\Program Files\Git\cmd;C:\Program Files\TortoiseGit\bin;C:\Program Files\nodejs\;C:\Ruby26-x64\bin;C:\Users\apple\AppData\Local\Microsoft\WindowsApps;E:\apache-maven-3.5.4\bin;C:\Users\apple\AppData\Roaming\npm;.]
[${project.name}][${env:SERVER_PORT}] 2019-08-31 10:19:04,906 INFO [main][SpringApplication.java:675] - No active profile set, falling back to default profiles: default
[${project.name}][${env:SERVER_PORT}] 2019-08-31 10:19:05,268 INFO [main][HikariDataSource.java:110] - HikariPool-1 - Starting...
[${project.name}][${env:SERVER_PORT}] 2019-08-31 10:19:05,305 INFO [main][HikariDataSource.java:123] - HikariPool-1 - Start completed.
[${project.name}][${env:SERVER_PORT}] 2019-08-31 10:19:05,381 INFO [main][HmilyLogo.java:49] - 


    __  __          _ __     
   / / / /___ ___  (_) /_  __
  / /_/ / __ `__ \/ / / / / /
 / __  / / / / / / / / /_/ / 
/_/ /_/_/ /_/ /_/_/_/\__, /  
                    /____/   

 :: Hmily :: (v2.0.5-RELEASE)

[${project.name}][${env:SERVER_PORT}] 2019-08-31 10:19:05,444 INFO [main][AutowiredAnnotationBeanPostProcessor.java:342] - Inconsistent constructor declaration on bean with name 'hmilyTransactionSelfRecoveryScheduled': single autowire-marked constructor flagged as optional - this constructor is effectively required since there is no default constructor to fall back to: public org.dromara.hmily.core.schedule.HmilyTransactionSelfRecoveryScheduled(org.dromara.hmily.common.config.HmilyConfig)
[${project.name}][${env:SERVER_PORT}] 2019-08-31 10:19:05,955 INFO [Eureka-EvictionTimer][AbstractInstanceRegistry.java:1250] - Running the evict task with compensationTime 0ms
[${project.name}][${env:SERVER_PORT}] 2019-08-31 10:19:06,069 INFO [main][DirectJDKLog.java:173] - Initializing Spring embedded WebApplicationContext
[${project.name}][${env:SERVER_PORT}] 2019-08-31 10:19:06,070 INFO [main][ServletWebServerApplicationContext.java:296] - Root WebApplicationContext: initialization completed in 5829 ms
[${project.name}][${env:SERVER_PORT}] 2019-08-31 10:19:07,338 WARN [main][URLConfigurationSource.java:121] - No URLs will be polled as dynamic configuration sources.
[${project.name}][${env:SERVER_PORT}] 2019-08-31 10:19:07,340 INFO [main][URLConfigurationSource.java:122] - To enable URLs as dynamic configuration sources, define System property archaius.configurationSource.additionalUrls or make config.properties available on classpath.
[${project.name}][${env:SERVER_PORT}] 2019-08-31 10:19:07,370 INFO [main][DynamicPropertyFactory.java:281] - DynamicPropertyFactory is initialized with configuration sources: com.netflix.config.ConcurrentCompositeConfiguration@41bd6a0f
[${project.name}][${env:SERVER_PORT}] 2019-08-31 10:19:08,822 INFO [main][RepositoryConfigurationDelegate.java:244] - Multiple Spring Data modules found, entering strict repository configuration mode!
[${project.name}][${env:SERVER_PORT}] 2019-08-31 10:19:08,829 INFO [main][RepositoryConfigurationDelegate.java:126] - Bootstrapping Spring Data repositories in DEFAULT mode.
[${project.name}][${env:SERVER_PORT}] 2019-08-31 10:19:08,908 INFO [main][RepositoryConfigurationDelegate.java:182] - Finished Spring Data repository scanning in 30ms. Found 0 repository interfaces.
[${project.name}][${env:SERVER_PORT}] 2019-08-31 10:19:09,123 WARN [main][EndpointId.java:135] - Endpoint ID 'service-registry' contains invalid characters, please migrate to a valid format.
[${project.name}][${env:SERVER_PORT}] 2019-08-31 10:19:09,285 INFO [main][ConfigurationClassPostProcessor.java:380] - Cannot enhance @Configuration bean definition 'com.ctrip.framework.apollo.spring.boot.ApolloAutoConfiguration' since its singleton instance has been created too early. The typical cause is a non-static @Bean method with a BeanDefinitionRegistryPostProcessor return type: Consider declaring such methods as 'static'.
[${project.name}][${env:SERVER_PORT}] 2019-08-31 10:19:09,615 INFO [main][GenericScope.java:294] - BeanFactory id=b046ceb8-6e0a-3758-be42-79afec2380d4
[${project.name}][${env:SERVER_PORT}] 2019-08-31 10:19:09,672 WARN [main][PropertySourcesDeducer.java:75] - Multiple PropertySourcesPlaceholderConfigurer beans registered [propertySourcesPlaceholderConfigurer, org.springframework.context.support.PropertySourcesPlaceholderConfigurer], falling back to Environment
[${project.name}][${env:SERVER_PORT}] 2019-08-31 10:19:09,748 INFO [main][PostProcessorRegistrationDelegate.java:330] - Bean 'com.alibaba.druid.spring.boot.autoconfigure.stat.DruidSpringAopConfiguration' of type [com.alibaba.druid.spring.boot.autoconfigure.stat.DruidSpringAopConfiguration] is not eligible for getting processed by all BeanPostProcessors (for example: not eligible for auto-proxying)
[${project.name}][${env:SERVER_PORT}] 2019-08-31 10:19:09,759 INFO [main][PostProcessorRegistrationDelegate.java:330] - Bean 'org.apache.rocketmq.spring.autoconfigure.RocketMQAutoConfiguration' of type [org.apache.rocketmq.spring.autoconfigure.RocketMQAutoConfiguration$$EnhancerBySpringCGLIB$$367c8409] is not eligible for getting processed by all BeanPostProcessors (for example: not eligible for auto-proxying)
[${project.name}][${env:SERVER_PORT}] 2019-08-31 10:19:09,779 INFO [main][PostProcessorRegistrationDelegate.java:330] - Bean 'rocketmq-org.apache.rocketmq.spring.autoconfigure.RocketMQProperties' of type [org.apache.rocketmq.spring.autoconfigure.RocketMQProperties] is not eligible for getting processed by all BeanPostProcessors (for example: not eligible for auto-proxying)
[${project.name}][${env:SERVER_PORT}] 2019-08-31 10:19:09,994 INFO [main][PostProcessorRegistrationDelegate.java:330] - Bean 'defaultMQProducer' of type [org.apache.rocketmq.client.producer.DefaultMQProducer] is not eligible for getting processed by all BeanPostProcessors (for example: not eligible for auto-proxying)
[${project.name}][${env:SERVER_PORT}] 2019-08-31 10:19:09,997 INFO [main][PostProcessorRegistrationDelegate.java:330] - Bean 'org.springframework.boot.autoconfigure.jackson.JacksonAutoConfiguration$JacksonObjectMapperConfiguration' of type [org.springframework.boot.autoconfigure.jackson.JacksonAutoConfiguration$JacksonObjectMapperConfiguration$$EnhancerBySpringCGLIB$$6979f49e] is not eligible for getting processed by all BeanPostProcessors (for example: not eligible for auto-proxying)
[${project.name}][${env:SERVER_PORT}] 2019-08-31 10:19:10,003 INFO [main][PostProcessorRegistrationDelegate.java:330] - Bean 'org.springframework.boot.autoconfigure.jackson.JacksonAutoConfiguration$JacksonObjectMapperBuilderConfiguration' of type [org.springframework.boot.autoconfigure.jackson.JacksonAutoConfiguration$JacksonObjectMapperBuilderConfiguration$$EnhancerBySpringCGLIB$$1bc6b6b7] is not eligible for getting processed by all BeanPostProcessors (for example: not eligible for auto-proxying)
[${project.name}][${env:SERVER_PORT}] 2019-08-31 10:19:10,006 INFO [main][PostProcessorRegistrationDelegate.java:330] - Bean 'org.springframework.boot.autoconfigure.jackson.JacksonAutoConfiguration$Jackson2ObjectMapperBuilderCustomizerConfiguration' of type [org.springframework.boot.autoconfigure.jackson.JacksonAutoConfiguration$Jackson2ObjectMapperBuilderCustomizerConfiguration$$EnhancerBySpringCGLIB$$d6dd9ca6] is not eligible for getting processed by all BeanPostProcessors (for example: not eligible for auto-proxying)
[${project.name}][${env:SERVER_PORT}] 2019-08-31 10:19:10,014 INFO [main][PostProcessorRegistrationDelegate.java:330] - Bean 'spring.jackson-org.springframework.boot.autoconfigure.jackson.JacksonProperties' of type [org.springframework.boot.autoconfigure.jackson.JacksonProperties] is not eligible for getting processed by all BeanPostProcessors (for example: not eligible for auto-proxying)
[${project.name}][${env:SERVER_PORT}] 2019-08-31 10:19:10,017 INFO [main][PostProcessorRegistrationDelegate.java:330] - Bean 'standardJacksonObjectMapperBuilderCustomizer' of type [org.springframework.boot.autoconfigure.jackson.JacksonAutoConfiguration$Jackson2ObjectMapperBuilderCustomizerConfiguration$StandardJackson2ObjectMapperBuilderCustomizer] is not eligible for getting processed by all BeanPostProcessors (for example: not eligible for auto-proxying)
[${project.name}][${env:SERVER_PORT}] 2019-08-31 10:19:10,023 INFO [main][PostProcessorRegistrationDelegate.java:330] - Bean 'org.springframework.boot.autoconfigure.jackson.JacksonAutoConfiguration$ParameterNamesModuleConfiguration' of type [org.springframework.boot.autoconfigure.jackson.JacksonAutoConfiguration$ParameterNamesModuleConfiguration$$EnhancerBySpringCGLIB$$fda913d4] is not eligible for getting processed by all BeanPostProcessors (for example: not eligible for auto-proxying)
[${project.name}][${env:SERVER_PORT}] 2019-08-31 10:19:10,030 INFO [main][PostProcessorRegistrationDelegate.java:330] - Bean 'parameterNamesModule' of type [com.fasterxml.jackson.module.paramnames.ParameterNamesModule] is not eligible for getting processed by all BeanPostProcessors (for example: not eligible for auto-proxying)
[${project.name}][${env:SERVER_PORT}] 2019-08-31 10:19:10,031 INFO [NettyClientSelector_1][Slf4jLoggerFactory.java:95] - closeChannel: close the connection to remote address[] result: true
[${project.name}][${env:SERVER_PORT}] 2019-08-31 10:19:10,032 INFO [main][PostProcessorRegistrationDelegate.java:330] - Bean 'org.springframework.boot.autoconfigure.jackson.JacksonAutoConfiguration' of type [org.springframework.boot.autoconfigure.jackson.JacksonAutoConfiguration$$EnhancerBySpringCGLIB$$4b85922d] is not eligible for getting processed by all BeanPostProcessors (for example: not eligible for auto-proxying)
[${project.name}][${env:SERVER_PORT}] 2019-08-31 10:19:10,093 INFO [main][PostProcessorRegistrationDelegate.java:330] - Bean 'jsonComponentModule' of type [org.springframework.boot.jackson.JsonComponentModule] is not eligible for getting processed by all BeanPostProcessors (for example: not eligible for auto-proxying)
[${project.name}][${env:SERVER_PORT}] 2019-08-31 10:19:10,093 INFO [main][PostProcessorRegistrationDelegate.java:330] - Bean 'org.springframework.data.web.config.SpringDataJacksonConfiguration' of type [org.springframework.data.web.config.SpringDataJacksonConfiguration] is not eligible for getting processed by all BeanPostProcessors (for example: not eligible for auto-proxying)
[${project.name}][${env:SERVER_PORT}] 2019-08-31 10:19:10,099 INFO [main][PostProcessorRegistrationDelegate.java:330] - Bean 'jacksonGeoModule' of type [org.springframework.data.geo.GeoModule] is not eligible for getting processed by all BeanPostProcessors (for example: not eligible for auto-proxying)
[${project.name}][${env:SERVER_PORT}] 2019-08-31 10:19:10,102 INFO [main][PostProcessorRegistrationDelegate.java:330] - Bean 'jacksonObjectMapperBuilder' of type [org.springframework.http.converter.json.Jackson2ObjectMapperBuilder] is not eligible for getting processed by all BeanPostProcessors (for example: not eligible for auto-proxying)
[${project.name}][${env:SERVER_PORT}] 2019-08-31 10:19:10,129 INFO [main][PostProcessorRegistrationDelegate.java:330] - Bean 'jacksonObjectMapper' of type [com.fasterxml.jackson.databind.ObjectMapper] is not eligible for getting processed by all BeanPostProcessors (for example: not eligible for auto-proxying)
[${project.name}][${env:SERVER_PORT}] 2019-08-31 10:19:10,653 INFO [main][PostProcessorRegistrationDelegate.java:330] - Bean 'rocketMQTemplate' of type [org.apache.rocketmq.spring.core.RocketMQTemplate] is not eligible for getting processed by all BeanPostProcessors (for example: not eligible for auto-proxying)
[${project.name}][${env:SERVER_PORT}] 2019-08-31 10:19:10,657 INFO [main][PostProcessorRegistrationDelegate.java:330] - Bean 'transactionHandlerRegistry' of type [org.apache.rocketmq.spring.config.TransactionHandlerRegistry] is not eligible for getting processed by all BeanPostProcessors (for example: not eligible for auto-proxying)
[${project.name}][${env:SERVER_PORT}] 2019-08-31 10:19:10,741 INFO [main][PostProcessorRegistrationDelegate.java:330] - Bean 'org.springframework.transaction.annotation.ProxyTransactionManagementConfiguration' of type [org.springframework.transaction.annotation.ProxyTransactionManagementConfiguration$$EnhancerBySpringCGLIB$$de6750d] is not eligible for getting processed by all BeanPostProcessors (for example: not eligible for auto-proxying)
[${project.name}][${env:SERVER_PORT}] 2019-08-31 10:19:10,919 WARN [main][JwtAccessTokenConverter.java:302] - Unable to create an RSA verifier from verifierKey (ignoreable if using MAC)
[${project.name}][${env:SERVER_PORT}] 2019-08-31 10:19:11,160 WARN [main][URLConfigurationSource.java:121] - No URLs will be polled as dynamic configuration sources.
[${project.name}][${env:SERVER_PORT}] 2019-08-31 10:19:11,161 INFO [main][URLConfigurationSource.java:122] - To enable URLs as dynamic configuration sources, define System property archaius.configurationSource.additionalUrls or make config.properties available on classpath.
[${project.name}][${env:SERVER_PORT}] 2019-08-31 10:19:11,182 INFO [main][PostProcessorRegistrationDelegate.java:330] - Bean 'spring.datasource.druid-com.alibaba.druid.spring.boot.autoconfigure.properties.DruidStatProperties' of type [com.alibaba.druid.spring.boot.autoconfigure.properties.DruidStatProperties] is not eligible for getting processed by all BeanPostProcessors (for example: not eligible for auto-proxying)
[${project.name}][${env:SERVER_PORT}] 2019-08-31 10:19:11,191 INFO [NettyClientSelector_1][Slf4jLoggerFactory.java:95] - closeChannel: close the connection to remote address[] result: true
[${project.name}][${env:SERVER_PORT}] 2019-08-31 10:19:11,232 INFO [main][PostProcessorRegistrationDelegate.java:330] - Bean 'advisor' of type [org.springframework.aop.support.RegexpMethodPointcutAdvisor] is not eligible for getting processed by all BeanPostProcessors (for example: not eligible for auto-proxying)
[${project.name}][${env:SERVER_PORT}] 2019-08-31 10:19:11,234 INFO [main][PostProcessorRegistrationDelegate.java:330] - Bean 'hmilyFeignConfiguration' of type [org.dromara.hmily.springcloud.configuration.HmilyFeignConfiguration$$EnhancerBySpringCGLIB$$3c378dd9] is not eligible for getting processed by all BeanPostProcessors (for example: not eligible for auto-proxying)
[${project.name}][${env:SERVER_PORT}] 2019-08-31 10:19:11,276 INFO [main][PostProcessorRegistrationDelegate.java:330] - Bean 'org.springframework.cloud.autoconfigure.ConfigurationPropertiesRebinderAutoConfiguration' of type [org.springframework.cloud.autoconfigure.ConfigurationPropertiesRebinderAutoConfiguration$$EnhancerBySpringCGLIB$$2a00780a] is not eligible for getting processed by all BeanPostProcessors (for example: not eligible for auto-proxying)
[${project.name}][${env:SERVER_PORT}] 2019-08-31 10:19:11,842 INFO [NettyClientSelector_1][Slf4jLoggerFactory.java:95] - closeChannel: close the connection to remote address[] result: true
[${project.name}][${env:SERVER_PORT}] 2019-08-31 10:19:11,847 INFO [main][ExecutorConfigurationSupport.java:171] - Initializing ExecutorService 'applicationTaskExecutor'
[${project.name}][${env:SERVER_PORT}] 2019-08-31 10:19:11,983 INFO [NettyClientSelector_1][Slf4jLoggerFactory.java:95] - closeChannel: close the connection to remote address[] result: true
[${project.name}][${env:SERVER_PORT}] 2019-08-31 10:19:12,021 INFO [main][EndpointLinksResolver.java:59] - Exposing 2 endpoint(s) beneath base path '/actuator'
[${project.name}][${env:SERVER_PORT}] 2019-08-31 10:19:12,259 INFO [main][PropertySourcedRequestMappingHandlerMapping.java:69] - Mapped URL path [/v2/api-docs] onto method [public org.springframework.http.ResponseEntity<springfox.documentation.spring.web.json.Json> springfox.documentation.swagger2.web.Swagger2Controller.getDocumentation(java.lang.String,javax.servlet.http.HttpServletRequest)]
[${project.name}][${env:SERVER_PORT}] 2019-08-31 10:19:12,301 WARN [main][URLConfigurationSource.java:121] - No URLs will be polled as dynamic configuration sources.
[${project.name}][${env:SERVER_PORT}] 2019-08-31 10:19:12,302 INFO [main][URLConfigurationSource.java:122] - To enable URLs as dynamic configuration sources, define System property archaius.configurationSource.additionalUrls or make config.properties available on classpath.
[${project.name}][${env:SERVER_PORT}] 2019-08-31 10:19:12,326 INFO [main][TomcatWebServer.java:90] - Tomcat initialized with port(s): 53030 (http)
[${project.name}][${env:SERVER_PORT}] 2019-08-31 10:19:12,354 INFO [main][DirectJDKLog.java:173] - Initializing ProtocolHandler ["http-nio-53030"]
[${project.name}][${env:SERVER_PORT}] 2019-08-31 10:19:12,368 INFO [main][DirectJDKLog.java:173] - Starting service [Tomcat]
[${project.name}][${env:SERVER_PORT}] 2019-08-31 10:19:12,371 INFO [main][DirectJDKLog.java:173] - Starting Servlet engine: [Apache Tomcat/9.0.16]
[${project.name}][${env:SERVER_PORT}] 2019-08-31 10:19:12,383 INFO [NettyClientSelector_1][Slf4jLoggerFactory.java:95] - closeChannel: close the connection to remote address[] result: true
[${project.name}][${env:SERVER_PORT}] 2019-08-31 10:19:12,385 INFO [main][DirectJDKLog.java:173] - The APR based Apache Tomcat Native library which allows optimal performance in production environments was not found on the java.library.path: [C:\Program Files\Java\jdk1.8.0_171\bin;C:\WINDOWS\Sun\Java\bin;C:\WINDOWS\system32;C:\WINDOWS;C:\Program Files\Java\jdk1.8.0_171\bin;C:\Program Files (x86)\Common Files\Oracle\Java\javapath;C:\WINDOWS\system32;C:\WINDOWS;C:\WINDOWS\System32\Wbem;C:\WINDOWS\System32\WindowsPowerShell\v1.0\;C:\Program Files\MySQL\MySQL Utilities 1.6\;C:\WINDOWS\System32\OpenSSH\;C:\Program Files\Git\cmd;C:\Program Files\TortoiseGit\bin;C:\Program Files\nodejs\;C:\Ruby26-x64\bin;C:\Users\apple\AppData\Local\Microsoft\WindowsApps;E:\apache-maven-3.5.4\bin;C:\Users\apple\AppData\Roaming\npm;.]
[${project.name}][${env:SERVER_PORT}] 2019-08-31 10:19:12,571 INFO [main][ExecutorConfigurationSupport.java:171] - Initializing ExecutorService 'applicationTaskExecutor'
[${project.name}][${env:SERVER_PORT}] 2019-08-31 10:19:12,652 INFO [main][DirectJDKLog.java:173] - Initializing Spring embedded WebApplicationContext
[${project.name}][${env:SERVER_PORT}] 2019-08-31 10:19:12,653 INFO [main][ServletWebServerApplicationContext.java:296] - Root WebApplicationContext: initialization completed in 7719 ms
[${project.name}][${env:SERVER_PORT}] 2019-08-31 10:19:12,734 INFO [main][UserDetailsServiceAutoConfiguration.java:86] - 

Using generated security password: ea8837ea-67bd-49f3-affd-26b4d006f8db

[${project.name}][${env:SERVER_PORT}] 2019-08-31 10:19:12,919 WARN [main][URLConfigurationSource.java:121] - No URLs will be polled as dynamic configuration sources.
[${project.name}][${env:SERVER_PORT}] 2019-08-31 10:19:12,920 INFO [main][URLConfigurationSource.java:122] - To enable URLs as dynamic configuration sources, define System property archaius.configurationSource.additionalUrls or make config.properties available on classpath.
[${project.name}][${env:SERVER_PORT}] 2019-08-31 10:19:12,945 INFO [main][DynamicPropertyFactory.java:281] - DynamicPropertyFactory is initialized with configuration sources: com.netflix.config.ConcurrentCompositeConfiguration@3e39e0fb
[${project.name}][${env:SERVER_PORT}] 2019-08-31 10:19:13,061 INFO [main][DefaultSecurityFilterChain.java:43] - Creating filter chain: any request, [org.springframework.security.web.context.request.async.WebAsyncManagerIntegrationFilter@160cf225, org.springframework.security.web.context.SecurityContextPersistenceFilter@46507dda, org.springframework.security.web.header.HeaderWriterFilter@32068aef, org.springframework.security.web.authentication.logout.LogoutFilter@51f009ef, org.springframework.security.oauth2.provider.authentication.OAuth2AuthenticationProcessingFilter@5e557671, org.springframework.security.web.savedrequest.RequestCacheAwareFilter@66f5770e, org.springframework.security.web.servletapi.SecurityContextHolderAwareRequestFilter@e47637c, org.springframework.security.web.authentication.AnonymousAuthenticationFilter@6a262980, org.springframework.security.web.session.SessionManagementFilter@1885905b, org.springframework.security.web.access.ExceptionTranslationFilter@37b1218, org.springframework.security.web.access.intercept.FilterSecurityInterceptor@1f1e15de]
[${project.name}][${env:SERVER_PORT}] 2019-08-31 10:19:13,240 INFO [main][DruidDataSourceAutoConfigure.java:56] - Init DruidDataSource
