[wanxinp2p-transaction-service][${env:SERVER_PORT}] 2019-09-24 16:00:12,089 ERROR [http-nio-53060-exec-5][GlobalExceptionHandler.java:45] - 【系统异常】{}
feign.RetryableException: Read timed out executing POST http://depository-agent-service/depository-agent/l/createProject
	at feign.FeignException.errorExecuting(FeignException.java:84)
	at feign.SynchronousMethodHandler.executeAndDecode(SynchronousMethodHandler.java:113)
	at feign.SynchronousMethodHandler.invoke(SynchronousMethodHandler.java:78)
	at feign.ReflectiveFeign$FeignInvocationHandler.invoke(ReflectiveFeign.java:103)
	at com.sun.proxy.$Proxy158.createProject(Unknown Source)
	at cn.itcast.wanxinp2p.transaction.service.ProjectServiceImpl.projectsApprovalStatus(ProjectServiceImpl.java:151)
	at cn.itcast.wanxinp2p.transaction.service.ProjectServiceImpl$$FastClassBySpringCGLIB$$997f0e9f.invoke(<generated>)
	at org.springframework.cglib.proxy.MethodProxy.invoke(MethodProxy.java:218)
	at org.springframework.aop.framework.CglibAopProxy$DynamicAdvisedInterceptor.intercept(CglibAopProxy.java:684)
	at cn.itcast.wanxinp2p.transaction.service.ProjectServiceImpl$$EnhancerBySpringCGLIB$$4203352c.projectsApprovalStatus(<generated>)
	at cn.itcast.wanxinp2p.transaction.controller.TransactionController.projectsApprovalStatus(TransactionController.java:67)
	at sun.reflect.NativeMethodAccessorImpl.invoke0(Native Method)
	at sun.reflect.NativeMethodAccessorImpl.invoke(NativeMethodAccessorImpl.java:62)
	at sun.reflect.DelegatingMethodAccessorImpl.invoke(DelegatingMethodAccessorImpl.java:43)
	at java.lang.reflect.Method.invoke(Method.java:498)
	at org.springframework.web.method.support.InvocableHandlerMethod.doInvoke(InvocableHandlerMethod.java:189)
	at org.springframework.web.method.support.InvocableHandlerMethod.invokeForRequest(InvocableHandlerMethod.java:138)
	at org.springframework.web.servlet.mvc.method.annotation.ServletInvocableHandlerMethod.invokeAndHandle(ServletInvocableHandlerMethod.java:102)
	at org.springframework.web.servlet.mvc.method.annotation.RequestMappingHandlerAdapter.invokeHandlerMethod(RequestMappingHandlerAdapter.java:895)
	at org.springframework.web.servlet.mvc.method.annotation.RequestMappingHandlerAdapter.handleInternal(RequestMappingHandlerAdapter.java:800)
	at org.springframework.web.servlet.mvc.method.AbstractHandlerMethodAdapter.handle(AbstractHandlerMethodAdapter.java:87)
	at org.springframework.web.servlet.DispatcherServlet.doDispatch(DispatcherServlet.java:1038)
	at org.springframework.web.servlet.DispatcherServlet.doService(DispatcherServlet.java:942)
	at org.springframework.web.servlet.FrameworkServlet.processRequest(FrameworkServlet.java:1005)
	at org.springframework.web.servlet.FrameworkServlet.doPut(FrameworkServlet.java:919)
	at javax.servlet.http.HttpServlet.service(HttpServlet.java:663)
	at org.springframework.web.servlet.FrameworkServlet.service(FrameworkServlet.java:882)
	at javax.servlet.http.HttpServlet.service(HttpServlet.java:741)
	at org.apache.catalina.core.ApplicationFilterChain.internalDoFilter(ApplicationFilterChain.java:231)
	at org.apache.catalina.core.ApplicationFilterChain.doFilter(ApplicationFilterChain.java:166)
	at org.apache.tomcat.websocket.server.WsFilter.doFilter(WsFilter.java:53)
	at org.apache.catalina.core.ApplicationFilterChain.internalDoFilter(ApplicationFilterChain.java:193)
	at org.apache.catalina.core.ApplicationFilterChain.doFilter(ApplicationFilterChain.java:166)
	at org.springframework.boot.actuate.web.trace.servlet.HttpTraceFilter.doFilterInternal(HttpTraceFilter.java:90)
	at org.springframework.web.filter.OncePerRequestFilter.doFilter(OncePerRequestFilter.java:107)
	at org.apache.catalina.core.ApplicationFilterChain.internalDoFilter(ApplicationFilterChain.java:193)
	at org.apache.catalina.core.ApplicationFilterChain.doFilter(ApplicationFilterChain.java:166)
	at org.springframework.web.filter.RequestContextFilter.doFilterInternal(RequestContextFilter.java:99)
	at org.springframework.web.filter.OncePerRequestFilter.doFilter(OncePerRequestFilter.java:107)
	at org.apache.catalina.core.ApplicationFilterChain.internalDoFilter(ApplicationFilterChain.java:193)
	at org.apache.catalina.core.ApplicationFilterChain.doFilter(ApplicationFilterChain.java:166)
	at org.springframework.web.filter.FormContentFilter.doFilterInternal(FormContentFilter.java:92)
	at org.springframework.web.filter.OncePerRequestFilter.doFilter(OncePerRequestFilter.java:107)
	at org.apache.catalina.core.ApplicationFilterChain.internalDoFilter(ApplicationFilterChain.java:193)
	at org.apache.catalina.core.ApplicationFilterChain.doFilter(ApplicationFilterChain.java:166)
	at org.springframework.web.filter.HiddenHttpMethodFilter.doFilterInternal(HiddenHttpMethodFilter.java:93)
	at org.springframework.web.filter.OncePerRequestFilter.doFilter(OncePerRequestFilter.java:107)
	at org.apache.catalina.core.ApplicationFilterChain.internalDoFilter(ApplicationFilterChain.java:193)
	at org.apache.catalina.core.ApplicationFilterChain.doFilter(ApplicationFilterChain.java:166)
	at org.springframework.boot.actuate.metrics.web.servlet.WebMvcMetricsFilter.filterAndRecordMetrics(WebMvcMetricsFilter.java:117)
	at org.springframework.boot.actuate.metrics.web.servlet.WebMvcMetricsFilter.doFilterInternal(WebMvcMetricsFilter.java:106)
	at org.springframework.web.filter.OncePerRequestFilter.doFilter(OncePerRequestFilter.java:107)
	at org.apache.catalina.core.ApplicationFilterChain.internalDoFilter(ApplicationFilterChain.java:193)
	at org.apache.catalina.core.ApplicationFilterChain.doFilter(ApplicationFilterChain.java:166)
	at org.springframework.web.filter.CharacterEncodingFilter.doFilterInternal(CharacterEncodingFilter.java:200)
	at org.springframework.web.filter.OncePerRequestFilter.doFilter(OncePerRequestFilter.java:107)
	at org.apache.catalina.core.ApplicationFilterChain.internalDoFilter(ApplicationFilterChain.java:193)
	at org.apache.catalina.core.ApplicationFilterChain.doFilter(ApplicationFilterChain.java:166)
	at org.apache.catalina.core.StandardWrapperValve.invoke(StandardWrapperValve.java:200)
	at org.apache.catalina.core.StandardContextValve.invoke(StandardContextValve.java:96)
	at org.apache.catalina.authenticator.AuthenticatorBase.invoke(AuthenticatorBase.java:490)
	at org.apache.catalina.core.StandardHostValve.invoke(StandardHostValve.java:139)
	at org.apache.catalina.valves.ErrorReportValve.invoke(ErrorReportValve.java:92)
	at org.apache.catalina.core.StandardEngineValve.invoke(StandardEngineValve.java:74)
	at org.apache.catalina.connector.CoyoteAdapter.service(CoyoteAdapter.java:343)
	at org.apache.coyote.http11.Http11Processor.service(Http11Processor.java:408)
	at org.apache.coyote.AbstractProcessorLight.process(AbstractProcessorLight.java:66)
	at org.apache.coyote.AbstractProtocol$ConnectionHandler.process(AbstractProtocol.java:834)
	at org.apache.tomcat.util.net.NioEndpoint$SocketProcessor.doRun(NioEndpoint.java:1415)
	at org.apache.tomcat.util.net.SocketProcessorBase.run(SocketProcessorBase.java:49)
	at java.util.concurrent.ThreadPoolExecutor.runWorker(ThreadPoolExecutor.java:1149)
	at java.util.concurrent.ThreadPoolExecutor$Worker.run(ThreadPoolExecutor.java:624)
	at org.apache.tomcat.util.threads.TaskThread$WrappingRunnable.run(TaskThread.java:61)
	at java.lang.Thread.run(Thread.java:748)
Caused by: java.net.SocketTimeoutException: Read timed out
	at java.net.SocketInputStream.socketRead0(Native Method)
	at java.net.SocketInputStream.socketRead(SocketInputStream.java:116)
	at java.net.SocketInputStream.read(SocketInputStream.java:171)
	at java.net.SocketInputStream.read(SocketInputStream.java:141)
	at java.io.BufferedInputStream.fill(BufferedInputStream.java:246)
	at java.io.BufferedInputStream.read1(BufferedInputStream.java:286)
	at java.io.BufferedInputStream.read(BufferedInputStream.java:345)
	at sun.net.www.http.HttpClient.parseHTTPHeader(HttpClient.java:735)
	at sun.net.www.http.HttpClient.parseHTTP(HttpClient.java:678)
	at sun.net.www.protocol.http.HttpURLConnection.getInputStream0(HttpURLConnection.java:1587)
	at sun.net.www.protocol.http.HttpURLConnection.getInputStream(HttpURLConnection.java:1492)
	at java.net.HttpURLConnection.getResponseCode(HttpURLConnection.java:480)
	at feign.Client$Default.convertResponse(Client.java:143)
	at feign.Client$Default.execute(Client.java:68)
	at org.springframework.cloud.openfeign.ribbon.RetryableFeignLoadBalancer$1.doWithRetry(RetryableFeignLoadBalancer.java:103)
	at org.springframework.cloud.openfeign.ribbon.RetryableFeignLoadBalancer$1.doWithRetry(RetryableFeignLoadBalancer.java:88)
	at org.springframework.retry.support.RetryTemplate.doExecute(RetryTemplate.java:287)
	at org.springframework.retry.support.RetryTemplate.execute(RetryTemplate.java:180)
	at org.springframework.cloud.openfeign.ribbon.RetryableFeignLoadBalancer.execute(RetryableFeignLoadBalancer.java:88)
	at org.springframework.cloud.openfeign.ribbon.RetryableFeignLoadBalancer.execute(RetryableFeignLoadBalancer.java:54)
	at com.netflix.client.AbstractLoadBalancerAwareClient$1.call(AbstractLoadBalancerAwareClient.java:104)
	at com.netflix.loadbalancer.reactive.LoadBalancerCommand$3$1.call(LoadBalancerCommand.java:303)
	at com.netflix.loadbalancer.reactive.LoadBalancerCommand$3$1.call(LoadBalancerCommand.java:287)
	at rx.internal.util.ScalarSynchronousObservable$3.call(ScalarSynchronousObservable.java:231)
	at rx.internal.util.ScalarSynchronousObservable$3.call(ScalarSynchronousObservable.java:228)
	at rx.Observable.unsafeSubscribe(Observable.java:10327)
	at rx.internal.operators.OperatorRetryWithPredicate$SourceSubscriber$1.call(OperatorRetryWithPredicate.java:127)
	at rx.internal.schedulers.TrampolineScheduler$InnerCurrentThreadScheduler.enqueue(TrampolineScheduler.java:73)
	at rx.internal.schedulers.TrampolineScheduler$InnerCurrentThreadScheduler.schedule(TrampolineScheduler.java:52)
	at rx.internal.operators.OperatorRetryWithPredicate$SourceSubscriber.onNext(OperatorRetryWithPredicate.java:79)
	at rx.internal.operators.OperatorRetryWithPredicate$SourceSubscriber.onNext(OperatorRetryWithPredicate.java:45)
	at rx.internal.util.ScalarSynchronousObservable$WeakSingleProducer.request(ScalarSynchronousObservable.java:276)
	at rx.Subscriber.setProducer(Subscriber.java:209)
	at rx.internal.util.ScalarSynchronousObservable$JustOnSubscribe.call(ScalarSynchronousObservable.java:138)
	at rx.internal.util.ScalarSynchronousObservable$JustOnSubscribe.call(ScalarSynchronousObservable.java:129)
	at rx.internal.operators.OnSubscribeLift.call(OnSubscribeLift.java:48)
	at rx.internal.operators.OnSubscribeLift.call(OnSubscribeLift.java:30)
	at rx.Observable.unsafeSubscribe(Observable.java:10327)
	at rx.internal.operators.OnSubscribeConcatMap$ConcatMapSubscriber.drain(OnSubscribeConcatMap.java:286)
	at rx.internal.operators.OnSubscribeConcatMap$ConcatMapSubscriber.onNext(OnSubscribeConcatMap.java:144)
	at com.netflix.loadbalancer.reactive.LoadBalancerCommand$1.call(LoadBalancerCommand.java:185)
	at com.netflix.loadbalancer.reactive.LoadBalancerCommand$1.call(LoadBalancerCommand.java:180)
	at rx.Observable.unsafeSubscribe(Observable.java:10327)
	at rx.internal.operators.OnSubscribeConcatMap.call(OnSubscribeConcatMap.java:94)
	at rx.internal.operators.OnSubscribeConcatMap.call(OnSubscribeConcatMap.java:42)
	at rx.Observable.unsafeSubscribe(Observable.java:10327)
	at rx.internal.operators.OperatorRetryWithPredicate$SourceSubscriber$1.call(OperatorRetryWithPredicate.java:127)
	at rx.internal.schedulers.TrampolineScheduler$InnerCurrentThreadScheduler.enqueue(TrampolineScheduler.java:73)
	at rx.internal.schedulers.TrampolineScheduler$InnerCurrentThreadScheduler.schedule(TrampolineScheduler.java:52)
	at rx.internal.operators.OperatorRetryWithPredicate$SourceSubscriber.onNext(OperatorRetryWithPredicate.java:79)
	at rx.internal.operators.OperatorRetryWithPredicate$SourceSubscriber.onNext(OperatorRetryWithPredicate.java:45)
	at rx.internal.util.ScalarSynchronousObservable$WeakSingleProducer.request(ScalarSynchronousObservable.java:276)
	at rx.Subscriber.setProducer(Subscriber.java:209)
	at rx.internal.util.ScalarSynchronousObservable$JustOnSubscribe.call(ScalarSynchronousObservable.java:138)
	at rx.internal.util.ScalarSynchronousObservable$JustOnSubscribe.call(ScalarSynchronousObservable.java:129)
	at rx.internal.operators.OnSubscribeLift.call(OnSubscribeLift.java:48)
	at rx.internal.operators.OnSubscribeLift.call(OnSubscribeLift.java:30)
	at rx.internal.operators.OnSubscribeLift.call(OnSubscribeLift.java:48)
	at rx.internal.operators.OnSubscribeLift.call(OnSubscribeLift.java:30)
	at rx.internal.operators.OnSubscribeLift.call(OnSubscribeLift.java:48)
	at rx.internal.operators.OnSubscribeLift.call(OnSubscribeLift.java:30)
	at rx.Observable.subscribe(Observable.java:10423)
	at rx.Observable.subscribe(Observable.java:10390)
	at rx.observables.BlockingObservable.blockForSingle(BlockingObservable.java:443)
	at rx.observables.BlockingObservable.single(BlockingObservable.java:340)
	at com.netflix.client.AbstractLoadBalancerAwareClient.executeWithLoadBalancer(AbstractLoadBalancerAwareClient.java:112)
	at org.springframework.cloud.openfeign.ribbon.LoadBalancerFeignClient.execute(LoadBalancerFeignClient.java:65)
	at feign.SynchronousMethodHandler.executeAndDecode(SynchronousMethodHandler.java:108)
	... 72 more
[wanxinp2p-transaction-service][${env:SERVER_PORT}] 2019-09-24 16:00:23,754 WARN [Apollo-RemoteConfigRepository-1][RemoteConfigRepository.java:194] - Load config failed, will retry in 1 SECONDS. appId: transaction-service, cluster: DEFAULT, namespaces: micro_service.spring-cloud-feign
[wanxinp2p-transaction-service][${env:SERVER_PORT}] 2019-09-24 16:00:24,766 WARN [Apollo-RemoteConfigRepository-1][AbstractConfigRepository.java:26] - Sync config failed, will retry. Repository class com.ctrip.framework.apollo.internals.RemoteConfigRepository, reason: Load Apollo Config failed - appId: transaction-service, cluster: DEFAULT, namespace: micro_service.spring-cloud-feign, url: http://192.168.2.153:8080/configs/transaction-service/DEFAULT/micro_service.spring-cloud-feign?ip=192.168.2.153&messages=%7B%22details%22%3A%7B%22transaction-service%2Bdefault%2Bmicro_service.spring-cloud-feign%22%3A285%2C%22common-template%2Bdefault%2Bmicro_service.spring-cloud-feign%22%3A403%7D%7D [Cause: [status code: 404] Could not find config for namespace - appId: transaction-service, cluster: DEFAULT, namespace: micro_service.spring-cloud-feign, please check whether the configs are released in Apollo!]
[wanxinp2p-transaction-service][${env:SERVER_PORT}] 2019-09-24 16:00:42,485 INFO [AsyncResolver-bootstrap-executor-0][ConfigClusterResolver.java:43] - Resolving eureka endpoints via configuration
[wanxinp2p-transaction-service][${env:SERVER_PORT}] 2019-09-24 16:04:11,548 DEBUG [http-nio-53060-exec-4][BaseJdbcLogger.java:159] - ==>  Preparing: SELECT ID,CONSUMER_ID,USER_NO,PROJECT_NO,NAME,DESCRIPTION,TYPE,PERIOD,ANNUAL_RATE,BORROWER_ANNUAL_RATE,COMMISSION_ANNUAL_RATE,REPAYMENT_WAY,AMOUNT,PROJECT_STATUS,CREATE_DATE,STATUS,IS_ASSIGNMENT FROM project WHERE ID=? 
[wanxinp2p-transaction-service][${env:SERVER_PORT}] 2019-09-24 16:04:11,564 DEBUG [http-nio-53060-exec-4][BaseJdbcLogger.java:159] - ==> Parameters: 2144527401414811650(Long)
[wanxinp2p-transaction-service][${env:SERVER_PORT}] 2019-09-24 16:04:11,568 INFO [http-nio-53060-exec-4][SQLLogger.java:89] - Rule Type: sharding
[wanxinp2p-transaction-service][${env:SERVER_PORT}] 2019-09-24 16:04:11,569 INFO [http-nio-53060-exec-4][SQLLogger.java:89] - Logic SQL: SELECT ID,CONSUMER_ID,USER_NO,PROJECT_NO,NAME,DESCRIPTION,TYPE,PERIOD,ANNUAL_RATE,BORROWER_ANNUAL_RATE,COMMISSION_ANNUAL_RATE,REPAYMENT_WAY,AMOUNT,PROJECT_STATUS,CREATE_DATE,STATUS,IS_ASSIGNMENT FROM project WHERE ID=?
[wanxinp2p-transaction-service][${env:SERVER_PORT}] 2019-09-24 16:04:11,569 INFO [http-nio-53060-exec-4][SQLLogger.java:89] - SQLStatement: SelectStatement(super=DQLStatement(super=AbstractSQLStatement(type=DQL, tables=Tables(tables=[Table(name=project, alias=Optional.absent())]), routeConditions=Conditions(orCondition=OrCondition(andConditions=[AndCondition(conditions=[Condition(column=Column(name=ID, tableName=project), operator=EQUAL, compareOperator==, positionValueMap={}, positionIndexMap={0=0})])])), encryptConditions=Conditions(orCondition=OrCondition(andConditions=[])), sqlTokens=[TableToken(tableName=project, quoteCharacter=NONE, schemaNameLength=0)], parametersIndex=1, logicSQL=SELECT ID,CONSUMER_ID,USER_NO,PROJECT_NO,NAME,DESCRIPTION,TYPE,PERIOD,ANNUAL_RATE,BORROWER_ANNUAL_RATE,COMMISSION_ANNUAL_RATE,REPAYMENT_WAY,AMOUNT,PROJECT_STATUS,CREATE_DATE,STATUS,IS_ASSIGNMENT FROM project WHERE ID=?)), containStar=false, firstSelectItemStartIndex=7, selectListStopIndex=193, groupByLastIndex=0, items=[CommonSelectItem(expression=ID, alias=Optional.absent()), CommonSelectItem(expression=CONSUMER_ID, alias=Optional.absent()), CommonSelectItem(expression=USER_NO, alias=Optional.absent()), CommonSelectItem(expression=PROJECT_NO, alias=Optional.absent()), CommonSelectItem(expression=NAME, alias=Optional.absent()), CommonSelectItem(expression=DESCRIPTION, alias=Optional.absent()), CommonSelectItem(expression=TYPE, alias=Optional.absent()), CommonSelectItem(expression=PERIOD, alias=Optional.absent()), CommonSelectItem(expression=ANNUAL_RATE, alias=Optional.absent()), CommonSelectItem(expression=BORROWER_ANNUAL_RATE, alias=Optional.absent()), CommonSelectItem(expression=COMMISSION_ANNUAL_RATE, alias=Optional.absent()), CommonSelectItem(expression=REPAYMENT_WAY, alias=Optional.absent()), CommonSelectItem(expression=AMOUNT, alias=Optional.absent()), CommonSelectItem(expression=PROJECT_STATUS, alias=Optional.absent()), CommonSelectItem(expression=CREATE_DATE, alias=Optional.absent()), CommonSelectItem(expression=STATUS, alias=Optional.absent()), CommonSelectItem(expression=IS_ASSIGNMENT, alias=Optional.absent())], groupByItems=[], orderByItems=[], limit=null, subqueryStatement=null, subqueryStatements=[], subqueryConditions=[])
[wanxinp2p-transaction-service][${env:SERVER_PORT}] 2019-09-24 16:04:11,570 INFO [http-nio-53060-exec-4][SQLLogger.java:89] - Actual SQL: ds0 ::: SELECT ID,CONSUMER_ID,USER_NO,PROJECT_NO,NAME,DESCRIPTION,TYPE,PERIOD,ANNUAL_RATE,BORROWER_ANNUAL_RATE,COMMISSION_ANNUAL_RATE,REPAYMENT_WAY,AMOUNT,PROJECT_STATUS,CREATE_DATE,STATUS,IS_ASSIGNMENT FROM project_0 WHERE ID=? ::: [2144527401414811650]
[wanxinp2p-transaction-service][${env:SERVER_PORT}] 2019-09-24 16:04:11,571 INFO [http-nio-53060-exec-4][SQLLogger.java:89] - Actual SQL: ds1 ::: SELECT ID,CONSUMER_ID,USER_NO,PROJECT_NO,NAME,DESCRIPTION,TYPE,PERIOD,ANNUAL_RATE,BORROWER_ANNUAL_RATE,COMMISSION_ANNUAL_RATE,REPAYMENT_WAY,AMOUNT,PROJECT_STATUS,CREATE_DATE,STATUS,IS_ASSIGNMENT FROM project_0 WHERE ID=? ::: [2144527401414811650]
[wanxinp2p-transaction-service][${env:SERVER_PORT}] 2019-09-24 16:04:11,610 DEBUG [http-nio-53060-exec-4][BaseJdbcLogger.java:159] - <==      Total: 1
[wanxinp2p-transaction-service][${env:SERVER_PORT}] 2019-09-24 16:04:31,640 ERROR [http-nio-53060-exec-4][GlobalExceptionHandler.java:45] - 【系统异常】{}
feign.RetryableException: Read timed out executing POST http://depository-agent-service/depository-agent/l/createProject
	at feign.FeignException.errorExecuting(FeignException.java:84)
	at feign.SynchronousMethodHandler.executeAndDecode(SynchronousMethodHandler.java:113)
	at feign.SynchronousMethodHandler.invoke(SynchronousMethodHandler.java:78)
	at feign.ReflectiveFeign$FeignInvocationHandler.invoke(ReflectiveFeign.java:103)
	at com.sun.proxy.$Proxy158.createProject(Unknown Source)
	at cn.itcast.wanxinp2p.transaction.service.ProjectServiceImpl.projectsApprovalStatus(ProjectServiceImpl.java:151)
	at cn.itcast.wanxinp2p.transaction.service.ProjectServiceImpl$$FastClassBySpringCGLIB$$997f0e9f.invoke(<generated>)
	at org.springframework.cglib.proxy.MethodProxy.invoke(MethodProxy.java:218)
	at org.springframework.aop.framework.CglibAopProxy$DynamicAdvisedInterceptor.intercept(CglibAopProxy.java:684)
	at cn.itcast.wanxinp2p.transaction.service.ProjectServiceImpl$$EnhancerBySpringCGLIB$$4203352c.projectsApprovalStatus(<generated>)
	at cn.itcast.wanxinp2p.transaction.controller.TransactionController.projectsApprovalStatus(TransactionController.java:67)
	at sun.reflect.NativeMethodAccessorImpl.invoke0(Native Method)
	at sun.reflect.NativeMethodAccessorImpl.invoke(NativeMethodAccessorImpl.java:62)
	at sun.reflect.DelegatingMethodAccessorImpl.invoke(DelegatingMethodAccessorImpl.java:43)
	at java.lang.reflect.Method.invoke(Method.java:498)
	at org.springframework.web.method.support.InvocableHandlerMethod.doInvoke(InvocableHandlerMethod.java:189)
	at org.springframework.web.method.support.InvocableHandlerMethod.invokeForRequest(InvocableHandlerMethod.java:138)
	at org.springframework.web.servlet.mvc.method.annotation.ServletInvocableHandlerMethod.invokeAndHandle(ServletInvocableHandlerMethod.java:102)
	at org.springframework.web.servlet.mvc.method.annotation.RequestMappingHandlerAdapter.invokeHandlerMethod(RequestMappingHandlerAdapter.java:895)
	at org.springframework.web.servlet.mvc.method.annotation.RequestMappingHandlerAdapter.handleInternal(RequestMappingHandlerAdapter.java:800)
	at org.springframework.web.servlet.mvc.method.AbstractHandlerMethodAdapter.handle(AbstractHandlerMethodAdapter.java:87)
	at org.springframework.web.servlet.DispatcherServlet.doDispatch(DispatcherServlet.java:1038)
	at org.springframework.web.servlet.DispatcherServlet.doService(DispatcherServlet.java:942)
	at org.springframework.web.servlet.FrameworkServlet.processRequest(FrameworkServlet.java:1005)
	at org.springframework.web.servlet.FrameworkServlet.doPut(FrameworkServlet.java:919)
	at javax.servlet.http.HttpServlet.service(HttpServlet.java:663)
	at org.springframework.web.servlet.FrameworkServlet.service(FrameworkServlet.java:882)
	at javax.servlet.http.HttpServlet.service(HttpServlet.java:741)
	at org.apache.catalina.core.ApplicationFilterChain.internalDoFilter(ApplicationFilterChain.java:231)
	at org.apache.catalina.core.ApplicationFilterChain.doFilter(ApplicationFilterChain.java:166)
	at org.apache.tomcat.websocket.server.WsFilter.doFilter(WsFilter.java:53)
	at org.apache.catalina.core.ApplicationFilterChain.internalDoFilter(ApplicationFilterChain.java:193)
	at org.apache.catalina.core.ApplicationFilterChain.doFilter(ApplicationFilterChain.java:166)
	at org.springframework.boot.actuate.web.trace.servlet.HttpTraceFilter.doFilterInternal(HttpTraceFilter.java:90)
	at org.springframework.web.filter.OncePerRequestFilter.doFilter(OncePerRequestFilter.java:107)
	at org.apache.catalina.core.ApplicationFilterChain.internalDoFilter(ApplicationFilterChain.java:193)
	at org.apache.catalina.core.ApplicationFilterChain.doFilter(ApplicationFilterChain.java:166)
	at org.springframework.web.filter.RequestContextFilter.doFilterInternal(RequestContextFilter.java:99)
	at org.springframework.web.filter.OncePerRequestFilter.doFilter(OncePerRequestFilter.java:107)
	at org.apache.catalina.core.ApplicationFilterChain.internalDoFilter(ApplicationFilterChain.java:193)
	at org.apache.catalina.core.ApplicationFilterChain.doFilter(ApplicationFilterChain.java:166)
	at org.springframework.web.filter.FormContentFilter.doFilterInternal(FormContentFilter.java:92)
	at org.springframework.web.filter.OncePerRequestFilter.doFilter(OncePerRequestFilter.java:107)
	at org.apache.catalina.core.ApplicationFilterChain.internalDoFilter(ApplicationFilterChain.java:193)
	at org.apache.catalina.core.ApplicationFilterChain.doFilter(ApplicationFilterChain.java:166)
	at org.springframework.web.filter.HiddenHttpMethodFilter.doFilterInternal(HiddenHttpMethodFilter.java:93)
	at org.springframework.web.filter.OncePerRequestFilter.doFilter(OncePerRequestFilter.java:107)
	at org.apache.catalina.core.ApplicationFilterChain.internalDoFilter(ApplicationFilterChain.java:193)
	at org.apache.catalina.core.ApplicationFilterChain.doFilter(ApplicationFilterChain.java:166)
	at org.springframework.boot.actuate.metrics.web.servlet.WebMvcMetricsFilter.filterAndRecordMetrics(WebMvcMetricsFilter.java:117)
	at org.springframework.boot.actuate.metrics.web.servlet.WebMvcMetricsFilter.doFilterInternal(WebMvcMetricsFilter.java:106)
	at org.springframework.web.filter.OncePerRequestFilter.doFilter(OncePerRequestFilter.java:107)
	at org.apache.catalina.core.ApplicationFilterChain.internalDoFilter(ApplicationFilterChain.java:193)
	at org.apache.catalina.core.ApplicationFilterChain.doFilter(ApplicationFilterChain.java:166)
	at org.springframework.web.filter.CharacterEncodingFilter.doFilterInternal(CharacterEncodingFilter.java:200)
	at org.springframework.web.filter.OncePerRequestFilter.doFilter(OncePerRequestFilter.java:107)
	at org.apache.catalina.core.ApplicationFilterChain.internalDoFilter(ApplicationFilterChain.java:193)
	at org.apache.catalina.core.ApplicationFilterChain.doFilter(ApplicationFilterChain.java:166)
	at org.apache.catalina.core.StandardWrapperValve.invoke(StandardWrapperValve.java:200)
	at org.apache.catalina.core.StandardContextValve.invoke(StandardContextValve.java:96)
	at org.apache.catalina.authenticator.AuthenticatorBase.invoke(AuthenticatorBase.java:490)
	at org.apache.catalina.core.StandardHostValve.invoke(StandardHostValve.java:139)
	at org.apache.catalina.valves.ErrorReportValve.invoke(ErrorReportValve.java:92)
	at org.apache.catalina.core.StandardEngineValve.invoke(StandardEngineValve.java:74)
	at org.apache.catalina.connector.CoyoteAdapter.service(CoyoteAdapter.java:343)
	at org.apache.coyote.http11.Http11Processor.service(Http11Processor.java:408)
	at org.apache.coyote.AbstractProcessorLight.process(AbstractProcessorLight.java:66)
	at org.apache.coyote.AbstractProtocol$ConnectionHandler.process(AbstractProtocol.java:834)
	at org.apache.tomcat.util.net.NioEndpoint$SocketProcessor.doRun(NioEndpoint.java:1415)
	at org.apache.tomcat.util.net.SocketProcessorBase.run(SocketProcessorBase.java:49)
	at java.util.concurrent.ThreadPoolExecutor.runWorker(ThreadPoolExecutor.java:1149)
	at java.util.concurrent.ThreadPoolExecutor$Worker.run(ThreadPoolExecutor.java:624)
	at org.apache.tomcat.util.threads.TaskThread$WrappingRunnable.run(TaskThread.java:61)
	at java.lang.Thread.run(Thread.java:748)
Caused by: java.net.SocketTimeoutException: Read timed out
	at java.net.SocketInputStream.socketRead0(Native Method)
	at java.net.SocketInputStream.socketRead(SocketInputStream.java:116)
	at java.net.SocketInputStream.read(SocketInputStream.java:171)
	at java.net.SocketInputStream.read(SocketInputStream.java:141)
	at java.io.BufferedInputStream.fill(BufferedInputStream.java:246)
	at java.io.BufferedInputStream.read1(BufferedInputStream.java:286)
	at java.io.BufferedInputStream.read(BufferedInputStream.java:345)
	at sun.net.www.http.HttpClient.parseHTTPHeader(HttpClient.java:735)
	at sun.net.www.http.HttpClient.parseHTTP(HttpClient.java:678)
	at sun.net.www.protocol.http.HttpURLConnection.getInputStream0(HttpURLConnection.java:1587)
	at sun.net.www.protocol.http.HttpURLConnection.getInputStream(HttpURLConnection.java:1492)
	at java.net.HttpURLConnection.getResponseCode(HttpURLConnection.java:480)
	at feign.Client$Default.convertResponse(Client.java:143)
	at feign.Client$Default.execute(Client.java:68)
	at org.springframework.cloud.openfeign.ribbon.RetryableFeignLoadBalancer$1.doWithRetry(RetryableFeignLoadBalancer.java:103)
	at org.springframework.cloud.openfeign.ribbon.RetryableFeignLoadBalancer$1.doWithRetry(RetryableFeignLoadBalancer.java:88)
	at org.springframework.retry.support.RetryTemplate.doExecute(RetryTemplate.java:287)
	at org.springframework.retry.support.RetryTemplate.execute(RetryTemplate.java:180)
	at org.springframework.cloud.openfeign.ribbon.RetryableFeignLoadBalancer.execute(RetryableFeignLoadBalancer.java:88)
	at org.springframework.cloud.openfeign.ribbon.RetryableFeignLoadBalancer.execute(RetryableFeignLoadBalancer.java:54)
	at com.netflix.client.AbstractLoadBalancerAwareClient$1.call(AbstractLoadBalancerAwareClient.java:104)
	at com.netflix.loadbalancer.reactive.LoadBalancerCommand$3$1.call(LoadBalancerCommand.java:303)
	at com.netflix.loadbalancer.reactive.LoadBalancerCommand$3$1.call(LoadBalancerCommand.java:287)
	at rx.internal.util.ScalarSynchronousObservable$3.call(ScalarSynchronousObservable.java:231)
	at rx.internal.util.ScalarSynchronousObservable$3.call(ScalarSynchronousObservable.java:228)
	at rx.Observable.unsafeSubscribe(Observable.java:10327)
	at rx.internal.operators.OperatorRetryWithPredicate$SourceSubscriber$1.call(OperatorRetryWithPredicate.java:127)
	at rx.internal.schedulers.TrampolineScheduler$InnerCurrentThreadScheduler.enqueue(TrampolineScheduler.java:73)
	at rx.internal.schedulers.TrampolineScheduler$InnerCurrentThreadScheduler.schedule(TrampolineScheduler.java:52)
	at rx.internal.operators.OperatorRetryWithPredicate$SourceSubscriber.onNext(OperatorRetryWithPredicate.java:79)
	at rx.internal.operators.OperatorRetryWithPredicate$SourceSubscriber.onNext(OperatorRetryWithPredicate.java:45)
	at rx.internal.util.ScalarSynchronousObservable$WeakSingleProducer.request(ScalarSynchronousObservable.java:276)
	at rx.Subscriber.setProducer(Subscriber.java:209)
	at rx.internal.util.ScalarSynchronousObservable$JustOnSubscribe.call(ScalarSynchronousObservable.java:138)
	at rx.internal.util.ScalarSynchronousObservable$JustOnSubscribe.call(ScalarSynchronousObservable.java:129)
	at rx.internal.operators.OnSubscribeLift.call(OnSubscribeLift.java:48)
	at rx.internal.operators.OnSubscribeLift.call(OnSubscribeLift.java:30)
	at rx.Observable.unsafeSubscribe(Observable.java:10327)
	at rx.internal.operators.OnSubscribeConcatMap$ConcatMapSubscriber.drain(OnSubscribeConcatMap.java:286)
	at rx.internal.operators.OnSubscribeConcatMap$ConcatMapSubscriber.onNext(OnSubscribeConcatMap.java:144)
	at com.netflix.loadbalancer.reactive.LoadBalancerCommand$1.call(LoadBalancerCommand.java:185)
	at com.netflix.loadbalancer.reactive.LoadBalancerCommand$1.call(LoadBalancerCommand.java:180)
	at rx.Observable.unsafeSubscribe(Observable.java:10327)
	at rx.internal.operators.OnSubscribeConcatMap.call(OnSubscribeConcatMap.java:94)
	at rx.internal.operators.OnSubscribeConcatMap.call(OnSubscribeConcatMap.java:42)
	at rx.Observable.unsafeSubscribe(Observable.java:10327)
	at rx.internal.operators.OperatorRetryWithPredicate$SourceSubscriber$1.call(OperatorRetryWithPredicate.java:127)
	at rx.internal.schedulers.TrampolineScheduler$InnerCurrentThreadScheduler.enqueue(TrampolineScheduler.java:73)
	at rx.internal.schedulers.TrampolineScheduler$InnerCurrentThreadScheduler.schedule(TrampolineScheduler.java:52)
	at rx.internal.operators.OperatorRetryWithPredicate$SourceSubscriber.onNext(OperatorRetryWithPredicate.java:79)
	at rx.internal.operators.OperatorRetryWithPredicate$SourceSubscriber.onNext(OperatorRetryWithPredicate.java:45)
	at rx.internal.util.ScalarSynchronousObservable$WeakSingleProducer.request(ScalarSynchronousObservable.java:276)
	at rx.Subscriber.setProducer(Subscriber.java:209)
	at rx.internal.util.ScalarSynchronousObservable$JustOnSubscribe.call(ScalarSynchronousObservable.java:138)
	at rx.internal.util.ScalarSynchronousObservable$JustOnSubscribe.call(ScalarSynchronousObservable.java:129)
	at rx.internal.operators.OnSubscribeLift.call(OnSubscribeLift.java:48)
	at rx.internal.operators.OnSubscribeLift.call(OnSubscribeLift.java:30)
	at rx.internal.operators.OnSubscribeLift.call(OnSubscribeLift.java:48)
	at rx.internal.operators.OnSubscribeLift.call(OnSubscribeLift.java:30)
	at rx.internal.operators.OnSubscribeLift.call(OnSubscribeLift.java:48)
	at rx.internal.operators.OnSubscribeLift.call(OnSubscribeLift.java:30)
	at rx.Observable.subscribe(Observable.java:10423)
	at rx.Observable.subscribe(Observable.java:10390)
	at rx.observables.BlockingObservable.blockForSingle(BlockingObservable.java:443)
	at rx.observables.BlockingObservable.single(BlockingObservable.java:340)
	at com.netflix.client.AbstractLoadBalancerAwareClient.executeWithLoadBalancer(AbstractLoadBalancerAwareClient.java:112)
	at org.springframework.cloud.openfeign.ribbon.LoadBalancerFeignClient.execute(LoadBalancerFeignClient.java:65)
	at feign.SynchronousMethodHandler.executeAndDecode(SynchronousMethodHandler.java:108)
	... 72 more
[wanxinp2p-transaction-service][${env:SERVER_PORT}] 2019-09-24 16:05:23,752 WARN [Apollo-RemoteConfigRepository-1][RemoteConfigRepository.java:194] - Load config failed, will retry in 1 SECONDS. appId: transaction-service, cluster: DEFAULT, namespaces: micro_service.spring-cloud-feign
[wanxinp2p-transaction-service][${env:SERVER_PORT}] 2019-09-24 16:05:24,760 WARN [Apollo-RemoteConfigRepository-1][AbstractConfigRepository.java:26] - Sync config failed, will retry. Repository class com.ctrip.framework.apollo.internals.RemoteConfigRepository, reason: Load Apollo Config failed - appId: transaction-service, cluster: DEFAULT, namespace: micro_service.spring-cloud-feign, url: http://192.168.2.153:8080/configs/transaction-service/DEFAULT/micro_service.spring-cloud-feign?ip=192.168.2.153&messages=%7B%22details%22%3A%7B%22transaction-service%2Bdefault%2Bmicro_service.spring-cloud-feign%22%3A285%2C%22common-template%2Bdefault%2Bmicro_service.spring-cloud-feign%22%3A403%7D%7D [Cause: [status code: 404] Could not find config for namespace - appId: transaction-service, cluster: DEFAULT, namespace: micro_service.spring-cloud-feign, please check whether the configs are released in Apollo!]
[wanxinp2p-transaction-service][${env:SERVER_PORT}] 2019-09-24 16:05:42,488 INFO [AsyncResolver-bootstrap-executor-0][ConfigClusterResolver.java:43] - Resolving eureka endpoints via configuration
[wanxinp2p-transaction-service][${env:SERVER_PORT}] 2019-09-24 16:10:23,752 WARN [Apollo-RemoteConfigRepository-1][RemoteConfigRepository.java:194] - Load config failed, will retry in 1 SECONDS. appId: transaction-service, cluster: DEFAULT, namespaces: micro_service.spring-cloud-feign
[wanxinp2p-transaction-service][${env:SERVER_PORT}] 2019-09-24 16:10:24,761 WARN [Apollo-RemoteConfigRepository-1][AbstractConfigRepository.java:26] - Sync config failed, will retry. Repository class com.ctrip.framework.apollo.internals.RemoteConfigRepository, reason: Load Apollo Config failed - appId: transaction-service, cluster: DEFAULT, namespace: micro_service.spring-cloud-feign, url: http://192.168.2.153:8080/configs/transaction-service/DEFAULT/micro_service.spring-cloud-feign?ip=192.168.2.153&messages=%7B%22details%22%3A%7B%22transaction-service%2Bdefault%2Bmicro_service.spring-cloud-feign%22%3A285%2C%22common-template%2Bdefault%2Bmicro_service.spring-cloud-feign%22%3A403%7D%7D [Cause: [status code: 404] Could not find config for namespace - appId: transaction-service, cluster: DEFAULT, namespace: micro_service.spring-cloud-feign, please check whether the configs are released in Apollo!]
[wanxinp2p-transaction-service][${env:SERVER_PORT}] 2019-09-24 16:10:42,491 INFO [AsyncResolver-bootstrap-executor-0][ConfigClusterResolver.java:43] - Resolving eureka endpoints via configuration
[wanxinp2p-transaction-service][${env:SERVER_PORT}] 2019-09-24 16:15:23,753 WARN [Apollo-RemoteConfigRepository-1][RemoteConfigRepository.java:194] - Load config failed, will retry in 1 SECONDS. appId: transaction-service, cluster: DEFAULT, namespaces: micro_service.spring-cloud-feign
[wanxinp2p-transaction-service][${env:SERVER_PORT}] 2019-09-24 16:15:24,759 WARN [Apollo-RemoteConfigRepository-1][AbstractConfigRepository.java:26] - Sync config failed, will retry. Repository class com.ctrip.framework.apollo.internals.RemoteConfigRepository, reason: Load Apollo Config failed - appId: transaction-service, cluster: DEFAULT, namespace: micro_service.spring-cloud-feign, url: http://192.168.2.153:8080/configs/transaction-service/DEFAULT/micro_service.spring-cloud-feign?ip=192.168.2.153&messages=%7B%22details%22%3A%7B%22transaction-service%2Bdefault%2Bmicro_service.spring-cloud-feign%22%3A285%2C%22common-template%2Bdefault%2Bmicro_service.spring-cloud-feign%22%3A403%7D%7D [Cause: [status code: 404] Could not find config for namespace - appId: transaction-service, cluster: DEFAULT, namespace: micro_service.spring-cloud-feign, please check whether the configs are released in Apollo!]
[wanxinp2p-transaction-service][${env:SERVER_PORT}] 2019-09-24 16:15:42,498 INFO [AsyncResolver-bootstrap-executor-0][ConfigClusterResolver.java:43] - Resolving eureka endpoints via configuration
[wanxinp2p-transaction-service][${env:SERVER_PORT}] 2019-09-24 16:20:23,755 WARN [Apollo-RemoteConfigRepository-1][RemoteConfigRepository.java:194] - Load config failed, will retry in 1 SECONDS. appId: transaction-service, cluster: DEFAULT, namespaces: micro_service.spring-cloud-feign
[wanxinp2p-transaction-service][${env:SERVER_PORT}] 2019-09-24 16:20:24,780 WARN [Apollo-RemoteConfigRepository-1][AbstractConfigRepository.java:26] - Sync config failed, will retry. Repository class com.ctrip.framework.apollo.internals.RemoteConfigRepository, reason: Load Apollo Config failed - appId: transaction-service, cluster: DEFAULT, namespace: micro_service.spring-cloud-feign, url: http://192.168.2.153:8080/configs/transaction-service/DEFAULT/micro_service.spring-cloud-feign?ip=192.168.2.153&messages=%7B%22details%22%3A%7B%22transaction-service%2Bdefault%2Bmicro_service.spring-cloud-feign%22%3A285%2C%22common-template%2Bdefault%2Bmicro_service.spring-cloud-feign%22%3A403%7D%7D [Cause: [status code: 404] Could not find config for namespace - appId: transaction-service, cluster: DEFAULT, namespace: micro_service.spring-cloud-feign, please check whether the configs are released in Apollo!]
[wanxinp2p-transaction-service][${env:SERVER_PORT}] 2019-09-24 16:20:42,514 INFO [AsyncResolver-bootstrap-executor-0][ConfigClusterResolver.java:43] - Resolving eureka endpoints via configuration
[wanxinp2p-transaction-service][${env:SERVER_PORT}] 2019-09-24 16:39:53,358 INFO [DiscoveryClient-HeartbeatExecutor-0][DiscoveryClient.java:850] - DiscoveryClient_TRANSACTION-SERVICE/transaction-service:192.168.2.153:53060 - Re-registering apps/TRANSACTION-SERVICE
[wanxinp2p-transaction-service][${env:SERVER_PORT}] 2019-09-24 16:39:53,359 INFO [DiscoveryClient-HeartbeatExecutor-0][DiscoveryClient.java:826] - DiscoveryClient_TRANSACTION-SERVICE/transaction-service:192.168.2.153:53060: registering service...
[wanxinp2p-transaction-service][${env:SERVER_PORT}] 2019-09-24 16:39:53,365 INFO [DiscoveryClient-HeartbeatExecutor-0][DiscoveryClient.java:835] - DiscoveryClient_TRANSACTION-SERVICE/transaction-service:192.168.2.153:53060 - registration status: 204
[wanxinp2p-transaction-service][${env:SERVER_PORT}] 2019-09-24 16:42:01,956 WARN [Apollo-RemoteConfigRepository-1][RemoteConfigRepository.java:194] - Load config failed, will retry in 1 SECONDS. appId: transaction-service, cluster: DEFAULT, namespaces: micro_service.spring-cloud-feign
[wanxinp2p-transaction-service][${env:SERVER_PORT}] 2019-09-24 16:42:02,965 WARN [Apollo-RemoteConfigRepository-1][AbstractConfigRepository.java:26] - Sync config failed, will retry. Repository class com.ctrip.framework.apollo.internals.RemoteConfigRepository, reason: Load Apollo Config failed - appId: transaction-service, cluster: DEFAULT, namespace: micro_service.spring-cloud-feign, url: http://192.168.2.153:8080/configs/transaction-service/DEFAULT/micro_service.spring-cloud-feign?ip=192.168.2.153&messages=%7B%22details%22%3A%7B%22transaction-service%2Bdefault%2Bmicro_service.spring-cloud-feign%22%3A285%2C%22common-template%2Bdefault%2Bmicro_service.spring-cloud-feign%22%3A403%7D%7D [Cause: [status code: 404] Could not find config for namespace - appId: transaction-service, cluster: DEFAULT, namespace: micro_service.spring-cloud-feign, please check whether the configs are released in Apollo!]
[wanxinp2p-transaction-service][${env:SERVER_PORT}] 2019-09-24 16:42:03,346 DEBUG [http-nio-53060-exec-6][BaseJdbcLogger.java:159] - ==>  Preparing: SELECT COUNT(1) FROM project WHERE PROJECT_STATUS = ? 
[wanxinp2p-transaction-service][${env:SERVER_PORT}] 2019-09-24 16:42:03,349 DEBUG [http-nio-53060-exec-6][BaseJdbcLogger.java:159] - ==> Parameters: FULLY(String)
[wanxinp2p-transaction-service][${env:SERVER_PORT}] 2019-09-24 16:42:03,351 INFO [http-nio-53060-exec-6][SQLLogger.java:89] - Rule Type: sharding
[wanxinp2p-transaction-service][${env:SERVER_PORT}] 2019-09-24 16:42:03,351 INFO [http-nio-53060-exec-6][SQLLogger.java:89] - Logic SQL: SELECT COUNT(1) FROM project WHERE PROJECT_STATUS = ?
[wanxinp2p-transaction-service][${env:SERVER_PORT}] 2019-09-24 16:42:03,352 INFO [http-nio-53060-exec-6][SQLLogger.java:89] - SQLStatement: SelectStatement(super=DQLStatement(super=AbstractSQLStatement(type=DQL, tables=Tables(tables=[Table(name=project, alias=Optional.absent())]), routeConditions=Conditions(orCondition=OrCondition(andConditions=[])), encryptConditions=Conditions(orCondition=OrCondition(andConditions=[])), sqlTokens=[TableToken(tableName=project, quoteCharacter=NONE, schemaNameLength=0)], parametersIndex=1, logicSQL=SELECT COUNT(1) FROM project WHERE PROJECT_STATUS = ?)), containStar=false, firstSelectItemStartIndex=7, selectListStopIndex=14, groupByLastIndex=0, items=[AggregationSelectItem(type=COUNT, innerExpression=(1), alias=Optional.absent(), derivedAggregationSelectItems=[], index=1)], groupByItems=[], orderByItems=[], limit=null, subqueryStatement=null, subqueryStatements=[], subqueryConditions=[])
[wanxinp2p-transaction-service][${env:SERVER_PORT}] 2019-09-24 16:42:03,352 INFO [http-nio-53060-exec-6][SQLLogger.java:89] - Actual SQL: ds0 ::: SELECT COUNT(1) FROM project_0 WHERE PROJECT_STATUS = ? ::: [FULLY]
[wanxinp2p-transaction-service][${env:SERVER_PORT}] 2019-09-24 16:42:03,353 INFO [http-nio-53060-exec-6][SQLLogger.java:89] - Actual SQL: ds0 ::: SELECT COUNT(1) FROM project_1 WHERE PROJECT_STATUS = ? ::: [FULLY]
[wanxinp2p-transaction-service][${env:SERVER_PORT}] 2019-09-24 16:42:03,353 INFO [http-nio-53060-exec-6][SQLLogger.java:89] - Actual SQL: ds1 ::: SELECT COUNT(1) FROM project_0 WHERE PROJECT_STATUS = ? ::: [FULLY]
[wanxinp2p-transaction-service][${env:SERVER_PORT}] 2019-09-24 16:42:03,353 INFO [http-nio-53060-exec-6][SQLLogger.java:89] - Actual SQL: ds1 ::: SELECT COUNT(1) FROM project_1 WHERE PROJECT_STATUS = ? ::: [FULLY]
[wanxinp2p-transaction-service][${env:SERVER_PORT}] 2019-09-24 16:42:03,398 DEBUG [http-nio-53060-exec-6][BaseJdbcLogger.java:159] - ==>  Preparing: SELECT ID,CONSUMER_ID,USER_NO,PROJECT_NO,NAME,DESCRIPTION,TYPE,PERIOD,ANNUAL_RATE,BORROWER_ANNUAL_RATE,COMMISSION_ANNUAL_RATE,REPAYMENT_WAY,AMOUNT,PROJECT_STATUS,CREATE_DATE,STATUS,IS_ASSIGNMENT FROM project WHERE PROJECT_STATUS = ? ORDER BY CREATE_DATE DESC LIMIT ?,? 
[wanxinp2p-transaction-service][${env:SERVER_PORT}] 2019-09-24 16:42:03,410 DEBUG [http-nio-53060-exec-6][BaseJdbcLogger.java:159] - ==> Parameters: FULLY(String), 0(Long), 10(Long)
[wanxinp2p-transaction-service][${env:SERVER_PORT}] 2019-09-24 16:42:03,411 INFO [http-nio-53060-exec-6][SQLLogger.java:89] - Rule Type: sharding
[wanxinp2p-transaction-service][${env:SERVER_PORT}] 2019-09-24 16:42:03,411 INFO [http-nio-53060-exec-6][SQLLogger.java:89] - Logic SQL: SELECT  ID,CONSUMER_ID,USER_NO,PROJECT_NO,NAME,DESCRIPTION,TYPE,PERIOD,ANNUAL_RATE,BORROWER_ANNUAL_RATE,COMMISSION_ANNUAL_RATE,REPAYMENT_WAY,AMOUNT,PROJECT_STATUS,CREATE_DATE,STATUS,IS_ASSIGNMENT  FROM project 
 
 WHERE PROJECT_STATUS = ? ORDER BY CREATE_DATE DESC LIMIT ?,?
[wanxinp2p-transaction-service][${env:SERVER_PORT}] 2019-09-24 16:42:03,412 INFO [http-nio-53060-exec-6][SQLLogger.java:89] - SQLStatement: SelectStatement(super=DQLStatement(super=AbstractSQLStatement(type=DQL, tables=Tables(tables=[Table(name=project, alias=Optional.absent())]), routeConditions=Conditions(orCondition=OrCondition(andConditions=[])), encryptConditions=Conditions(orCondition=OrCondition(andConditions=[])), sqlTokens=[TableToken(tableName=project, quoteCharacter=NONE, schemaNameLength=0)], parametersIndex=3, logicSQL=SELECT  ID,CONSUMER_ID,USER_NO,PROJECT_NO,NAME,DESCRIPTION,TYPE,PERIOD,ANNUAL_RATE,BORROWER_ANNUAL_RATE,COMMISSION_ANNUAL_RATE,REPAYMENT_WAY,AMOUNT,PROJECT_STATUS,CREATE_DATE,STATUS,IS_ASSIGNMENT  FROM project 
 
 WHERE PROJECT_STATUS = ? ORDER BY CREATE_DATE DESC LIMIT ?,?)), containStar=false, firstSelectItemStartIndex=8, selectListStopIndex=194, groupByLastIndex=0, items=[CommonSelectItem(expression=ID, alias=Optional.absent()), CommonSelectItem(expression=CONSUMER_ID, alias=Optional.absent()), CommonSelectItem(expression=USER_NO, alias=Optional.absent()), CommonSelectItem(expression=PROJECT_NO, alias=Optional.absent()), CommonSelectItem(expression=NAME, alias=Optional.absent()), CommonSelectItem(expression=DESCRIPTION, alias=Optional.absent()), CommonSelectItem(expression=TYPE, alias=Optional.absent()), CommonSelectItem(expression=PERIOD, alias=Optional.absent()), CommonSelectItem(expression=ANNUAL_RATE, alias=Optional.absent()), CommonSelectItem(expression=BORROWER_ANNUAL_RATE, alias=Optional.absent()), CommonSelectItem(expression=COMMISSION_ANNUAL_RATE, alias=Optional.absent()), CommonSelectItem(expression=REPAYMENT_WAY, alias=Optional.absent()), CommonSelectItem(expression=AMOUNT, alias=Optional.absent()), CommonSelectItem(expression=PROJECT_STATUS, alias=Optional.absent()), CommonSelectItem(expression=CREATE_DATE, alias=Optional.absent()), CommonSelectItem(expression=STATUS, alias=Optional.absent()), CommonSelectItem(expression=IS_ASSIGNMENT, alias=Optional.absent())], groupByItems=[], orderByItems=[OrderItem(owner=Optional.absent(), name=Optional.of(CREATE_DATE), orderDirection=DESC, nullOrderDirection=ASC, index=15, expression=null, alias=Optional.absent())], limit=Limit(offset=LimitValue(value=-1, index=1, boundOpened=false), rowCount=LimitValue(value=-1, index=2, boundOpened=false)), subqueryStatement=null, subqueryStatements=[], subqueryConditions=[])
[wanxinp2p-transaction-service][${env:SERVER_PORT}] 2019-09-24 16:42:03,412 INFO [http-nio-53060-exec-6][SQLLogger.java:89] - Actual SQL: ds0 ::: SELECT  ID,CONSUMER_ID,USER_NO,PROJECT_NO,NAME,DESCRIPTION,TYPE,PERIOD,ANNUAL_RATE,BORROWER_ANNUAL_RATE,COMMISSION_ANNUAL_RATE,REPAYMENT_WAY,AMOUNT,PROJECT_STATUS,CREATE_DATE,STATUS,IS_ASSIGNMENT  FROM project_0 
 
 WHERE PROJECT_STATUS = ? ORDER BY CREATE_DATE DESC LIMIT ?,? ::: [FULLY, 0, 10]
[wanxinp2p-transaction-service][${env:SERVER_PORT}] 2019-09-24 16:42:03,412 INFO [http-nio-53060-exec-6][SQLLogger.java:89] - Actual SQL: ds0 ::: SELECT  ID,CONSUMER_ID,USER_NO,PROJECT_NO,NAME,DESCRIPTION,TYPE,PERIOD,ANNUAL_RATE,BORROWER_ANNUAL_RATE,COMMISSION_ANNUAL_RATE,REPAYMENT_WAY,AMOUNT,PROJECT_STATUS,CREATE_DATE,STATUS,IS_ASSIGNMENT  FROM project_1 
 
 WHERE PROJECT_STATUS = ? ORDER BY CREATE_DATE DESC LIMIT ?,? ::: [FULLY, 0, 10]
[wanxinp2p-transaction-service][${env:SERVER_PORT}] 2019-09-24 16:42:03,413 INFO [http-nio-53060-exec-6][SQLLogger.java:89] - Actual SQL: ds1 ::: SELECT  ID,CONSUMER_ID,USER_NO,PROJECT_NO,NAME,DESCRIPTION,TYPE,PERIOD,ANNUAL_RATE,BORROWER_ANNUAL_RATE,COMMISSION_ANNUAL_RATE,REPAYMENT_WAY,AMOUNT,PROJECT_STATUS,CREATE_DATE,STATUS,IS_ASSIGNMENT  FROM project_0 
 
 WHERE PROJECT_STATUS = ? ORDER BY CREATE_DATE DESC LIMIT ?,? ::: [FULLY, 0, 10]
[wanxinp2p-transaction-service][${env:SERVER_PORT}] 2019-09-24 16:42:03,414 INFO [http-nio-53060-exec-6][SQLLogger.java:89] - Actual SQL: ds1 ::: SELECT  ID,CONSUMER_ID,USER_NO,PROJECT_NO,NAME,DESCRIPTION,TYPE,PERIOD,ANNUAL_RATE,BORROWER_ANNUAL_RATE,COMMISSION_ANNUAL_RATE,REPAYMENT_WAY,AMOUNT,PROJECT_STATUS,CREATE_DATE,STATUS,IS_ASSIGNMENT  FROM project_1 
 
 WHERE PROJECT_STATUS = ? ORDER BY CREATE_DATE DESC LIMIT ?,? ::: [FULLY, 0, 10]
[wanxinp2p-transaction-service][${env:SERVER_PORT}] 2019-09-24 16:42:03,428 DEBUG [http-nio-53060-exec-6][BaseJdbcLogger.java:159] - <==      Total: 4
[wanxinp2p-transaction-service][${env:SERVER_PORT}] 2019-09-24 16:42:20,712 INFO [AsyncResolver-bootstrap-executor-0][ConfigClusterResolver.java:43] - Resolving eureka endpoints via configuration
[wanxinp2p-transaction-service][${env:SERVER_PORT}] 2019-09-24 16:47:01,949 WARN [Apollo-RemoteConfigRepository-1][RemoteConfigRepository.java:194] - Load config failed, will retry in 1 SECONDS. appId: transaction-service, cluster: DEFAULT, namespaces: micro_service.spring-cloud-feign
[wanxinp2p-transaction-service][${env:SERVER_PORT}] 2019-09-24 16:47:02,957 WARN [Apollo-RemoteConfigRepository-1][AbstractConfigRepository.java:26] - Sync config failed, will retry. Repository class com.ctrip.framework.apollo.internals.RemoteConfigRepository, reason: Load Apollo Config failed - appId: transaction-service, cluster: DEFAULT, namespace: micro_service.spring-cloud-feign, url: http://192.168.2.153:8080/configs/transaction-service/DEFAULT/micro_service.spring-cloud-feign?ip=192.168.2.153&messages=%7B%22details%22%3A%7B%22transaction-service%2Bdefault%2Bmicro_service.spring-cloud-feign%22%3A285%2C%22common-template%2Bdefault%2Bmicro_service.spring-cloud-feign%22%3A403%7D%7D [Cause: [status code: 404] Could not find config for namespace - appId: transaction-service, cluster: DEFAULT, namespace: micro_service.spring-cloud-feign, please check whether the configs are released in Apollo!]
[wanxinp2p-transaction-service][${env:SERVER_PORT}] 2019-09-24 16:47:20,713 INFO [AsyncResolver-bootstrap-executor-0][ConfigClusterResolver.java:43] - Resolving eureka endpoints via configuration
[wanxinp2p-transaction-service][${env:SERVER_PORT}] 2019-09-24 16:52:01,949 WARN [Apollo-RemoteConfigRepository-1][RemoteConfigRepository.java:194] - Load config failed, will retry in 1 SECONDS. appId: transaction-service, cluster: DEFAULT, namespaces: micro_service.spring-cloud-feign
[wanxinp2p-transaction-service][${env:SERVER_PORT}] 2019-09-24 16:52:02,959 WARN [Apollo-RemoteConfigRepository-1][AbstractConfigRepository.java:26] - Sync config failed, will retry. Repository class com.ctrip.framework.apollo.internals.RemoteConfigRepository, reason: Load Apollo Config failed - appId: transaction-service, cluster: DEFAULT, namespace: micro_service.spring-cloud-feign, url: http://192.168.2.153:8080/configs/transaction-service/DEFAULT/micro_service.spring-cloud-feign?ip=192.168.2.153&messages=%7B%22details%22%3A%7B%22transaction-service%2Bdefault%2Bmicro_service.spring-cloud-feign%22%3A285%2C%22common-template%2Bdefault%2Bmicro_service.spring-cloud-feign%22%3A403%7D%7D [Cause: [status code: 404] Could not find config for namespace - appId: transaction-service, cluster: DEFAULT, namespace: micro_service.spring-cloud-feign, please check whether the configs are released in Apollo!]
[wanxinp2p-transaction-service][${env:SERVER_PORT}] 2019-09-24 16:52:20,715 INFO [AsyncResolver-bootstrap-executor-0][ConfigClusterResolver.java:43] - Resolving eureka endpoints via configuration
