[${project.name}][${env:SERVER_PORT}] 2019-10-25 14:28:11,776 INFO [main][SpringApplication.java:675] - No active profile set, falling back to default profiles: default
[${project.name}][${env:SERVER_PORT}] 2019-10-25 14:28:12,687 WARN [main][EndpointId.java:135] - Endpoint ID 'service-registry' contains invalid characters, please migrate to a valid format.
[${project.name}][${env:SERVER_PORT}] 2019-10-25 14:28:12,907 INFO [main][GenericScope.java:294] - BeanFactory id=33c68227-122c-36dd-8028-a36de4f592a4
[${project.name}][${env:SERVER_PORT}] 2019-10-25 14:28:13,014 INFO [main][PostProcessorRegistrationDelegate.java:330] - Bean 'org.springframework.cloud.autoconfigure.ConfigurationPropertiesRebinderAutoConfiguration' of type [org.springframework.cloud.autoconfigure.ConfigurationPropertiesRebinderAutoConfiguration$$EnhancerBySpringCGLIB$$7317179d] is not eligible for getting processed by all BeanPostProcessors (for example: not eligible for auto-proxying)
[${project.name}][${env:SERVER_PORT}] 2019-10-25 14:28:13,463 INFO [main][TomcatWebServer.java:90] - Tomcat initialized with port(s): 53000 (http)
[${project.name}][${env:SERVER_PORT}] 2019-10-25 14:28:13,480 INFO [main][DirectJDKLog.java:173] - Initializing ProtocolHandler ["http-nio-53000"]
[${project.name}][${env:SERVER_PORT}] 2019-10-25 14:28:13,489 INFO [main][DirectJDKLog.java:173] - Starting service [Tomcat]
[${project.name}][${env:SERVER_PORT}] 2019-10-25 14:28:13,491 INFO [main][DirectJDKLog.java:173] - Starting Servlet engine: [Apache Tomcat/9.0.16]
[${project.name}][${env:SERVER_PORT}] 2019-10-25 14:28:13,497 INFO [main][DirectJDKLog.java:173] - The APR based Apache Tomcat Native library which allows optimal performance in production environments was not found on the java.library.path: [C:\Program Files\Java\jdk1.8.0_171\bin;C:\WINDOWS\Sun\Java\bin;C:\WINDOWS\system32;C:\WINDOWS;C:\Program Files\Java\jdk1.8.0_171\bin;C:\Program Files (x86)\Common Files\Oracle\Java\javapath;C:\WINDOWS\system32;C:\WINDOWS;C:\WINDOWS\System32\Wbem;C:\WINDOWS\System32\WindowsPowerShell\v1.0\;C:\Program Files\MySQL\MySQL Utilities 1.6\;C:\WINDOWS\System32\OpenSSH\;C:\Program Files\Git\cmd;C:\Program Files\TortoiseGit\bin;C:\Program Files\nodejs\;C:\Ruby26-x64\bin;C:\Users\apple\AppData\Local\Microsoft\WindowsApps;E:\apache-maven-3.5.4\bin;C:\Users\apple\AppData\Roaming\npm;;.]
[${project.name}][${env:SERVER_PORT}] 2019-10-25 14:28:13,617 INFO [main][DirectJDKLog.java:173] - Initializing Spring embedded WebApplicationContext
[${project.name}][${env:SERVER_PORT}] 2019-10-25 14:28:13,618 INFO [main][ServletWebServerApplicationContext.java:296] - Root WebApplicationContext: initialization completed in 1817 ms
[${project.name}][${env:SERVER_PORT}] 2019-10-25 14:28:13,765 WARN [main][URLConfigurationSource.java:121] - No URLs will be polled as dynamic configuration sources.
[${project.name}][${env:SERVER_PORT}] 2019-10-25 14:28:13,766 INFO [main][URLConfigurationSource.java:122] - To enable URLs as dynamic configuration sources, define System property archaius.configurationSource.additionalUrls or make config.properties available on classpath.
[${project.name}][${env:SERVER_PORT}] 2019-10-25 14:28:13,788 INFO [main][DynamicPropertyFactory.java:281] - DynamicPropertyFactory is initialized with configuration sources: com.netflix.config.ConcurrentCompositeConfiguration@fb2e3fd
[${project.name}][${env:SERVER_PORT}] 2019-10-25 14:28:14,547 INFO [main][WebApplicationImpl.java:815] - Initiating Jersey application, version 'Jersey: 1.19.1 03/11/2016 02:08 PM'
[${project.name}][${env:SERVER_PORT}] 2019-10-25 14:28:14,644 INFO [main][DiscoveryJerseyProvider.java:70] - Using JSON encoding codec LegacyJacksonJson
[${project.name}][${env:SERVER_PORT}] 2019-10-25 14:28:14,645 INFO [main][DiscoveryJerseyProvider.java:71] - Using JSON decoding codec LegacyJacksonJson
[${project.name}][${env:SERVER_PORT}] 2019-10-25 14:28:14,838 INFO [main][DiscoveryJerseyProvider.java:80] - Using XML encoding codec XStreamXml
[${project.name}][${env:SERVER_PORT}] 2019-10-25 14:28:14,839 INFO [main][DiscoveryJerseyProvider.java:81] - Using XML decoding codec XStreamXml
[${project.name}][${env:SERVER_PORT}] 2019-10-25 14:28:15,172 WARN [main][URLConfigurationSource.java:121] - No URLs will be polled as dynamic configuration sources.
[${project.name}][${env:SERVER_PORT}] 2019-10-25 14:28:15,172 INFO [main][URLConfigurationSource.java:122] - To enable URLs as dynamic configuration sources, define System property archaius.configurationSource.additionalUrls or make config.properties available on classpath.
[${project.name}][${env:SERVER_PORT}] 2019-10-25 14:28:15,363 INFO [main][ExecutorConfigurationSupport.java:171] - Initializing ExecutorService 'applicationTaskExecutor'
[${project.name}][${env:SERVER_PORT}] 2019-10-25 14:28:16,020 INFO [main][InstanceInfoFactory.java:71] - Setting initial instance status as: STARTING
[${project.name}][${env:SERVER_PORT}] 2019-10-25 14:28:16,056 INFO [main][DiscoveryClient.java:349] - Initializing Eureka in region us-east-1
[${project.name}][${env:SERVER_PORT}] 2019-10-25 14:28:16,056 INFO [main][DiscoveryClient.java:352] - Client configured to neither register nor query for data.
[${project.name}][${env:SERVER_PORT}] 2019-10-25 14:28:16,066 INFO [main][DiscoveryClient.java:365] - Discovery Client initialized at timestamp 1571984896065 with initial instances count: 0
[${project.name}][${env:SERVER_PORT}] 2019-10-25 14:28:16,113 INFO [main][DefaultEurekaServerContext.java:63] - Initializing ...
[${project.name}][${env:SERVER_PORT}] 2019-10-25 14:28:16,116 INFO [main][PeerEurekaNodes.java:188] - Adding new peer nodes [http://localhost:53000/eureka/]
[${project.name}][${env:SERVER_PORT}] 2019-10-25 14:28:16,364 INFO [main][DiscoveryJerseyProvider.java:70] - Using JSON encoding codec LegacyJacksonJson
[${project.name}][${env:SERVER_PORT}] 2019-10-25 14:28:16,364 INFO [main][DiscoveryJerseyProvider.java:71] - Using JSON decoding codec LegacyJacksonJson
[${project.name}][${env:SERVER_PORT}] 2019-10-25 14:28:16,365 INFO [main][DiscoveryJerseyProvider.java:80] - Using XML encoding codec XStreamXml
[${project.name}][${env:SERVER_PORT}] 2019-10-25 14:28:16,365 INFO [main][DiscoveryJerseyProvider.java:81] - Using XML decoding codec XStreamXml
[${project.name}][${env:SERVER_PORT}] 2019-10-25 14:28:16,468 INFO [main][PeerEurekaNodes.java:110] - Replica node URL:  http://localhost:53000/eureka/
[${project.name}][${env:SERVER_PORT}] 2019-10-25 14:28:16,476 INFO [main][AbstractInstanceRegistry.java:151] - Finished initializing remote region registries. All known remote regions: []
[${project.name}][${env:SERVER_PORT}] 2019-10-25 14:28:16,477 INFO [main][DefaultEurekaServerContext.java:70] - Initialized
[${project.name}][${env:SERVER_PORT}] 2019-10-25 14:28:16,487 INFO [main][EndpointLinksResolver.java:59] - Exposing 2 endpoint(s) beneath base path '/actuator'
[${project.name}][${env:SERVER_PORT}] 2019-10-25 14:28:16,581 INFO [main][EurekaServiceRegistry.java:42] - Registering application HNRADIO-DISCOVERY with eureka with status UP
[${project.name}][${env:SERVER_PORT}] 2019-10-25 14:28:16,585 INFO [Thread-27][EurekaServerBootstrap.java:109] - Setting the eureka configuration..
[${project.name}][${env:SERVER_PORT}] 2019-10-25 14:28:16,586 INFO [Thread-27][EurekaServerBootstrap.java:114] - Eureka data center value eureka.datacenter is not set, defaulting to default
[${project.name}][${env:SERVER_PORT}] 2019-10-25 14:28:16,586 INFO [Thread-27][EurekaServerBootstrap.java:128] - Eureka environment value eureka.environment is not set, defaulting to test
[${project.name}][${env:SERVER_PORT}] 2019-10-25 14:28:16,611 INFO [main][DirectJDKLog.java:173] - Starting ProtocolHandler ["http-nio-53000"]
[${project.name}][${env:SERVER_PORT}] 2019-10-25 14:28:16,615 INFO [Thread-27][EurekaServerBootstrap.java:184] - isAws returned false
[${project.name}][${env:SERVER_PORT}] 2019-10-25 14:28:16,616 INFO [Thread-27][EurekaServerBootstrap.java:152] - Initialized server context
[${project.name}][${env:SERVER_PORT}] 2019-10-25 14:28:16,617 INFO [Thread-27][PeerAwareInstanceRegistryImpl.java:241] - Got 1 instances from neighboring DS node
[${project.name}][${env:SERVER_PORT}] 2019-10-25 14:28:16,617 INFO [Thread-27][PeerAwareInstanceRegistryImpl.java:242] - Renew threshold is: 1
[${project.name}][${env:SERVER_PORT}] 2019-10-25 14:28:16,617 INFO [Thread-27][PeerAwareInstanceRegistryImpl.java:253] - Changing status to UP
[${project.name}][${env:SERVER_PORT}] 2019-10-25 14:28:16,627 INFO [Thread-27][EurekaServerInitializerConfiguration.java:72] - Started Eureka Server
[${project.name}][${env:SERVER_PORT}] 2019-10-25 14:28:16,645 INFO [main][TomcatWebServer.java:204] - Tomcat started on port(s): 53000 (http) with context path ''
[${project.name}][${env:SERVER_PORT}] 2019-10-25 14:28:16,646 INFO [main][EurekaAutoServiceRegistration.java:141] - Updating port to 53000
[${project.name}][${env:SERVER_PORT}] 2019-10-25 14:28:16,648 INFO [main][StartupInfoLogger.java:59] - Started DiscoveryServer in 6.508 seconds (JVM running for 8.635)
[${project.name}][${env:SERVER_PORT}] 2019-10-25 14:28:16,959 INFO [RMI TCP Connection(2)-127.0.0.1][DirectJDKLog.java:173] - Initializing Spring DispatcherServlet 'dispatcherServlet'
[${project.name}][${env:SERVER_PORT}] 2019-10-25 14:28:16,959 INFO [RMI TCP Connection(2)-127.0.0.1][FrameworkServlet.java:524] - Initializing Servlet 'dispatcherServlet'
[${project.name}][${env:SERVER_PORT}] 2019-10-25 14:28:16,967 INFO [RMI TCP Connection(2)-127.0.0.1][FrameworkServlet.java:546] - Completed initialization in 7 ms
[${project.name}][${env:SERVER_PORT}] 2019-10-25 14:28:26,620 INFO [Eureka-EvictionTimer][AbstractInstanceRegistry.java:1250] - Running the evict task with compensationTime 0ms
[${project.name}][${env:SERVER_PORT}] 2019-10-25 14:28:36,619 INFO [Eureka-EvictionTimer][AbstractInstanceRegistry.java:1250] - Running the evict task with compensationTime 0ms
[${project.name}][${env:SERVER_PORT}] 2019-10-25 14:28:46,619 INFO [Eureka-EvictionTimer][AbstractInstanceRegistry.java:1250] - Running the evict task with compensationTime 0ms
[${project.name}][${env:SERVER_PORT}] 2019-10-25 14:28:56,619 INFO [Eureka-EvictionTimer][AbstractInstanceRegistry.java:1250] - Running the evict task with compensationTime 0ms
[${project.name}][${env:SERVER_PORT}] 2019-10-25 14:29:06,620 INFO [Eureka-EvictionTimer][AbstractInstanceRegistry.java:1250] - Running the evict task with compensationTime 0ms
[${project.name}][${env:SERVER_PORT}] 2019-10-25 14:29:16,621 INFO [Eureka-EvictionTimer][AbstractInstanceRegistry.java:1250] - Running the evict task with compensationTime 1ms
[${project.name}][${env:SERVER_PORT}] 2019-10-25 14:29:26,621 INFO [Eureka-EvictionTimer][AbstractInstanceRegistry.java:1250] - Running the evict task with compensationTime 0ms
[${project.name}][${env:SERVER_PORT}] 2019-10-25 14:29:36,622 INFO [Eureka-EvictionTimer][AbstractInstanceRegistry.java:1250] - Running the evict task with compensationTime 0ms
[${project.name}][${env:SERVER_PORT}] 2019-10-25 14:29:46,622 INFO [Eureka-EvictionTimer][AbstractInstanceRegistry.java:1250] - Running the evict task with compensationTime 0ms
[${project.name}][${env:SERVER_PORT}] 2019-10-25 14:29:56,624 INFO [Eureka-EvictionTimer][AbstractInstanceRegistry.java:1250] - Running the evict task with compensationTime 1ms
[${project.name}][${env:SERVER_PORT}] 2019-10-25 14:30:06,624 INFO [Eureka-EvictionTimer][AbstractInstanceRegistry.java:1250] - Running the evict task with compensationTime 0ms
[${project.name}][${env:SERVER_PORT}] 2019-10-25 14:30:16,624 INFO [Eureka-EvictionTimer][AbstractInstanceRegistry.java:1250] - Running the evict task with compensationTime 0ms
[${project.name}][${env:SERVER_PORT}] 2019-10-25 14:30:26,625 INFO [Eureka-EvictionTimer][AbstractInstanceRegistry.java:1250] - Running the evict task with compensationTime 0ms
[${project.name}][${env:SERVER_PORT}] 2019-10-25 14:30:36,625 INFO [Eureka-EvictionTimer][AbstractInstanceRegistry.java:1250] - Running the evict task with compensationTime 0ms
[${project.name}][${env:SERVER_PORT}] 2019-10-25 14:30:46,625 INFO [Eureka-EvictionTimer][AbstractInstanceRegistry.java:1250] - Running the evict task with compensationTime 0ms
[${project.name}][${env:SERVER_PORT}] 2019-10-25 14:30:56,626 INFO [Eureka-EvictionTimer][AbstractInstanceRegistry.java:1250] - Running the evict task with compensationTime 0ms
[${project.name}][${env:SERVER_PORT}] 2019-10-25 14:31:06,626 INFO [Eureka-EvictionTimer][AbstractInstanceRegistry.java:1250] - Running the evict task with compensationTime 0ms
[${project.name}][${env:SERVER_PORT}] 2019-10-25 14:31:16,627 INFO [Eureka-EvictionTimer][AbstractInstanceRegistry.java:1250] - Running the evict task with compensationTime 0ms
[${project.name}][${env:SERVER_PORT}] 2019-10-25 14:31:26,627 INFO [Eureka-EvictionTimer][AbstractInstanceRegistry.java:1250] - Running the evict task with compensationTime 0ms
[${project.name}][${env:SERVER_PORT}] 2019-10-25 14:31:36,627 INFO [Eureka-EvictionTimer][AbstractInstanceRegistry.java:1250] - Running the evict task with compensationTime 0ms
[${project.name}][${env:SERVER_PORT}] 2019-10-25 14:31:46,627 INFO [Eureka-EvictionTimer][AbstractInstanceRegistry.java:1250] - Running the evict task with compensationTime 0ms
[${project.name}][${env:SERVER_PORT}] 2019-10-25 14:31:56,627 INFO [Eureka-EvictionTimer][AbstractInstanceRegistry.java:1250] - Running the evict task with compensationTime 1ms
[${project.name}][${env:SERVER_PORT}] 2019-10-25 14:32:06,627 INFO [Eureka-EvictionTimer][AbstractInstanceRegistry.java:1250] - Running the evict task with compensationTime 0ms
[${project.name}][${env:SERVER_PORT}] 2019-10-25 14:32:16,629 INFO [Eureka-EvictionTimer][AbstractInstanceRegistry.java:1250] - Running the evict task with compensationTime 1ms
[${project.name}][${env:SERVER_PORT}] 2019-10-25 14:32:26,630 INFO [Eureka-EvictionTimer][AbstractInstanceRegistry.java:1250] - Running the evict task with compensationTime 0ms
[${project.name}][${env:SERVER_PORT}] 2019-10-25 14:32:36,631 INFO [Eureka-EvictionTimer][AbstractInstanceRegistry.java:1250] - Running the evict task with compensationTime 1ms
[${project.name}][${env:SERVER_PORT}] 2019-10-25 14:32:46,632 INFO [Eureka-EvictionTimer][AbstractInstanceRegistry.java:1250] - Running the evict task with compensationTime 0ms
[${project.name}][${env:SERVER_PORT}] 2019-10-25 14:32:56,632 INFO [Eureka-EvictionTimer][AbstractInstanceRegistry.java:1250] - Running the evict task with compensationTime 0ms
[${project.name}][${env:SERVER_PORT}] 2019-10-25 14:33:06,633 INFO [Eureka-EvictionTimer][AbstractInstanceRegistry.java:1250] - Running the evict task with compensationTime 0ms
[${project.name}][${env:SERVER_PORT}] 2019-10-25 14:33:16,634 INFO [Eureka-EvictionTimer][AbstractInstanceRegistry.java:1250] - Running the evict task with compensationTime 1ms
[${project.name}][${env:SERVER_PORT}] 2019-10-25 14:33:26,634 INFO [Eureka-EvictionTimer][AbstractInstanceRegistry.java:1250] - Running the evict task with compensationTime 0ms
[${project.name}][${env:SERVER_PORT}] 2019-10-25 14:33:36,634 INFO [Eureka-EvictionTimer][AbstractInstanceRegistry.java:1250] - Running the evict task with compensationTime 0ms
[${project.name}][${env:SERVER_PORT}] 2019-10-25 14:33:46,634 INFO [Eureka-EvictionTimer][AbstractInstanceRegistry.java:1250] - Running the evict task with compensationTime 0ms
[${project.name}][${env:SERVER_PORT}] 2019-10-25 14:33:56,634 INFO [Eureka-EvictionTimer][AbstractInstanceRegistry.java:1250] - Running the evict task with compensationTime 0ms
[${project.name}][${env:SERVER_PORT}] 2019-10-25 14:34:06,635 INFO [Eureka-EvictionTimer][AbstractInstanceRegistry.java:1250] - Running the evict task with compensationTime 0ms
[${project.name}][${env:SERVER_PORT}] 2019-10-25 14:34:16,636 INFO [Eureka-EvictionTimer][AbstractInstanceRegistry.java:1250] - Running the evict task with compensationTime 1ms
[${project.name}][${env:SERVER_PORT}] 2019-10-25 14:34:26,636 INFO [Eureka-EvictionTimer][AbstractInstanceRegistry.java:1250] - Running the evict task with compensationTime 0ms
[${project.name}][${env:SERVER_PORT}] 2019-10-25 14:34:36,637 INFO [Eureka-EvictionTimer][AbstractInstanceRegistry.java:1250] - Running the evict task with compensationTime 0ms
[${project.name}][${env:SERVER_PORT}] 2019-10-25 14:34:46,637 INFO [Eureka-EvictionTimer][AbstractInstanceRegistry.java:1250] - Running the evict task with compensationTime 0ms
[${project.name}][${env:SERVER_PORT}] 2019-10-25 14:34:56,647 INFO [Eureka-EvictionTimer][AbstractInstanceRegistry.java:1250] - Running the evict task with compensationTime 9ms
[${project.name}][${env:SERVER_PORT}] 2019-10-25 14:35:06,647 INFO [Eureka-EvictionTimer][AbstractInstanceRegistry.java:1250] - Running the evict task with compensationTime 0ms
[${project.name}][${env:SERVER_PORT}] 2019-10-25 14:35:16,648 INFO [Eureka-EvictionTimer][AbstractInstanceRegistry.java:1250] - Running the evict task with compensationTime 1ms
[${project.name}][${env:SERVER_PORT}] 2019-10-25 14:35:26,649 INFO [Eureka-EvictionTimer][AbstractInstanceRegistry.java:1250] - Running the evict task with compensationTime 0ms
[${project.name}][${env:SERVER_PORT}] 2019-10-25 14:35:36,649 INFO [Eureka-EvictionTimer][AbstractInstanceRegistry.java:1250] - Running the evict task with compensationTime 0ms
[${project.name}][${env:SERVER_PORT}] 2019-10-25 14:35:46,650 INFO [Eureka-EvictionTimer][AbstractInstanceRegistry.java:1250] - Running the evict task with compensationTime 1ms
[${project.name}][${env:SERVER_PORT}] 2019-10-25 14:35:56,650 INFO [Eureka-EvictionTimer][AbstractInstanceRegistry.java:1250] - Running the evict task with compensationTime 0ms
[${project.name}][${env:SERVER_PORT}] 2019-10-25 14:36:06,651 INFO [Eureka-EvictionTimer][AbstractInstanceRegistry.java:1250] - Running the evict task with compensationTime 0ms
[${project.name}][${env:SERVER_PORT}] 2019-10-25 14:36:16,651 INFO [Eureka-EvictionTimer][AbstractInstanceRegistry.java:1250] - Running the evict task with compensationTime 0ms
[${project.name}][${env:SERVER_PORT}] 2019-10-25 14:36:26,651 INFO [Eureka-EvictionTimer][AbstractInstanceRegistry.java:1250] - Running the evict task with compensationTime 0ms
[${project.name}][${env:SERVER_PORT}] 2019-10-25 14:36:36,652 INFO [Eureka-EvictionTimer][AbstractInstanceRegistry.java:1250] - Running the evict task with compensationTime 1ms
[${project.name}][${env:SERVER_PORT}] 2019-10-25 14:36:46,652 INFO [Eureka-EvictionTimer][AbstractInstanceRegistry.java:1250] - Running the evict task with compensationTime 0ms
[${project.name}][${env:SERVER_PORT}] 2019-10-25 14:36:56,653 INFO [Eureka-EvictionTimer][AbstractInstanceRegistry.java:1250] - Running the evict task with compensationTime 0ms
[${project.name}][${env:SERVER_PORT}] 2019-10-25 14:37:06,653 INFO [Eureka-EvictionTimer][AbstractInstanceRegistry.java:1250] - Running the evict task with compensationTime 0ms
[${project.name}][${env:SERVER_PORT}] 2019-10-25 14:37:16,654 INFO [Eureka-EvictionTimer][AbstractInstanceRegistry.java:1250] - Running the evict task with compensationTime 0ms
[${project.name}][${env:SERVER_PORT}] 2019-10-25 14:37:26,654 INFO [Eureka-EvictionTimer][AbstractInstanceRegistry.java:1250] - Running the evict task with compensationTime 0ms
[${project.name}][${env:SERVER_PORT}] 2019-10-25 14:37:36,654 INFO [Eureka-EvictionTimer][AbstractInstanceRegistry.java:1250] - Running the evict task with compensationTime 0ms
[${project.name}][${env:SERVER_PORT}] 2019-10-25 14:37:46,655 INFO [Eureka-EvictionTimer][AbstractInstanceRegistry.java:1250] - Running the evict task with compensationTime 0ms
[${project.name}][${env:SERVER_PORT}] 2019-10-25 14:37:56,655 INFO [Eureka-EvictionTimer][AbstractInstanceRegistry.java:1250] - Running the evict task with compensationTime 0ms
[${project.name}][${env:SERVER_PORT}] 2019-10-25 14:38:06,656 INFO [Eureka-EvictionTimer][AbstractInstanceRegistry.java:1250] - Running the evict task with compensationTime 1ms
[${project.name}][${env:SERVER_PORT}] 2019-10-25 14:38:16,656 INFO [Eureka-EvictionTimer][AbstractInstanceRegistry.java:1250] - Running the evict task with compensationTime 0ms
[${project.name}][${env:SERVER_PORT}] 2019-10-25 14:38:26,657 INFO [Eureka-EvictionTimer][AbstractInstanceRegistry.java:1250] - Running the evict task with compensationTime 1ms
[${project.name}][${env:SERVER_PORT}] 2019-10-25 14:38:36,657 INFO [Eureka-EvictionTimer][AbstractInstanceRegistry.java:1250] - Running the evict task with compensationTime 0ms
[${project.name}][${env:SERVER_PORT}] 2019-10-25 14:38:46,657 INFO [Eureka-EvictionTimer][AbstractInstanceRegistry.java:1250] - Running the evict task with compensationTime 0ms
[${project.name}][${env:SERVER_PORT}] 2019-10-25 14:38:56,658 INFO [Eureka-EvictionTimer][AbstractInstanceRegistry.java:1250] - Running the evict task with compensationTime 0ms
[${project.name}][${env:SERVER_PORT}] 2019-10-25 14:39:06,658 INFO [Eureka-EvictionTimer][AbstractInstanceRegistry.java:1250] - Running the evict task with compensationTime 0ms
[${project.name}][${env:SERVER_PORT}] 2019-10-25 14:39:16,658 INFO [Eureka-EvictionTimer][AbstractInstanceRegistry.java:1250] - Running the evict task with compensationTime 0ms
[${project.name}][${env:SERVER_PORT}] 2019-10-25 14:39:26,659 INFO [Eureka-EvictionTimer][AbstractInstanceRegistry.java:1250] - Running the evict task with compensationTime 0ms
[${project.name}][${env:SERVER_PORT}] 2019-10-25 14:39:36,659 INFO [Eureka-EvictionTimer][AbstractInstanceRegistry.java:1250] - Running the evict task with compensationTime 0ms
[${project.name}][${env:SERVER_PORT}] 2019-10-25 14:39:46,660 INFO [Eureka-EvictionTimer][AbstractInstanceRegistry.java:1250] - Running the evict task with compensationTime 1ms
[${project.name}][${env:SERVER_PORT}] 2019-10-25 14:39:56,661 INFO [Eureka-EvictionTimer][AbstractInstanceRegistry.java:1250] - Running the evict task with compensationTime 1ms
[${project.name}][${env:SERVER_PORT}] 2019-10-25 14:40:06,661 INFO [Eureka-EvictionTimer][AbstractInstanceRegistry.java:1250] - Running the evict task with compensationTime 0ms
[${project.name}][${env:SERVER_PORT}] 2019-10-25 14:40:16,661 INFO [Eureka-EvictionTimer][AbstractInstanceRegistry.java:1250] - Running the evict task with compensationTime 0ms
[${project.name}][${env:SERVER_PORT}] 2019-10-25 14:40:26,662 INFO [Eureka-EvictionTimer][AbstractInstanceRegistry.java:1250] - Running the evict task with compensationTime 0ms
[${project.name}][${env:SERVER_PORT}] 2019-10-25 14:40:36,663 INFO [Eureka-EvictionTimer][AbstractInstanceRegistry.java:1250] - Running the evict task with compensationTime 1ms
[${project.name}][${env:SERVER_PORT}] 2019-10-25 14:40:46,664 INFO [Eureka-EvictionTimer][AbstractInstanceRegistry.java:1250] - Running the evict task with compensationTime 0ms
[${project.name}][${env:SERVER_PORT}] 2019-10-25 14:40:56,664 INFO [Eureka-EvictionTimer][AbstractInstanceRegistry.java:1250] - Running the evict task with compensationTime 0ms
[${project.name}][${env:SERVER_PORT}] 2019-10-25 14:41:06,665 INFO [Eureka-EvictionTimer][AbstractInstanceRegistry.java:1250] - Running the evict task with compensationTime 1ms
[${project.name}][${env:SERVER_PORT}] 2019-10-25 14:41:16,665 INFO [Eureka-EvictionTimer][AbstractInstanceRegistry.java:1250] - Running the evict task with compensationTime 0ms
[${project.name}][${env:SERVER_PORT}] 2019-10-25 14:41:26,665 INFO [Eureka-EvictionTimer][AbstractInstanceRegistry.java:1250] - Running the evict task with compensationTime 0ms
[${project.name}][${env:SERVER_PORT}] 2019-10-25 14:41:36,666 INFO [Eureka-EvictionTimer][AbstractInstanceRegistry.java:1250] - Running the evict task with compensationTime 0ms
[${project.name}][${env:SERVER_PORT}] 2019-10-25 14:41:46,666 INFO [Eureka-EvictionTimer][AbstractInstanceRegistry.java:1250] - Running the evict task with compensationTime 1ms
[${project.name}][${env:SERVER_PORT}] 2019-10-25 14:41:56,667 INFO [Eureka-EvictionTimer][AbstractInstanceRegistry.java:1250] - Running the evict task with compensationTime 0ms
[${project.name}][${env:SERVER_PORT}] 2019-10-25 14:42:06,667 INFO [Eureka-EvictionTimer][AbstractInstanceRegistry.java:1250] - Running the evict task with compensationTime 0ms
[${project.name}][${env:SERVER_PORT}] 2019-10-25 14:42:16,667 INFO [Eureka-EvictionTimer][AbstractInstanceRegistry.java:1250] - Running the evict task with compensationTime 0ms
[${project.name}][${env:SERVER_PORT}] 2019-10-25 14:42:26,668 INFO [Eureka-EvictionTimer][AbstractInstanceRegistry.java:1250] - Running the evict task with compensationTime 0ms
[${project.name}][${env:SERVER_PORT}] 2019-10-25 14:42:29,572 INFO [main][DefaultApplicationProvider.java:85] - App ID is set to consumer-service by app.id property from System Property
[${project.name}][${env:SERVER_PORT}] 2019-10-25 14:42:29,581 INFO [main][DefaultServerProvider.java:108] - Environment is set to [dev] by JVM system property 'env'.
[${project.name}][${env:SERVER_PORT}] 2019-10-25 14:42:29,681 WARN [main][DefaultMetaServerProvider.java:39] - Could not find meta server address, because it is not available in neither (1) JVM system property 'apollo.meta', (2) OS env variable 'APOLLO_META' (3) property 'apollo.meta' from server.properties nor (4) property 'apollo.meta' from app.properties
[${project.name}][${env:SERVER_PORT}] 2019-10-25 14:42:29,695 INFO [main][MetaDomainConsts.java:93] - Located meta server address http://localhost:8080 for env DEV from com.ctrip.framework.apollo.core.internals.LegacyMetaServerProvider
[${project.name}][${env:SERVER_PORT}] 2019-10-25 14:42:30,373 INFO [main][SpringApplication.java:675] - No active profile set, falling back to default profiles: default
[${project.name}][${env:SERVER_PORT}] 2019-10-25 14:42:33,798 INFO [main][RepositoryConfigurationDelegate.java:244] - Multiple Spring Data modules found, entering strict repository configuration mode!
[${project.name}][${env:SERVER_PORT}] 2019-10-25 14:42:33,805 INFO [main][RepositoryConfigurationDelegate.java:126] - Bootstrapping Spring Data repositories in DEFAULT mode.
[${project.name}][${env:SERVER_PORT}] 2019-10-25 14:42:33,911 INFO [main][RepositoryConfigurationDelegate.java:182] - Finished Spring Data repository scanning in 63ms. Found 0 repository interfaces.
[${project.name}][${env:SERVER_PORT}] 2019-10-25 14:42:34,180 WARN [main][EndpointId.java:135] - Endpoint ID 'service-registry' contains invalid characters, please migrate to a valid format.
[${project.name}][${env:SERVER_PORT}] 2019-10-25 14:42:34,368 INFO [main][ConfigurationClassPostProcessor.java:380] - Cannot enhance @Configuration bean definition 'com.ctrip.framework.apollo.spring.boot.ApolloAutoConfiguration' since its singleton instance has been created too early. The typical cause is a non-static @Bean method with a BeanDefinitionRegistryPostProcessor return type: Consider declaring such methods as 'static'.
[${project.name}][${env:SERVER_PORT}] 2019-10-25 14:42:34,708 INFO [main][GenericScope.java:294] - BeanFactory id=011e5072-34cd-3993-a87d-9103c97d38a2
[${project.name}][${env:SERVER_PORT}] 2019-10-25 14:42:34,754 WARN [main][PropertySourcesDeducer.java:75] - Multiple PropertySourcesPlaceholderConfigurer beans registered [propertySourcesPlaceholderConfigurer, org.springframework.context.support.PropertySourcesPlaceholderConfigurer], falling back to Environment
[${project.name}][${env:SERVER_PORT}] 2019-10-25 14:42:34,863 INFO [main][PostProcessorRegistrationDelegate.java:330] - Bean 'cn.itcast.wanxinp2p.consumer.agent.AccountApiAgent' of type [org.springframework.cloud.openfeign.FeignClientFactoryBean] is not eligible for getting processed by all BeanPostProcessors (for example: not eligible for auto-proxying)
[${project.name}][${env:SERVER_PORT}] 2019-10-25 14:42:34,866 INFO [main][PostProcessorRegistrationDelegate.java:330] - Bean 'cn.itcast.wanxinp2p.consumer.agent.DepositoryAgentApiAgent' of type [org.springframework.cloud.openfeign.FeignClientFactoryBean] is not eligible for getting processed by all BeanPostProcessors (for example: not eligible for auto-proxying)
[${project.name}][${env:SERVER_PORT}] 2019-10-25 14:42:34,902 INFO [main][PostProcessorRegistrationDelegate.java:330] - Bean 'com.alibaba.druid.spring.boot.autoconfigure.stat.DruidSpringAopConfiguration' of type [com.alibaba.druid.spring.boot.autoconfigure.stat.DruidSpringAopConfiguration] is not eligible for getting processed by all BeanPostProcessors (for example: not eligible for auto-proxying)
[${project.name}][${env:SERVER_PORT}] 2019-10-25 14:42:34,924 INFO [main][PostProcessorRegistrationDelegate.java:330] - Bean 'org.apache.rocketmq.spring.autoconfigure.RocketMQAutoConfiguration' of type [org.apache.rocketmq.spring.autoconfigure.RocketMQAutoConfiguration$$EnhancerBySpringCGLIB$$86da1966] is not eligible for getting processed by all BeanPostProcessors (for example: not eligible for auto-proxying)
[${project.name}][${env:SERVER_PORT}] 2019-10-25 14:42:34,942 INFO [main][PostProcessorRegistrationDelegate.java:330] - Bean 'rocketmq-org.apache.rocketmq.spring.autoconfigure.RocketMQProperties' of type [org.apache.rocketmq.spring.autoconfigure.RocketMQProperties] is not eligible for getting processed by all BeanPostProcessors (for example: not eligible for auto-proxying)
[${project.name}][${env:SERVER_PORT}] 2019-10-25 14:42:35,243 INFO [main][PostProcessorRegistrationDelegate.java:330] - Bean 'defaultMQProducer' of type [org.apache.rocketmq.client.producer.DefaultMQProducer] is not eligible for getting processed by all BeanPostProcessors (for example: not eligible for auto-proxying)
[${project.name}][${env:SERVER_PORT}] 2019-10-25 14:42:35,247 INFO [main][PostProcessorRegistrationDelegate.java:330] - Bean 'org.springframework.boot.autoconfigure.jackson.JacksonAutoConfiguration$JacksonObjectMapperConfiguration' of type [org.springframework.boot.autoconfigure.jackson.JacksonAutoConfiguration$JacksonObjectMapperConfiguration$$EnhancerBySpringCGLIB$$b9d789fb] is not eligible for getting processed by all BeanPostProcessors (for example: not eligible for auto-proxying)
[${project.name}][${env:SERVER_PORT}] 2019-10-25 14:42:35,252 INFO [main][PostProcessorRegistrationDelegate.java:330] - Bean 'org.springframework.boot.autoconfigure.jackson.JacksonAutoConfiguration$JacksonObjectMapperBuilderConfiguration' of type [org.springframework.boot.autoconfigure.jackson.JacksonAutoConfiguration$JacksonObjectMapperBuilderConfiguration$$EnhancerBySpringCGLIB$$6c244c14] is not eligible for getting processed by all BeanPostProcessors (for example: not eligible for auto-proxying)
[${project.name}][${env:SERVER_PORT}] 2019-10-25 14:42:35,256 INFO [main][PostProcessorRegistrationDelegate.java:330] - Bean 'org.springframework.boot.autoconfigure.jackson.JacksonAutoConfiguration$Jackson2ObjectMapperBuilderCustomizerConfiguration' of type [org.springframework.boot.autoconfigure.jackson.JacksonAutoConfiguration$Jackson2ObjectMapperBuilderCustomizerConfiguration$$EnhancerBySpringCGLIB$$273b3203] is not eligible for getting processed by all BeanPostProcessors (for example: not eligible for auto-proxying)
[${project.name}][${env:SERVER_PORT}] 2019-10-25 14:42:35,265 INFO [main][PostProcessorRegistrationDelegate.java:330] - Bean 'spring.jackson-org.springframework.boot.autoconfigure.jackson.JacksonProperties' of type [org.springframework.boot.autoconfigure.jackson.JacksonProperties] is not eligible for getting processed by all BeanPostProcessors (for example: not eligible for auto-proxying)
[${project.name}][${env:SERVER_PORT}] 2019-10-25 14:42:35,271 INFO [main][PostProcessorRegistrationDelegate.java:330] - Bean 'standardJacksonObjectMapperBuilderCustomizer' of type [org.springframework.boot.autoconfigure.jackson.JacksonAutoConfiguration$Jackson2ObjectMapperBuilderCustomizerConfiguration$StandardJackson2ObjectMapperBuilderCustomizer] is not eligible for getting processed by all BeanPostProcessors (for example: not eligible for auto-proxying)
[${project.name}][${env:SERVER_PORT}] 2019-10-25 14:42:35,284 INFO [main][PostProcessorRegistrationDelegate.java:330] - Bean 'org.springframework.boot.autoconfigure.jackson.JacksonAutoConfiguration$ParameterNamesModuleConfiguration' of type [org.springframework.boot.autoconfigure.jackson.JacksonAutoConfiguration$ParameterNamesModuleConfiguration$$EnhancerBySpringCGLIB$$4e06a931] is not eligible for getting processed by all BeanPostProcessors (for example: not eligible for auto-proxying)
[${project.name}][${env:SERVER_PORT}] 2019-10-25 14:42:35,294 INFO [main][PostProcessorRegistrationDelegate.java:330] - Bean 'parameterNamesModule' of type [com.fasterxml.jackson.module.paramnames.ParameterNamesModule] is not eligible for getting processed by all BeanPostProcessors (for example: not eligible for auto-proxying)
[${project.name}][${env:SERVER_PORT}] 2019-10-25 14:42:35,295 INFO [main][PostProcessorRegistrationDelegate.java:330] - Bean 'org.springframework.boot.autoconfigure.jackson.JacksonAutoConfiguration' of type [org.springframework.boot.autoconfigure.jackson.JacksonAutoConfiguration$$EnhancerBySpringCGLIB$$9be3278a] is not eligible for getting processed by all BeanPostProcessors (for example: not eligible for auto-proxying)
[${project.name}][${env:SERVER_PORT}] 2019-10-25 14:42:35,397 INFO [main][PostProcessorRegistrationDelegate.java:330] - Bean 'jsonComponentModule' of type [org.springframework.boot.jackson.JsonComponentModule] is not eligible for getting processed by all BeanPostProcessors (for example: not eligible for auto-proxying)
[${project.name}][${env:SERVER_PORT}] 2019-10-25 14:42:35,397 INFO [main][PostProcessorRegistrationDelegate.java:330] - Bean 'org.springframework.data.web.config.SpringDataJacksonConfiguration' of type [org.springframework.data.web.config.SpringDataJacksonConfiguration] is not eligible for getting processed by all BeanPostProcessors (for example: not eligible for auto-proxying)
[${project.name}][${env:SERVER_PORT}] 2019-10-25 14:42:35,411 INFO [main][PostProcessorRegistrationDelegate.java:330] - Bean 'jacksonGeoModule' of type [org.springframework.data.geo.GeoModule] is not eligible for getting processed by all BeanPostProcessors (for example: not eligible for auto-proxying)
[${project.name}][${env:SERVER_PORT}] 2019-10-25 14:42:35,417 INFO [main][PostProcessorRegistrationDelegate.java:330] - Bean 'jacksonObjectMapperBuilder' of type [org.springframework.http.converter.json.Jackson2ObjectMapperBuilder] is not eligible for getting processed by all BeanPostProcessors (for example: not eligible for auto-proxying)
[${project.name}][${env:SERVER_PORT}] 2019-10-25 14:42:35,484 INFO [main][PostProcessorRegistrationDelegate.java:330] - Bean 'jacksonObjectMapper' of type [com.fasterxml.jackson.databind.ObjectMapper] is not eligible for getting processed by all BeanPostProcessors (for example: not eligible for auto-proxying)
[${project.name}][${env:SERVER_PORT}] 2019-10-25 14:42:36,203 INFO [main][PostProcessorRegistrationDelegate.java:330] - Bean 'rocketMQTemplate' of type [org.apache.rocketmq.spring.core.RocketMQTemplate] is not eligible for getting processed by all BeanPostProcessors (for example: not eligible for auto-proxying)
[${project.name}][${env:SERVER_PORT}] 2019-10-25 14:42:36,207 INFO [main][PostProcessorRegistrationDelegate.java:330] - Bean 'transactionHandlerRegistry' of type [org.apache.rocketmq.spring.config.TransactionHandlerRegistry] is not eligible for getting processed by all BeanPostProcessors (for example: not eligible for auto-proxying)
[${project.name}][${env:SERVER_PORT}] 2019-10-25 14:42:36,323 INFO [main][PostProcessorRegistrationDelegate.java:330] - Bean 'org.springframework.transaction.annotation.ProxyTransactionManagementConfiguration' of type [org.springframework.transaction.annotation.ProxyTransactionManagementConfiguration$$EnhancerBySpringCGLIB$$5e440a6a] is not eligible for getting processed by all BeanPostProcessors (for example: not eligible for auto-proxying)
[${project.name}][${env:SERVER_PORT}] 2019-10-25 14:42:36,669 INFO [Eureka-EvictionTimer][AbstractInstanceRegistry.java:1250] - Running the evict task with compensationTime 0ms
[${project.name}][${env:SERVER_PORT}] 2019-10-25 14:42:36,744 INFO [main][PostProcessorRegistrationDelegate.java:330] - Bean 'spring.datasource.druid-com.alibaba.druid.spring.boot.autoconfigure.properties.DruidStatProperties' of type [com.alibaba.druid.spring.boot.autoconfigure.properties.DruidStatProperties] is not eligible for getting processed by all BeanPostProcessors (for example: not eligible for auto-proxying)
[${project.name}][${env:SERVER_PORT}] 2019-10-25 14:42:36,771 INFO [main][PostProcessorRegistrationDelegate.java:330] - Bean 'advisor' of type [org.springframework.aop.support.RegexpMethodPointcutAdvisor] is not eligible for getting processed by all BeanPostProcessors (for example: not eligible for auto-proxying)
[${project.name}][${env:SERVER_PORT}] 2019-10-25 14:42:36,772 INFO [main][PostProcessorRegistrationDelegate.java:330] - Bean 'hmilyFeignConfiguration' of type [org.dromara.hmily.springcloud.configuration.HmilyFeignConfiguration$$EnhancerBySpringCGLIB$$8c952336] is not eligible for getting processed by all BeanPostProcessors (for example: not eligible for auto-proxying)
[${project.name}][${env:SERVER_PORT}] 2019-10-25 14:42:36,796 INFO [main][PostProcessorRegistrationDelegate.java:330] - Bean 'org.springframework.cloud.autoconfigure.ConfigurationPropertiesRebinderAutoConfiguration' of type [org.springframework.cloud.autoconfigure.ConfigurationPropertiesRebinderAutoConfiguration$$EnhancerBySpringCGLIB$$7a5e0d67] is not eligible for getting processed by all BeanPostProcessors (for example: not eligible for auto-proxying)
[${project.name}][${env:SERVER_PORT}] 2019-10-25 14:42:37,443 INFO [main][TomcatWebServer.java:90] - Tomcat initialized with port(s): 53050 (http)
[${project.name}][${env:SERVER_PORT}] 2019-10-25 14:42:37,469 INFO [main][DirectJDKLog.java:173] - Initializing ProtocolHandler ["http-nio-53050"]
[${project.name}][${env:SERVER_PORT}] 2019-10-25 14:42:37,481 INFO [main][DirectJDKLog.java:173] - Starting service [Tomcat]
[${project.name}][${env:SERVER_PORT}] 2019-10-25 14:42:37,481 INFO [main][DirectJDKLog.java:173] - Starting Servlet engine: [Apache Tomcat/9.0.16]
[${project.name}][${env:SERVER_PORT}] 2019-10-25 14:42:37,489 INFO [main][DirectJDKLog.java:173] - The APR based Apache Tomcat Native library which allows optimal performance in production environments was not found on the java.library.path: [C:\Program Files\Java\jdk1.8.0_171\bin;C:\WINDOWS\Sun\Java\bin;C:\WINDOWS\system32;C:\WINDOWS;C:\Program Files\Java\jdk1.8.0_171\bin;C:\Program Files (x86)\Common Files\Oracle\Java\javapath;C:\WINDOWS\system32;C:\WINDOWS;C:\WINDOWS\System32\Wbem;C:\WINDOWS\System32\WindowsPowerShell\v1.0\;C:\Program Files\MySQL\MySQL Utilities 1.6\;C:\WINDOWS\System32\OpenSSH\;C:\Program Files\Git\cmd;C:\Program Files\TortoiseGit\bin;C:\Program Files\nodejs\;C:\Ruby26-x64\bin;C:\Users\apple\AppData\Local\Microsoft\WindowsApps;E:\apache-maven-3.5.4\bin;C:\Users\apple\AppData\Roaming\npm;;.]
[${project.name}][${env:SERVER_PORT}] 2019-10-25 14:42:37,753 INFO [main][DirectJDKLog.java:173] - Initializing Spring embedded WebApplicationContext
[${project.name}][${env:SERVER_PORT}] 2019-10-25 14:42:37,753 INFO [main][ServletWebServerApplicationContext.java:296] - Root WebApplicationContext: initialization completed in 7316 ms
[${project.name}][${env:SERVER_PORT}] 2019-10-25 14:42:38,050 WARN [main][URLConfigurationSource.java:121] - No URLs will be polled as dynamic configuration sources.
[${project.name}][${env:SERVER_PORT}] 2019-10-25 14:42:38,051 INFO [main][URLConfigurationSource.java:122] - To enable URLs as dynamic configuration sources, define System property archaius.configurationSource.additionalUrls or make config.properties available on classpath.
[${project.name}][${env:SERVER_PORT}] 2019-10-25 14:42:38,068 INFO [main][DynamicPropertyFactory.java:281] - DynamicPropertyFactory is initialized with configuration sources: com.netflix.config.ConcurrentCompositeConfiguration@306cfb8a
[${project.name}][${env:SERVER_PORT}] 2019-10-25 14:42:38,239 INFO [main][DruidDataSourceAutoConfigure.java:56] - Init DruidDataSource
[${project.name}][${env:SERVER_PORT}] 2019-10-25 14:42:38,585 INFO [NettyClientSelector_1][Slf4jLoggerFactory.java:95] - closeChannel: close the connection to remote address[] result: true
[${project.name}][${env:SERVER_PORT}] 2019-10-25 14:42:38,585 INFO [NettyClientSelector_1][Slf4jLoggerFactory.java:95] - closeChannel: close the connection to remote address[] result: true
[${project.name}][${env:SERVER_PORT}] 2019-10-25 14:42:38,734 INFO [main][DruidDataSource.java:1002] - {dataSource-1} inited
[${project.name}][${env:SERVER_PORT}] 2019-10-25 14:42:39,867 INFO [main][HikariDataSource.java:110] - HikariPool-1 - Starting...
[${project.name}][${env:SERVER_PORT}] 2019-10-25 14:42:39,916 INFO [main][HikariDataSource.java:123] - HikariPool-1 - Start completed.
[${project.name}][${env:SERVER_PORT}] 2019-10-25 14:42:39,953 INFO [main][HmilyLogo.java:49] - 


    __  __          _ __     
   / / / /___ ___  (_) /_  __
  / /_/ / __ `__ \/ / / / / /
 / __  / / / / / / / / /_/ / 
/_/ /_/_/ /_/ /_/_/_/\__, /  
                    /____/   

 :: Hmily :: (v2.0.5-RELEASE)

[${project.name}][${env:SERVER_PORT}] 2019-10-25 14:42:39,969 INFO [main][AutowiredAnnotationBeanPostProcessor.java:342] - Inconsistent constructor declaration on bean with name 'hmilyTransactionSelfRecoveryScheduled': single autowire-marked constructor flagged as optional - this constructor is effectively required since there is no default constructor to fall back to: public org.dromara.hmily.core.schedule.HmilyTransactionSelfRecoveryScheduled(org.dromara.hmily.common.config.HmilyConfig)
[${project.name}][${env:SERVER_PORT}] 2019-10-25 14:42:44,252 INFO [NettyClientSelector_1][Slf4jLoggerFactory.java:95] - closeChannel: close the connection to remote address[] result: true
[${project.name}][${env:SERVER_PORT}] 2019-10-25 14:42:46,259 INFO [NettyClientSelector_1][Slf4jLoggerFactory.java:95] - closeChannel: close the connection to remote address[] result: true
[${project.name}][${env:SERVER_PORT}] 2019-10-25 14:42:46,670 INFO [Eureka-EvictionTimer][AbstractInstanceRegistry.java:1250] - Running the evict task with compensationTime 0ms
[${project.name}][${env:SERVER_PORT}] 2019-10-25 14:42:46,832 INFO [main][EndpointLinksResolver.java:59] - Exposing 2 endpoint(s) beneath base path '/actuator'
[${project.name}][${env:SERVER_PORT}] 2019-10-25 14:42:47,007 INFO [main][PropertySourcedRequestMappingHandlerMapping.java:69] - Mapped URL path [/v2/api-docs] onto method [public org.springframework.http.ResponseEntity<springfox.documentation.spring.web.json.Json> springfox.documentation.swagger2.web.Swagger2Controller.getDocumentation(java.lang.String,javax.servlet.http.HttpServletRequest)]
[${project.name}][${env:SERVER_PORT}] 2019-10-25 14:42:47,048 WARN [main][URLConfigurationSource.java:121] - No URLs will be polled as dynamic configuration sources.
[${project.name}][${env:SERVER_PORT}] 2019-10-25 14:42:47,049 INFO [main][URLConfigurationSource.java:122] - To enable URLs as dynamic configuration sources, define System property archaius.configurationSource.additionalUrls or make config.properties available on classpath.
[${project.name}][${env:SERVER_PORT}] 2019-10-25 14:42:47,308 INFO [main][ExecutorConfigurationSupport.java:171] - Initializing ExecutorService 'applicationTaskExecutor'
[${project.name}][${env:SERVER_PORT}] 2019-10-25 14:42:49,304 INFO [main][InstanceInfoFactory.java:71] - Setting initial instance status as: STARTING
[${project.name}][${env:SERVER_PORT}] 2019-10-25 14:42:49,379 INFO [main][DiscoveryClient.java:349] - Initializing Eureka in region us-east-1
[${project.name}][${env:SERVER_PORT}] 2019-10-25 14:42:49,523 INFO [main][DiscoveryJerseyProvider.java:70] - Using JSON encoding codec LegacyJacksonJson
[${project.name}][${env:SERVER_PORT}] 2019-10-25 14:42:49,524 INFO [main][DiscoveryJerseyProvider.java:71] - Using JSON decoding codec LegacyJacksonJson
[${project.name}][${env:SERVER_PORT}] 2019-10-25 14:42:49,795 INFO [main][DiscoveryJerseyProvider.java:80] - Using XML encoding codec XStreamXml
[${project.name}][${env:SERVER_PORT}] 2019-10-25 14:42:49,796 INFO [main][DiscoveryJerseyProvider.java:81] - Using XML decoding codec XStreamXml
[${project.name}][${env:SERVER_PORT}] 2019-10-25 14:42:50,339 INFO [NettyClientSelector_1][Slf4jLoggerFactory.java:95] - closeChannel: close the connection to remote address[] result: true
[${project.name}][${env:SERVER_PORT}] 2019-10-25 14:42:50,361 INFO [main][ConfigClusterResolver.java:43] - Resolving eureka endpoints via configuration
[${project.name}][${env:SERVER_PORT}] 2019-10-25 14:42:50,478 INFO [main][DiscoveryClient.java:958] - Disable delta property : false
[${project.name}][${env:SERVER_PORT}] 2019-10-25 14:42:50,479 INFO [main][DiscoveryClient.java:959] - Single vip registry refresh property : null
[${project.name}][${env:SERVER_PORT}] 2019-10-25 14:42:50,479 INFO [main][DiscoveryClient.java:960] - Force full registry fetch : false
[${project.name}][${env:SERVER_PORT}] 2019-10-25 14:42:50,479 INFO [main][DiscoveryClient.java:961] - Application is null : false
[${project.name}][${env:SERVER_PORT}] 2019-10-25 14:42:50,479 INFO [main][DiscoveryClient.java:962] - Registered Applications size is zero : true
[${project.name}][${env:SERVER_PORT}] 2019-10-25 14:42:50,480 INFO [main][DiscoveryClient.java:964] - Application version is -1: true
[${project.name}][${env:SERVER_PORT}] 2019-10-25 14:42:50,480 INFO [main][DiscoveryClient.java:1047] - Getting all instance registry info from the eureka server
[${project.name}][${env:SERVER_PORT}] 2019-10-25 14:42:50,881 INFO [main][DiscoveryClient.java:1056] - The response status is 200
[${project.name}][${env:SERVER_PORT}] 2019-10-25 14:42:50,884 INFO [main][DiscoveryClient.java:1270] - Starting heartbeat executor: renew interval is: 30
[${project.name}][${env:SERVER_PORT}] 2019-10-25 14:42:50,895 INFO [main][InstanceInfoReplicator.java:60] - InstanceInfoReplicator onDemand update allowed rate per min is 4
[${project.name}][${env:SERVER_PORT}] 2019-10-25 14:42:50,902 INFO [main][DiscoveryClient.java:449] - Discovery Client initialized at timestamp 1571985770899 with initial instances count: 0
[${project.name}][${env:SERVER_PORT}] 2019-10-25 14:42:50,908 INFO [main][EurekaServiceRegistry.java:42] - Registering application CONSUMER-SERVICE with eureka with status UP
[${project.name}][${env:SERVER_PORT}] 2019-10-25 14:42:50,909 INFO [main][DiscoveryClient.java:1305] - Saw local status change event StatusChangeEvent [timestamp=1571985770909, current=UP, previous=STARTING]
[${project.name}][${env:SERVER_PORT}] 2019-10-25 14:42:50,913 INFO [main][DocumentationPluginsBootstrapper.java:160] - Context refreshed
[${project.name}][${env:SERVER_PORT}] 2019-10-25 14:42:50,915 INFO [DiscoveryClient-InstanceInfoReplicator-0][DiscoveryClient.java:826] - DiscoveryClient_CONSUMER-SERVICE/consumer-service:192.168.2.154:53050: registering service...
[${project.name}][${env:SERVER_PORT}] 2019-10-25 14:42:50,933 INFO [main][DocumentationPluginsBootstrapper.java:163] - Found 1 custom documentation plugin(s)
[${project.name}][${env:SERVER_PORT}] 2019-10-25 14:42:51,014 INFO [main][ApiListingReferenceScanner.java:41] - Scanning for api listing references
[${project.name}][${env:SERVER_PORT}] 2019-10-25 14:42:51,092 INFO [http-nio-53000-exec-2][AbstractInstanceRegistry.java:266] - Registered instance CONSUMER-SERVICE/consumer-service:192.168.2.154:53050 with status UP (replication=false)
[${project.name}][${env:SERVER_PORT}] 2019-10-25 14:42:51,111 INFO [DiscoveryClient-InstanceInfoReplicator-0][DiscoveryClient.java:835] - DiscoveryClient_CONSUMER-SERVICE/consumer-service:192.168.2.154:53050 - registration status: 204
[${project.name}][${env:SERVER_PORT}] 2019-10-25 14:42:51,421 INFO [main][DirectJDKLog.java:173] - Starting ProtocolHandler ["http-nio-53050"]
[${project.name}][${env:SERVER_PORT}] 2019-10-25 14:42:51,462 INFO [main][TomcatWebServer.java:204] - Tomcat started on port(s): 53050 (http) with context path '/consumer'
[${project.name}][${env:SERVER_PORT}] 2019-10-25 14:42:51,464 INFO [main][EurekaAutoServiceRegistration.java:141] - Updating port to 53050
[${project.name}][${env:SERVER_PORT}] 2019-10-25 14:42:51,468 INFO [main][StartupInfoLogger.java:59] - Started ConsumerService in 24.455 seconds (JVM running for 28.172)
[${project.name}][${env:SERVER_PORT}] 2019-10-25 14:42:51,815 INFO [RMI TCP Connection(2)-127.0.0.1][DirectJDKLog.java:173] - Initializing Spring DispatcherServlet 'dispatcherServlet'
[${project.name}][${env:SERVER_PORT}] 2019-10-25 14:42:51,816 INFO [RMI TCP Connection(2)-127.0.0.1][FrameworkServlet.java:524] - Initializing Servlet 'dispatcherServlet'
[${project.name}][${env:SERVER_PORT}] 2019-10-25 14:42:51,849 INFO [RMI TCP Connection(2)-127.0.0.1][FrameworkServlet.java:546] - Completed initialization in 33 ms
[${project.name}][${env:SERVER_PORT}] 2019-10-25 14:42:51,859 INFO [http-nio-53000-exec-3][AbstractInstanceRegistry.java:266] - Registered instance CONSUMER-SERVICE/consumer-service:192.168.2.154:53050 with status UP (replication=true)
[${project.name}][${env:SERVER_PORT}] 2019-10-25 14:42:56,670 INFO [Eureka-EvictionTimer][AbstractInstanceRegistry.java:1250] - Running the evict task with compensationTime 0ms
[${project.name}][${env:SERVER_PORT}] 2019-10-25 14:43:04,323 INFO [http-nio-53000-exec-6][AbstractInstanceRegistry.java:266] - Registered instance REPAYMENT-SERVICE/repayment-service:192.168.2.154:53080 with status UP (replication=false)
[${project.name}][${env:SERVER_PORT}] 2019-10-25 14:43:04,837 INFO [http-nio-53000-exec-5][AbstractInstanceRegistry.java:266] - Registered instance REPAYMENT-SERVICE/repayment-service:192.168.2.154:53080 with status UP (replication=true)
[${project.name}][${env:SERVER_PORT}] 2019-10-25 14:43:06,670 INFO [Eureka-EvictionTimer][AbstractInstanceRegistry.java:1250] - Running the evict task with compensationTime 0ms
[${project.name}][${env:SERVER_PORT}] 2019-10-25 14:43:08,045 INFO [NettyClientSelector_1][Slf4jLoggerFactory.java:95] - closeChannel: close the connection to remote address[] result: true
[${project.name}][${env:SERVER_PORT}] 2019-10-25 14:43:08,221 INFO [NettyClientSelector_1][Slf4jLoggerFactory.java:95] - closeChannel: close the connection to remote address[] result: true
[${project.name}][${env:SERVER_PORT}] 2019-10-25 14:43:12,063 INFO [NettyClientSelector_1][Slf4jLoggerFactory.java:95] - closeChannel: close the connection to remote address[] result: true
[${project.name}][${env:SERVER_PORT}] 2019-10-25 14:43:14,072 INFO [NettyClientSelector_1][Slf4jLoggerFactory.java:95] - closeChannel: close the connection to remote address[] result: true
[${project.name}][${env:SERVER_PORT}] 2019-10-25 14:43:16,081 INFO [NettyClientSelector_1][Slf4jLoggerFactory.java:95] - closeChannel: close the connection to remote address[] result: true
[${project.name}][${env:SERVER_PORT}] 2019-10-25 14:43:16,476 INFO [ReplicaAwareInstanceRegistry - RenewalThresholdUpdater][PeerAwareInstanceRegistryImpl.java:539] - Current renewal threshold is : 0
[${project.name}][${env:SERVER_PORT}] 2019-10-25 14:43:16,670 INFO [Eureka-EvictionTimer][AbstractInstanceRegistry.java:1250] - Running the evict task with compensationTime 0ms
[${project.name}][${env:SERVER_PORT}] 2019-10-25 14:43:20,885 INFO [DiscoveryClient-CacheRefreshExecutor-0][DiscoveryClient.java:958] - Disable delta property : false
[${project.name}][${env:SERVER_PORT}] 2019-10-25 14:43:20,886 INFO [DiscoveryClient-CacheRefreshExecutor-0][DiscoveryClient.java:959] - Single vip registry refresh property : null
[${project.name}][${env:SERVER_PORT}] 2019-10-25 14:43:20,886 INFO [DiscoveryClient-CacheRefreshExecutor-0][DiscoveryClient.java:960] - Force full registry fetch : false
[${project.name}][${env:SERVER_PORT}] 2019-10-25 14:43:20,886 INFO [DiscoveryClient-CacheRefreshExecutor-0][DiscoveryClient.java:961] - Application is null : false
[${project.name}][${env:SERVER_PORT}] 2019-10-25 14:43:20,886 INFO [DiscoveryClient-CacheRefreshExecutor-0][DiscoveryClient.java:962] - Registered Applications size is zero : true
[${project.name}][${env:SERVER_PORT}] 2019-10-25 14:43:20,886 INFO [DiscoveryClient-CacheRefreshExecutor-0][DiscoveryClient.java:964] - Application version is -1: false
[${project.name}][${env:SERVER_PORT}] 2019-10-25 14:43:20,887 INFO [DiscoveryClient-CacheRefreshExecutor-0][DiscoveryClient.java:1047] - Getting all instance registry info from the eureka server
[${project.name}][${env:SERVER_PORT}] 2019-10-25 14:43:20,964 INFO [DiscoveryClient-CacheRefreshExecutor-0][DiscoveryClient.java:1056] - The response status is 200
[${project.name}][${env:SERVER_PORT}] 2019-10-25 14:43:26,670 INFO [Eureka-EvictionTimer][AbstractInstanceRegistry.java:1250] - Running the evict task with compensationTime 0ms
[${project.name}][${env:SERVER_PORT}] 2019-10-25 14:43:36,670 INFO [Eureka-EvictionTimer][AbstractInstanceRegistry.java:1250] - Running the evict task with compensationTime 0ms
[${project.name}][${env:SERVER_PORT}] 2019-10-25 14:43:38,043 INFO [NettyClientSelector_1][Slf4jLoggerFactory.java:95] - closeChannel: close the connection to remote address[] result: true
[${project.name}][${env:SERVER_PORT}] 2019-10-25 14:43:38,222 INFO [NettyClientSelector_1][Slf4jLoggerFactory.java:95] - closeChannel: close the connection to remote address[] result: true
[${project.name}][${env:SERVER_PORT}] 2019-10-25 14:43:40,052 INFO [NettyClientSelector_1][Slf4jLoggerFactory.java:95] - closeChannel: close the connection to remote address[] result: true
[${project.name}][${env:SERVER_PORT}] 2019-10-25 14:43:42,060 INFO [NettyClientSelector_1][Slf4jLoggerFactory.java:95] - closeChannel: close the connection to remote address[] result: true
[${project.name}][${env:SERVER_PORT}] 2019-10-25 14:43:44,068 INFO [NettyClientSelector_1][Slf4jLoggerFactory.java:95] - closeChannel: close the connection to remote address[] result: true
[${project.name}][${env:SERVER_PORT}] 2019-10-25 14:43:46,670 INFO [Eureka-EvictionTimer][AbstractInstanceRegistry.java:1250] - Running the evict task with compensationTime 0ms
[${project.name}][${env:SERVER_PORT}] 2019-10-25 14:43:56,672 INFO [Eureka-EvictionTimer][AbstractInstanceRegistry.java:1250] - Running the evict task with compensationTime 1ms
[${project.name}][${env:SERVER_PORT}] 2019-10-25 14:44:00,301 DEBUG [http-nio-53050-exec-2][BaseJdbcLogger.java:159] - ==>  Preparing: SELECT ID,USERNAME,FULLNAME,ID_NUMBER,USER_NO,MOBILE,USER_TYPE,ROLE,AUTH_LIST,IS_BIND_CARD,STATUS,LOAN_AMOUNT,REQUEST_NO FROM consumer WHERE ID=? 
[${project.name}][${env:SERVER_PORT}] 2019-10-25 14:44:00,301 DEBUG [http-nio-53050-exec-1][BaseJdbcLogger.java:159] - ==>  Preparing: SELECT ID,USERNAME,FULLNAME,ID_NUMBER,USER_NO,MOBILE,USER_TYPE,ROLE,AUTH_LIST,IS_BIND_CARD,STATUS,LOAN_AMOUNT,REQUEST_NO FROM consumer WHERE ID=? 
[${project.name}][${env:SERVER_PORT}] 2019-10-25 14:44:00,368 DEBUG [http-nio-53050-exec-1][BaseJdbcLogger.java:159] - ==> Parameters: 27(Long)
[${project.name}][${env:SERVER_PORT}] 2019-10-25 14:44:00,368 DEBUG [http-nio-53050-exec-2][BaseJdbcLogger.java:159] - ==> Parameters: 27(Long)
[${project.name}][${env:SERVER_PORT}] 2019-10-25 14:44:00,394 DEBUG [http-nio-53050-exec-2][BaseJdbcLogger.java:159] - <==      Total: 1
[${project.name}][${env:SERVER_PORT}] 2019-10-25 14:44:00,394 DEBUG [http-nio-53050-exec-1][BaseJdbcLogger.java:159] - <==      Total: 1
[${project.name}][${env:SERVER_PORT}] 2019-10-25 14:44:05,042 DEBUG [http-nio-53050-exec-3][BaseJdbcLogger.java:159] - ==>  Preparing: SELECT ID,USERNAME,FULLNAME,ID_NUMBER,USER_NO,MOBILE,USER_TYPE,ROLE,AUTH_LIST,IS_BIND_CARD,STATUS,LOAN_AMOUNT,REQUEST_NO FROM consumer WHERE ID=? 
[${project.name}][${env:SERVER_PORT}] 2019-10-25 14:44:05,042 DEBUG [http-nio-53050-exec-5][BaseJdbcLogger.java:159] - ==>  Preparing: SELECT ID,USERNAME,FULLNAME,ID_NUMBER,USER_NO,MOBILE,USER_TYPE,ROLE,AUTH_LIST,IS_BIND_CARD,STATUS,LOAN_AMOUNT,REQUEST_NO FROM consumer WHERE ID=? 
[${project.name}][${env:SERVER_PORT}] 2019-10-25 14:44:05,045 DEBUG [http-nio-53050-exec-5][BaseJdbcLogger.java:159] - ==> Parameters: 27(Long)
[${project.name}][${env:SERVER_PORT}] 2019-10-25 14:44:05,047 DEBUG [http-nio-53050-exec-3][BaseJdbcLogger.java:159] - ==> Parameters: 27(Long)
[${project.name}][${env:SERVER_PORT}] 2019-10-25 14:44:05,050 DEBUG [http-nio-53050-exec-5][BaseJdbcLogger.java:159] - <==      Total: 1
[${project.name}][${env:SERVER_PORT}] 2019-10-25 14:44:05,051 DEBUG [http-nio-53050-exec-3][BaseJdbcLogger.java:159] - <==      Total: 1
[${project.name}][${env:SERVER_PORT}] 2019-10-25 14:44:06,075 INFO [NettyClientSelector_1][Slf4jLoggerFactory.java:95] - closeChannel: close the connection to remote address[] result: true
[${project.name}][${env:SERVER_PORT}] 2019-10-25 14:44:06,671 INFO [Eureka-EvictionTimer][AbstractInstanceRegistry.java:1250] - Running the evict task with compensationTime 0ms
[${project.name}][${env:SERVER_PORT}] 2019-10-25 14:44:08,086 INFO [NettyClientSelector_1][Slf4jLoggerFactory.java:95] - closeChannel: close the connection to remote address[] result: true
[${project.name}][${env:SERVER_PORT}] 2019-10-25 14:44:08,219 INFO [NettyClientSelector_1][Slf4jLoggerFactory.java:95] - closeChannel: close the connection to remote address[] result: true
[${project.name}][${env:SERVER_PORT}] 2019-10-25 14:44:10,025 DEBUG [http-nio-53050-exec-6][BaseJdbcLogger.java:159] - ==>  Preparing: SELECT ID,USERNAME,FULLNAME,ID_NUMBER,USER_NO,MOBILE,USER_TYPE,ROLE,AUTH_LIST,IS_BIND_CARD,STATUS,LOAN_AMOUNT,REQUEST_NO FROM consumer WHERE ID=? 
[${project.name}][${env:SERVER_PORT}] 2019-10-25 14:44:10,026 DEBUG [http-nio-53050-exec-4][BaseJdbcLogger.java:159] - ==>  Preparing: SELECT ID,USERNAME,FULLNAME,ID_NUMBER,USER_NO,MOBILE,USER_TYPE,ROLE,AUTH_LIST,IS_BIND_CARD,STATUS,LOAN_AMOUNT,REQUEST_NO FROM consumer WHERE ID=? 
[${project.name}][${env:SERVER_PORT}] 2019-10-25 14:44:10,026 DEBUG [http-nio-53050-exec-4][BaseJdbcLogger.java:159] - ==> Parameters: 27(Long)
[${project.name}][${env:SERVER_PORT}] 2019-10-25 14:44:10,026 DEBUG [http-nio-53050-exec-6][BaseJdbcLogger.java:159] - ==> Parameters: 27(Long)
[${project.name}][${env:SERVER_PORT}] 2019-10-25 14:44:10,029 DEBUG [http-nio-53050-exec-4][BaseJdbcLogger.java:159] - <==      Total: 1
[${project.name}][${env:SERVER_PORT}] 2019-10-25 14:44:10,029 DEBUG [http-nio-53050-exec-6][BaseJdbcLogger.java:159] - <==      Total: 1
[${project.name}][${env:SERVER_PORT}] 2019-10-25 14:44:10,095 INFO [NettyClientSelector_1][Slf4jLoggerFactory.java:95] - closeChannel: close the connection to remote address[] result: true
[${project.name}][${env:SERVER_PORT}] 2019-10-25 14:44:12,104 INFO [NettyClientSelector_1][Slf4jLoggerFactory.java:95] - closeChannel: close the connection to remote address[] result: true
[${project.name}][${env:SERVER_PORT}] 2019-10-25 14:44:15,027 DEBUG [http-nio-53050-exec-7][BaseJdbcLogger.java:159] - ==>  Preparing: SELECT ID,USERNAME,FULLNAME,ID_NUMBER,USER_NO,MOBILE,USER_TYPE,ROLE,AUTH_LIST,IS_BIND_CARD,STATUS,LOAN_AMOUNT,REQUEST_NO FROM consumer WHERE ID=? 
[${project.name}][${env:SERVER_PORT}] 2019-10-25 14:44:15,028 DEBUG [http-nio-53050-exec-8][BaseJdbcLogger.java:159] - ==>  Preparing: SELECT ID,USERNAME,FULLNAME,ID_NUMBER,USER_NO,MOBILE,USER_TYPE,ROLE,AUTH_LIST,IS_BIND_CARD,STATUS,LOAN_AMOUNT,REQUEST_NO FROM consumer WHERE ID=? 
[${project.name}][${env:SERVER_PORT}] 2019-10-25 14:44:15,028 DEBUG [http-nio-53050-exec-7][BaseJdbcLogger.java:159] - ==> Parameters: 27(Long)
[${project.name}][${env:SERVER_PORT}] 2019-10-25 14:44:15,029 DEBUG [http-nio-53050-exec-8][BaseJdbcLogger.java:159] - ==> Parameters: 27(Long)
[${project.name}][${env:SERVER_PORT}] 2019-10-25 14:44:15,030 DEBUG [http-nio-53050-exec-7][BaseJdbcLogger.java:159] - <==      Total: 1
[${project.name}][${env:SERVER_PORT}] 2019-10-25 14:44:15,038 DEBUG [http-nio-53050-exec-8][BaseJdbcLogger.java:159] - <==      Total: 1
[${project.name}][${env:SERVER_PORT}] 2019-10-25 14:44:16,671 INFO [Eureka-EvictionTimer][AbstractInstanceRegistry.java:1250] - Running the evict task with compensationTime 0ms
[${project.name}][${env:SERVER_PORT}] 2019-10-25 14:44:20,032 DEBUG [http-nio-53050-exec-10][BaseJdbcLogger.java:159] - ==>  Preparing: SELECT ID,USERNAME,FULLNAME,ID_NUMBER,USER_NO,MOBILE,USER_TYPE,ROLE,AUTH_LIST,IS_BIND_CARD,STATUS,LOAN_AMOUNT,REQUEST_NO FROM consumer WHERE ID=? 
[${project.name}][${env:SERVER_PORT}] 2019-10-25 14:44:20,033 DEBUG [http-nio-53050-exec-9][BaseJdbcLogger.java:159] - ==>  Preparing: SELECT ID,USERNAME,FULLNAME,ID_NUMBER,USER_NO,MOBILE,USER_TYPE,ROLE,AUTH_LIST,IS_BIND_CARD,STATUS,LOAN_AMOUNT,REQUEST_NO FROM consumer WHERE ID=? 
[${project.name}][${env:SERVER_PORT}] 2019-10-25 14:44:20,034 DEBUG [http-nio-53050-exec-10][BaseJdbcLogger.java:159] - ==> Parameters: 27(Long)
[${project.name}][${env:SERVER_PORT}] 2019-10-25 14:44:20,035 DEBUG [http-nio-53050-exec-9][BaseJdbcLogger.java:159] - ==> Parameters: 27(Long)
[${project.name}][${env:SERVER_PORT}] 2019-10-25 14:44:20,039 DEBUG [http-nio-53050-exec-10][BaseJdbcLogger.java:159] - <==      Total: 1
[${project.name}][${env:SERVER_PORT}] 2019-10-25 14:44:20,040 DEBUG [http-nio-53050-exec-9][BaseJdbcLogger.java:159] - <==      Total: 1
[${project.name}][${env:SERVER_PORT}] 2019-10-25 14:44:25,031 DEBUG [http-nio-53050-exec-1][BaseJdbcLogger.java:159] - ==>  Preparing: SELECT ID,USERNAME,FULLNAME,ID_NUMBER,USER_NO,MOBILE,USER_TYPE,ROLE,AUTH_LIST,IS_BIND_CARD,STATUS,LOAN_AMOUNT,REQUEST_NO FROM consumer WHERE ID=? 
[${project.name}][${env:SERVER_PORT}] 2019-10-25 14:44:25,031 DEBUG [http-nio-53050-exec-2][BaseJdbcLogger.java:159] - ==>  Preparing: SELECT ID,USERNAME,FULLNAME,ID_NUMBER,USER_NO,MOBILE,USER_TYPE,ROLE,AUTH_LIST,IS_BIND_CARD,STATUS,LOAN_AMOUNT,REQUEST_NO FROM consumer WHERE ID=? 
[${project.name}][${env:SERVER_PORT}] 2019-10-25 14:44:25,032 DEBUG [http-nio-53050-exec-2][BaseJdbcLogger.java:159] - ==> Parameters: 27(Long)
[${project.name}][${env:SERVER_PORT}] 2019-10-25 14:44:25,032 DEBUG [http-nio-53050-exec-1][BaseJdbcLogger.java:159] - ==> Parameters: 27(Long)
[${project.name}][${env:SERVER_PORT}] 2019-10-25 14:44:25,035 DEBUG [http-nio-53050-exec-1][BaseJdbcLogger.java:159] - <==      Total: 1
[${project.name}][${env:SERVER_PORT}] 2019-10-25 14:44:25,035 DEBUG [http-nio-53050-exec-2][BaseJdbcLogger.java:159] - <==      Total: 1
[${project.name}][${env:SERVER_PORT}] 2019-10-25 14:44:26,672 INFO [Eureka-EvictionTimer][AbstractInstanceRegistry.java:1250] - Running the evict task with compensationTime 0ms
[${project.name}][${env:SERVER_PORT}] 2019-10-25 14:44:30,023 DEBUG [http-nio-53050-exec-3][BaseJdbcLogger.java:159] - ==>  Preparing: SELECT ID,USERNAME,FULLNAME,ID_NUMBER,USER_NO,MOBILE,USER_TYPE,ROLE,AUTH_LIST,IS_BIND_CARD,STATUS,LOAN_AMOUNT,REQUEST_NO FROM consumer WHERE ID=? 
[${project.name}][${env:SERVER_PORT}] 2019-10-25 14:44:30,023 DEBUG [http-nio-53050-exec-5][BaseJdbcLogger.java:159] - ==>  Preparing: SELECT ID,USERNAME,FULLNAME,ID_NUMBER,USER_NO,MOBILE,USER_TYPE,ROLE,AUTH_LIST,IS_BIND_CARD,STATUS,LOAN_AMOUNT,REQUEST_NO FROM consumer WHERE ID=? 
[${project.name}][${env:SERVER_PORT}] 2019-10-25 14:44:30,024 DEBUG [http-nio-53050-exec-3][BaseJdbcLogger.java:159] - ==> Parameters: 27(Long)
[${project.name}][${env:SERVER_PORT}] 2019-10-25 14:44:30,024 DEBUG [http-nio-53050-exec-5][BaseJdbcLogger.java:159] - ==> Parameters: 27(Long)
[${project.name}][${env:SERVER_PORT}] 2019-10-25 14:44:30,026 DEBUG [http-nio-53050-exec-3][BaseJdbcLogger.java:159] - <==      Total: 1
[${project.name}][${env:SERVER_PORT}] 2019-10-25 14:44:30,027 DEBUG [http-nio-53050-exec-5][BaseJdbcLogger.java:159] - <==      Total: 1
[${project.name}][${env:SERVER_PORT}] 2019-10-25 14:44:31,086 INFO [NettyClientSelector_1][Slf4jLoggerFactory.java:95] - closeChannel: close the connection to remote address[] result: true
[${project.name}][${env:SERVER_PORT}] 2019-10-25 14:44:33,093 INFO [NettyClientSelector_1][Slf4jLoggerFactory.java:95] - closeChannel: close the connection to remote address[] result: true
[${project.name}][${env:SERVER_PORT}] 2019-10-25 14:44:35,022 DEBUG [http-nio-53050-exec-6][BaseJdbcLogger.java:159] - ==>  Preparing: SELECT ID,USERNAME,FULLNAME,ID_NUMBER,USER_NO,MOBILE,USER_TYPE,ROLE,AUTH_LIST,IS_BIND_CARD,STATUS,LOAN_AMOUNT,REQUEST_NO FROM consumer WHERE ID=? 
[${project.name}][${env:SERVER_PORT}] 2019-10-25 14:44:35,022 DEBUG [http-nio-53050-exec-4][BaseJdbcLogger.java:159] - ==>  Preparing: SELECT ID,USERNAME,FULLNAME,ID_NUMBER,USER_NO,MOBILE,USER_TYPE,ROLE,AUTH_LIST,IS_BIND_CARD,STATUS,LOAN_AMOUNT,REQUEST_NO FROM consumer WHERE ID=? 
[${project.name}][${env:SERVER_PORT}] 2019-10-25 14:44:35,023 DEBUG [http-nio-53050-exec-6][BaseJdbcLogger.java:159] - ==> Parameters: 27(Long)
[${project.name}][${env:SERVER_PORT}] 2019-10-25 14:44:35,023 DEBUG [http-nio-53050-exec-4][BaseJdbcLogger.java:159] - ==> Parameters: 27(Long)
[${project.name}][${env:SERVER_PORT}] 2019-10-25 14:44:35,025 DEBUG [http-nio-53050-exec-6][BaseJdbcLogger.java:159] - <==      Total: 1
[${project.name}][${env:SERVER_PORT}] 2019-10-25 14:44:35,029 DEBUG [http-nio-53050-exec-4][BaseJdbcLogger.java:159] - <==      Total: 1
[${project.name}][${env:SERVER_PORT}] 2019-10-25 14:44:36,672 INFO [Eureka-EvictionTimer][AbstractInstanceRegistry.java:1250] - Running the evict task with compensationTime 0ms
[${project.name}][${env:SERVER_PORT}] 2019-10-25 14:44:38,044 INFO [NettyClientSelector_1][Slf4jLoggerFactory.java:95] - closeChannel: close the connection to remote address[] result: true
[${project.name}][${env:SERVER_PORT}] 2019-10-25 14:44:38,223 INFO [NettyClientSelector_1][Slf4jLoggerFactory.java:95] - closeChannel: close the connection to remote address[] result: true
[${project.name}][${env:SERVER_PORT}] 2019-10-25 14:44:40,022 DEBUG [http-nio-53050-exec-7][BaseJdbcLogger.java:159] - ==>  Preparing: SELECT ID,USERNAME,FULLNAME,ID_NUMBER,USER_NO,MOBILE,USER_TYPE,ROLE,AUTH_LIST,IS_BIND_CARD,STATUS,LOAN_AMOUNT,REQUEST_NO FROM consumer WHERE ID=? 
[${project.name}][${env:SERVER_PORT}] 2019-10-25 14:44:40,022 DEBUG [http-nio-53050-exec-8][BaseJdbcLogger.java:159] - ==>  Preparing: SELECT ID,USERNAME,FULLNAME,ID_NUMBER,USER_NO,MOBILE,USER_TYPE,ROLE,AUTH_LIST,IS_BIND_CARD,STATUS,LOAN_AMOUNT,REQUEST_NO FROM consumer WHERE ID=? 
[${project.name}][${env:SERVER_PORT}] 2019-10-25 14:44:40,024 DEBUG [http-nio-53050-exec-8][BaseJdbcLogger.java:159] - ==> Parameters: 27(Long)
[${project.name}][${env:SERVER_PORT}] 2019-10-25 14:44:40,024 DEBUG [http-nio-53050-exec-7][BaseJdbcLogger.java:159] - ==> Parameters: 27(Long)
[${project.name}][${env:SERVER_PORT}] 2019-10-25 14:44:40,027 DEBUG [http-nio-53050-exec-8][BaseJdbcLogger.java:159] - <==      Total: 1
[${project.name}][${env:SERVER_PORT}] 2019-10-25 14:44:40,027 DEBUG [http-nio-53050-exec-7][BaseJdbcLogger.java:159] - <==      Total: 1
[${project.name}][${env:SERVER_PORT}] 2019-10-25 14:44:40,051 INFO [NettyClientSelector_1][Slf4jLoggerFactory.java:95] - closeChannel: close the connection to remote address[] result: true
[${project.name}][${env:SERVER_PORT}] 2019-10-25 14:44:41,830 INFO [hmilyTransaction-hmily-transaction-self-recovery-14][LogUtil.java:87] - self recovery execute delayTime:60
[${project.name}][${env:SERVER_PORT}] 2019-10-25 14:44:42,061 INFO [NettyClientSelector_1][Slf4jLoggerFactory.java:95] - closeChannel: close the connection to remote address[] result: true
[${project.name}][${env:SERVER_PORT}] 2019-10-25 14:44:42,070 INFO [hmilyTransaction-hmily-transaction-self-recovery-28][LogUtil.java:87] - self recovery execute delayTime:60
[${project.name}][${env:SERVER_PORT}] 2019-10-25 14:44:45,024 DEBUG [http-nio-53050-exec-10][BaseJdbcLogger.java:159] - ==>  Preparing: SELECT ID,USERNAME,FULLNAME,ID_NUMBER,USER_NO,MOBILE,USER_TYPE,ROLE,AUTH_LIST,IS_BIND_CARD,STATUS,LOAN_AMOUNT,REQUEST_NO FROM consumer WHERE ID=? 
[${project.name}][${env:SERVER_PORT}] 2019-10-25 14:44:45,024 DEBUG [http-nio-53050-exec-9][BaseJdbcLogger.java:159] - ==>  Preparing: SELECT ID,USERNAME,FULLNAME,ID_NUMBER,USER_NO,MOBILE,USER_TYPE,ROLE,AUTH_LIST,IS_BIND_CARD,STATUS,LOAN_AMOUNT,REQUEST_NO FROM consumer WHERE ID=? 
[${project.name}][${env:SERVER_PORT}] 2019-10-25 14:44:45,025 DEBUG [http-nio-53050-exec-10][BaseJdbcLogger.java:159] - ==> Parameters: 27(Long)
[${project.name}][${env:SERVER_PORT}] 2019-10-25 14:44:45,025 DEBUG [http-nio-53050-exec-9][BaseJdbcLogger.java:159] - ==> Parameters: 27(Long)
[${project.name}][${env:SERVER_PORT}] 2019-10-25 14:44:45,027 DEBUG [http-nio-53050-exec-9][BaseJdbcLogger.java:159] - <==      Total: 1
[${project.name}][${env:SERVER_PORT}] 2019-10-25 14:44:45,027 DEBUG [http-nio-53050-exec-10][BaseJdbcLogger.java:159] - <==      Total: 1
[${project.name}][${env:SERVER_PORT}] 2019-10-25 14:44:46,673 INFO [Eureka-EvictionTimer][AbstractInstanceRegistry.java:1250] - Running the evict task with compensationTime 1ms
[${project.name}][${env:SERVER_PORT}] 2019-10-25 14:44:50,024 DEBUG [http-nio-53050-exec-2][BaseJdbcLogger.java:159] - ==>  Preparing: SELECT ID,USERNAME,FULLNAME,ID_NUMBER,USER_NO,MOBILE,USER_TYPE,ROLE,AUTH_LIST,IS_BIND_CARD,STATUS,LOAN_AMOUNT,REQUEST_NO FROM consumer WHERE ID=? 
[${project.name}][${env:SERVER_PORT}] 2019-10-25 14:44:50,024 DEBUG [http-nio-53050-exec-1][BaseJdbcLogger.java:159] - ==>  Preparing: SELECT ID,USERNAME,FULLNAME,ID_NUMBER,USER_NO,MOBILE,USER_TYPE,ROLE,AUTH_LIST,IS_BIND_CARD,STATUS,LOAN_AMOUNT,REQUEST_NO FROM consumer WHERE ID=? 
[${project.name}][${env:SERVER_PORT}] 2019-10-25 14:44:50,024 DEBUG [http-nio-53050-exec-2][BaseJdbcLogger.java:159] - ==> Parameters: 27(Long)
[${project.name}][${env:SERVER_PORT}] 2019-10-25 14:44:50,024 DEBUG [http-nio-53050-exec-1][BaseJdbcLogger.java:159] - ==> Parameters: 27(Long)
[${project.name}][${env:SERVER_PORT}] 2019-10-25 14:44:50,026 DEBUG [http-nio-53050-exec-2][BaseJdbcLogger.java:159] - <==      Total: 1
[${project.name}][${env:SERVER_PORT}] 2019-10-25 14:44:50,026 DEBUG [http-nio-53050-exec-1][BaseJdbcLogger.java:159] - <==      Total: 1
[${project.name}][${env:SERVER_PORT}] 2019-10-25 14:44:51,416 INFO [hmilyTransaction-hmily-transaction-self-recovery-42][LogUtil.java:87] - self recovery execute delayTime:60
[${project.name}][${env:SERVER_PORT}] 2019-10-25 14:44:55,020 DEBUG [http-nio-53050-exec-5][BaseJdbcLogger.java:159] - ==>  Preparing: SELECT ID,USERNAME,FULLNAME,ID_NUMBER,USER_NO,MOBILE,USER_TYPE,ROLE,AUTH_LIST,IS_BIND_CARD,STATUS,LOAN_AMOUNT,REQUEST_NO FROM consumer WHERE ID=? 
[${project.name}][${env:SERVER_PORT}] 2019-10-25 14:44:55,020 DEBUG [http-nio-53050-exec-3][BaseJdbcLogger.java:159] - ==>  Preparing: SELECT ID,USERNAME,FULLNAME,ID_NUMBER,USER_NO,MOBILE,USER_TYPE,ROLE,AUTH_LIST,IS_BIND_CARD,STATUS,LOAN_AMOUNT,REQUEST_NO FROM consumer WHERE ID=? 
[${project.name}][${env:SERVER_PORT}] 2019-10-25 14:44:55,021 DEBUG [http-nio-53050-exec-5][BaseJdbcLogger.java:159] - ==> Parameters: 27(Long)
[${project.name}][${env:SERVER_PORT}] 2019-10-25 14:44:55,021 DEBUG [http-nio-53050-exec-3][BaseJdbcLogger.java:159] - ==> Parameters: 27(Long)
[${project.name}][${env:SERVER_PORT}] 2019-10-25 14:44:55,023 DEBUG [http-nio-53050-exec-5][BaseJdbcLogger.java:159] - <==      Total: 1
[${project.name}][${env:SERVER_PORT}] 2019-10-25 14:44:55,023 DEBUG [http-nio-53050-exec-3][BaseJdbcLogger.java:159] - <==      Total: 1
[${project.name}][${env:SERVER_PORT}] 2019-10-25 14:44:55,101 INFO [NettyClientSelector_1][Slf4jLoggerFactory.java:95] - closeChannel: close the connection to remote address[] result: true
[${project.name}][${env:SERVER_PORT}] 2019-10-25 14:44:56,673 INFO [Eureka-EvictionTimer][AbstractInstanceRegistry.java:1250] - Running the evict task with compensationTime 0ms
[${project.name}][${env:SERVER_PORT}] 2019-10-25 14:44:57,108 INFO [NettyClientSelector_1][Slf4jLoggerFactory.java:95] - closeChannel: close the connection to remote address[] result: true
[${project.name}][${env:SERVER_PORT}] 2019-10-25 14:45:00,022 DEBUG [http-nio-53050-exec-4][BaseJdbcLogger.java:159] - ==>  Preparing: SELECT ID,USERNAME,FULLNAME,ID_NUMBER,USER_NO,MOBILE,USER_TYPE,ROLE,AUTH_LIST,IS_BIND_CARD,STATUS,LOAN_AMOUNT,REQUEST_NO FROM consumer WHERE ID=? 
[${project.name}][${env:SERVER_PORT}] 2019-10-25 14:45:00,022 DEBUG [http-nio-53050-exec-6][BaseJdbcLogger.java:159] - ==>  Preparing: SELECT ID,USERNAME,FULLNAME,ID_NUMBER,USER_NO,MOBILE,USER_TYPE,ROLE,AUTH_LIST,IS_BIND_CARD,STATUS,LOAN_AMOUNT,REQUEST_NO FROM consumer WHERE ID=? 
[${project.name}][${env:SERVER_PORT}] 2019-10-25 14:45:00,023 DEBUG [http-nio-53050-exec-6][BaseJdbcLogger.java:159] - ==> Parameters: 27(Long)
[${project.name}][${env:SERVER_PORT}] 2019-10-25 14:45:00,023 DEBUG [http-nio-53050-exec-4][BaseJdbcLogger.java:159] - ==> Parameters: 27(Long)
[${project.name}][${env:SERVER_PORT}] 2019-10-25 14:45:00,024 DEBUG [http-nio-53050-exec-4][BaseJdbcLogger.java:159] - <==      Total: 1
[${project.name}][${env:SERVER_PORT}] 2019-10-25 14:45:00,024 DEBUG [http-nio-53050-exec-6][BaseJdbcLogger.java:159] - <==      Total: 1
[${project.name}][${env:SERVER_PORT}] 2019-10-25 14:45:05,019 DEBUG [http-nio-53050-exec-8][BaseJdbcLogger.java:159] - ==>  Preparing: SELECT ID,USERNAME,FULLNAME,ID_NUMBER,USER_NO,MOBILE,USER_TYPE,ROLE,AUTH_LIST,IS_BIND_CARD,STATUS,LOAN_AMOUNT,REQUEST_NO FROM consumer WHERE ID=? 
[${project.name}][${env:SERVER_PORT}] 2019-10-25 14:45:05,019 DEBUG [http-nio-53050-exec-7][BaseJdbcLogger.java:159] - ==>  Preparing: SELECT ID,USERNAME,FULLNAME,ID_NUMBER,USER_NO,MOBILE,USER_TYPE,ROLE,AUTH_LIST,IS_BIND_CARD,STATUS,LOAN_AMOUNT,REQUEST_NO FROM consumer WHERE ID=? 
[${project.name}][${env:SERVER_PORT}] 2019-10-25 14:45:05,019 DEBUG [http-nio-53050-exec-7][BaseJdbcLogger.java:159] - ==> Parameters: 27(Long)
[${project.name}][${env:SERVER_PORT}] 2019-10-25 14:45:05,019 DEBUG [http-nio-53050-exec-8][BaseJdbcLogger.java:159] - ==> Parameters: 27(Long)
[${project.name}][${env:SERVER_PORT}] 2019-10-25 14:45:05,021 DEBUG [http-nio-53050-exec-7][BaseJdbcLogger.java:159] - <==      Total: 1
[${project.name}][${env:SERVER_PORT}] 2019-10-25 14:45:05,021 DEBUG [http-nio-53050-exec-8][BaseJdbcLogger.java:159] - <==      Total: 1
[${project.name}][${env:SERVER_PORT}] 2019-10-25 14:45:06,673 INFO [Eureka-EvictionTimer][AbstractInstanceRegistry.java:1250] - Running the evict task with compensationTime 0ms
[${project.name}][${env:SERVER_PORT}] 2019-10-25 14:45:08,042 INFO [NettyClientSelector_1][Slf4jLoggerFactory.java:95] - closeChannel: close the connection to remote address[] result: true
[${project.name}][${env:SERVER_PORT}] 2019-10-25 14:45:08,219 INFO [NettyClientSelector_1][Slf4jLoggerFactory.java:95] - closeChannel: close the connection to remote address[] result: true
[${project.name}][${env:SERVER_PORT}] 2019-10-25 14:45:10,018 DEBUG [http-nio-53050-exec-9][BaseJdbcLogger.java:159] - ==>  Preparing: SELECT ID,USERNAME,FULLNAME,ID_NUMBER,USER_NO,MOBILE,USER_TYPE,ROLE,AUTH_LIST,IS_BIND_CARD,STATUS,LOAN_AMOUNT,REQUEST_NO FROM consumer WHERE ID=? 
[${project.name}][${env:SERVER_PORT}] 2019-10-25 14:45:10,018 DEBUG [http-nio-53050-exec-10][BaseJdbcLogger.java:159] - ==>  Preparing: SELECT ID,USERNAME,FULLNAME,ID_NUMBER,USER_NO,MOBILE,USER_TYPE,ROLE,AUTH_LIST,IS_BIND_CARD,STATUS,LOAN_AMOUNT,REQUEST_NO FROM consumer WHERE ID=? 
[${project.name}][${env:SERVER_PORT}] 2019-10-25 14:45:10,019 DEBUG [http-nio-53050-exec-9][BaseJdbcLogger.java:159] - ==> Parameters: 27(Long)
[${project.name}][${env:SERVER_PORT}] 2019-10-25 14:45:10,019 DEBUG [http-nio-53050-exec-10][BaseJdbcLogger.java:159] - ==> Parameters: 27(Long)
[${project.name}][${env:SERVER_PORT}] 2019-10-25 14:45:10,021 DEBUG [http-nio-53050-exec-9][BaseJdbcLogger.java:159] - <==      Total: 1
[${project.name}][${env:SERVER_PORT}] 2019-10-25 14:45:10,021 DEBUG [http-nio-53050-exec-10][BaseJdbcLogger.java:159] - <==      Total: 1
[${project.name}][${env:SERVER_PORT}] 2019-10-25 14:45:10,049 INFO [NettyClientSelector_1][Slf4jLoggerFactory.java:95] - closeChannel: close the connection to remote address[] result: true
[${project.name}][${env:SERVER_PORT}] 2019-10-25 14:45:12,059 INFO [NettyClientSelector_1][Slf4jLoggerFactory.java:95] - closeChannel: close the connection to remote address[] result: true
[${project.name}][${env:SERVER_PORT}] 2019-10-25 14:45:15,023 DEBUG [http-nio-53050-exec-2][BaseJdbcLogger.java:159] - ==>  Preparing: SELECT ID,USERNAME,FULLNAME,ID_NUMBER,USER_NO,MOBILE,USER_TYPE,ROLE,AUTH_LIST,IS_BIND_CARD,STATUS,LOAN_AMOUNT,REQUEST_NO FROM consumer WHERE ID=? 
[${project.name}][${env:SERVER_PORT}] 2019-10-25 14:45:15,024 DEBUG [http-nio-53050-exec-2][BaseJdbcLogger.java:159] - ==> Parameters: 27(Long)
[${project.name}][${env:SERVER_PORT}] 2019-10-25 14:45:15,025 DEBUG [http-nio-53050-exec-1][BaseJdbcLogger.java:159] - ==>  Preparing: SELECT ID,USERNAME,FULLNAME,ID_NUMBER,USER_NO,MOBILE,USER_TYPE,ROLE,AUTH_LIST,IS_BIND_CARD,STATUS,LOAN_AMOUNT,REQUEST_NO FROM consumer WHERE ID=? 
[${project.name}][${env:SERVER_PORT}] 2019-10-25 14:45:15,026 DEBUG [http-nio-53050-exec-1][BaseJdbcLogger.java:159] - ==> Parameters: 27(Long)
[${project.name}][${env:SERVER_PORT}] 2019-10-25 14:45:15,026 DEBUG [http-nio-53050-exec-2][BaseJdbcLogger.java:159] - <==      Total: 1
[${project.name}][${env:SERVER_PORT}] 2019-10-25 14:45:15,028 DEBUG [http-nio-53050-exec-1][BaseJdbcLogger.java:159] - <==      Total: 1
[${project.name}][${env:SERVER_PORT}] 2019-10-25 14:45:16,674 INFO [Eureka-EvictionTimer][AbstractInstanceRegistry.java:1250] - Running the evict task with compensationTime 0ms
[${project.name}][${env:SERVER_PORT}] 2019-10-25 14:45:20,021 DEBUG [http-nio-53050-exec-5][BaseJdbcLogger.java:159] - ==>  Preparing: SELECT ID,USERNAME,FULLNAME,ID_NUMBER,USER_NO,MOBILE,USER_TYPE,ROLE,AUTH_LIST,IS_BIND_CARD,STATUS,LOAN_AMOUNT,REQUEST_NO FROM consumer WHERE ID=? 
[${project.name}][${env:SERVER_PORT}] 2019-10-25 14:45:20,021 DEBUG [http-nio-53050-exec-3][BaseJdbcLogger.java:159] - ==>  Preparing: SELECT ID,USERNAME,FULLNAME,ID_NUMBER,USER_NO,MOBILE,USER_TYPE,ROLE,AUTH_LIST,IS_BIND_CARD,STATUS,LOAN_AMOUNT,REQUEST_NO FROM consumer WHERE ID=? 
[${project.name}][${env:SERVER_PORT}] 2019-10-25 14:45:20,022 DEBUG [http-nio-53050-exec-3][BaseJdbcLogger.java:159] - ==> Parameters: 27(Long)
[${project.name}][${env:SERVER_PORT}] 2019-10-25 14:45:20,022 DEBUG [http-nio-53050-exec-5][BaseJdbcLogger.java:159] - ==> Parameters: 27(Long)
[${project.name}][${env:SERVER_PORT}] 2019-10-25 14:45:20,024 DEBUG [http-nio-53050-exec-3][BaseJdbcLogger.java:159] - <==      Total: 1
[${project.name}][${env:SERVER_PORT}] 2019-10-25 14:45:20,024 DEBUG [http-nio-53050-exec-5][BaseJdbcLogger.java:159] - <==      Total: 1
[${project.name}][${env:SERVER_PORT}] 2019-10-25 14:45:21,129 INFO [NettyClientSelector_1][Slf4jLoggerFactory.java:95] - closeChannel: close the connection to remote address[] result: true
[${project.name}][${env:SERVER_PORT}] 2019-10-25 14:45:25,019 DEBUG [http-nio-53050-exec-4][BaseJdbcLogger.java:159] - ==>  Preparing: SELECT ID,USERNAME,FULLNAME,ID_NUMBER,USER_NO,MOBILE,USER_TYPE,ROLE,AUTH_LIST,IS_BIND_CARD,STATUS,LOAN_AMOUNT,REQUEST_NO FROM consumer WHERE ID=? 
[${project.name}][${env:SERVER_PORT}] 2019-10-25 14:45:25,020 DEBUG [http-nio-53050-exec-6][BaseJdbcLogger.java:159] - ==>  Preparing: SELECT ID,USERNAME,FULLNAME,ID_NUMBER,USER_NO,MOBILE,USER_TYPE,ROLE,AUTH_LIST,IS_BIND_CARD,STATUS,LOAN_AMOUNT,REQUEST_NO FROM consumer WHERE ID=? 
[${project.name}][${env:SERVER_PORT}] 2019-10-25 14:45:25,021 DEBUG [http-nio-53050-exec-6][BaseJdbcLogger.java:159] - ==> Parameters: 27(Long)
[${project.name}][${env:SERVER_PORT}] 2019-10-25 14:45:25,021 DEBUG [http-nio-53050-exec-4][BaseJdbcLogger.java:159] - ==> Parameters: 27(Long)
[${project.name}][${env:SERVER_PORT}] 2019-10-25 14:45:25,023 DEBUG [http-nio-53050-exec-6][BaseJdbcLogger.java:159] - <==      Total: 1
[${project.name}][${env:SERVER_PORT}] 2019-10-25 14:45:25,023 DEBUG [http-nio-53050-exec-4][BaseJdbcLogger.java:159] - <==      Total: 1
[${project.name}][${env:SERVER_PORT}] 2019-10-25 14:45:26,675 INFO [Eureka-EvictionTimer][AbstractInstanceRegistry.java:1250] - Running the evict task with compensationTime 1ms
[${project.name}][${env:SERVER_PORT}] 2019-10-25 14:45:36,675 INFO [Eureka-EvictionTimer][AbstractInstanceRegistry.java:1250] - Running the evict task with compensationTime 0ms
[${project.name}][${env:SERVER_PORT}] 2019-10-25 14:45:38,286 INFO [NettyClientSelector_1][Slf4jLoggerFactory.java:95] - closeChannel: close the connection to remote address[] result: true
[${project.name}][${env:SERVER_PORT}] 2019-10-25 14:45:40,223 INFO [NettyClientSelector_1][Slf4jLoggerFactory.java:95] - closeChannel: close the connection to remote address[] result: true
[${project.name}][${env:SERVER_PORT}] 2019-10-25 14:45:41,845 INFO [hmilyTransaction-hmily-transaction-self-recovery-14][LogUtil.java:87] - self recovery execute delayTime:60
[${project.name}][${env:SERVER_PORT}] 2019-10-25 14:45:42,075 INFO [hmilyTransaction-hmily-transaction-self-recovery-28][LogUtil.java:87] - self recovery execute delayTime:60
[${project.name}][${env:SERVER_PORT}] 2019-10-25 14:45:42,234 INFO [NettyClientSelector_1][Slf4jLoggerFactory.java:95] - closeChannel: close the connection to remote address[] result: true
[${project.name}][${env:SERVER_PORT}] 2019-10-25 14:45:44,240 INFO [NettyClientSelector_1][Slf4jLoggerFactory.java:95] - closeChannel: close the connection to remote address[] result: true
[${project.name}][${env:SERVER_PORT}] 2019-10-25 14:45:46,249 INFO [NettyClientSelector_1][Slf4jLoggerFactory.java:95] - closeChannel: close the connection to remote address[] result: true
[${project.name}][${env:SERVER_PORT}] 2019-10-25 14:45:46,675 INFO [Eureka-EvictionTimer][AbstractInstanceRegistry.java:1250] - Running the evict task with compensationTime 0ms
[${project.name}][${env:SERVER_PORT}] 2019-10-25 14:45:51,420 INFO [hmilyTransaction-hmily-transaction-self-recovery-42][LogUtil.java:87] - self recovery execute delayTime:60
[${project.name}][${env:SERVER_PORT}] 2019-10-25 14:45:56,676 INFO [Eureka-EvictionTimer][AbstractInstanceRegistry.java:1250] - Running the evict task with compensationTime 0ms
[${project.name}][${env:SERVER_PORT}] 2019-10-25 14:46:06,676 INFO [Eureka-EvictionTimer][AbstractInstanceRegistry.java:1250] - Running the evict task with compensationTime 0ms
[${project.name}][${env:SERVER_PORT}] 2019-10-25 14:46:08,041 INFO [NettyClientSelector_1][Slf4jLoggerFactory.java:95] - closeChannel: close the connection to remote address[] result: true
[${project.name}][${env:SERVER_PORT}] 2019-10-25 14:46:08,222 INFO [NettyClientSelector_1][Slf4jLoggerFactory.java:95] - closeChannel: close the connection to remote address[] result: true
[${project.name}][${env:SERVER_PORT}] 2019-10-25 14:46:10,049 INFO [NettyClientSelector_1][Slf4jLoggerFactory.java:95] - closeChannel: close the connection to remote address[] result: true
[${project.name}][${env:SERVER_PORT}] 2019-10-25 14:46:12,056 INFO [NettyClientSelector_1][Slf4jLoggerFactory.java:95] - closeChannel: close the connection to remote address[] result: true
[${project.name}][${env:SERVER_PORT}] 2019-10-25 14:46:14,060 INFO [NettyClientSelector_1][Slf4jLoggerFactory.java:95] - closeChannel: close the connection to remote address[] result: true
[${project.name}][${env:SERVER_PORT}] 2019-10-25 14:46:16,677 INFO [Eureka-EvictionTimer][AbstractInstanceRegistry.java:1250] - Running the evict task with compensationTime 0ms
[${project.name}][${env:SERVER_PORT}] 2019-10-25 14:46:26,677 INFO [Eureka-EvictionTimer][AbstractInstanceRegistry.java:1250] - Running the evict task with compensationTime 0ms
[${project.name}][${env:SERVER_PORT}] 2019-10-25 14:46:36,070 INFO [NettyClientSelector_1][Slf4jLoggerFactory.java:95] - closeChannel: close the connection to remote address[] result: true
[${project.name}][${env:SERVER_PORT}] 2019-10-25 14:46:36,678 INFO [Eureka-EvictionTimer][AbstractInstanceRegistry.java:1250] - Running the evict task with compensationTime 0ms
[${project.name}][${env:SERVER_PORT}] 2019-10-25 14:46:38,075 INFO [NettyClientSelector_1][Slf4jLoggerFactory.java:95] - closeChannel: close the connection to remote address[] result: true
[${project.name}][${env:SERVER_PORT}] 2019-10-25 14:46:38,216 INFO [NettyClientSelector_1][Slf4jLoggerFactory.java:95] - closeChannel: close the connection to remote address[] result: true
[${project.name}][${env:SERVER_PORT}] 2019-10-25 14:46:40,081 INFO [NettyClientSelector_1][Slf4jLoggerFactory.java:95] - closeChannel: close the connection to remote address[] result: true
[${project.name}][${env:SERVER_PORT}] 2019-10-25 14:46:41,848 INFO [hmilyTransaction-hmily-transaction-self-recovery-14][LogUtil.java:87] - self recovery execute delayTime:60
[${project.name}][${env:SERVER_PORT}] 2019-10-25 14:46:42,080 INFO [hmilyTransaction-hmily-transaction-self-recovery-28][LogUtil.java:87] - self recovery execute delayTime:60
[${project.name}][${env:SERVER_PORT}] 2019-10-25 14:46:42,088 INFO [NettyClientSelector_1][Slf4jLoggerFactory.java:95] - closeChannel: close the connection to remote address[] result: true
[${project.name}][${env:SERVER_PORT}] 2019-10-25 14:46:46,679 INFO [Eureka-EvictionTimer][AbstractInstanceRegistry.java:1250] - Running the evict task with compensationTime 0ms
[${project.name}][${env:SERVER_PORT}] 2019-10-25 14:46:51,438 INFO [hmilyTransaction-hmily-transaction-self-recovery-42][LogUtil.java:87] - self recovery execute delayTime:60
[${project.name}][${env:SERVER_PORT}] 2019-10-25 14:46:56,680 INFO [Eureka-EvictionTimer][AbstractInstanceRegistry.java:1250] - Running the evict task with compensationTime 0ms
[${project.name}][${env:SERVER_PORT}] 2019-10-25 14:47:01,078 INFO [NettyClientSelector_1][Slf4jLoggerFactory.java:95] - closeChannel: close the connection to remote address[] result: true
[${project.name}][${env:SERVER_PORT}] 2019-10-25 14:47:03,084 INFO [NettyClientSelector_1][Slf4jLoggerFactory.java:95] - closeChannel: close the connection to remote address[] result: true
[${project.name}][${env:SERVER_PORT}] 2019-10-25 14:47:06,680 INFO [Eureka-EvictionTimer][AbstractInstanceRegistry.java:1250] - Running the evict task with compensationTime 0ms
[${project.name}][${env:SERVER_PORT}] 2019-10-25 14:47:08,041 INFO [NettyClientSelector_1][Slf4jLoggerFactory.java:95] - closeChannel: close the connection to remote address[] result: true
[${project.name}][${env:SERVER_PORT}] 2019-10-25 14:47:08,217 INFO [NettyClientSelector_1][Slf4jLoggerFactory.java:95] - closeChannel: close the connection to remote address[] result: true
[${project.name}][${env:SERVER_PORT}] 2019-10-25 14:47:12,052 INFO [NettyClientSelector_1][Slf4jLoggerFactory.java:95] - closeChannel: close the connection to remote address[] result: true
[${project.name}][${env:SERVER_PORT}] 2019-10-25 14:47:16,681 INFO [Eureka-EvictionTimer][AbstractInstanceRegistry.java:1250] - Running the evict task with compensationTime 0ms
[${project.name}][${env:SERVER_PORT}] 2019-10-25 14:47:25,088 INFO [NettyClientSelector_1][Slf4jLoggerFactory.java:95] - closeChannel: close the connection to remote address[] result: true
[${project.name}][${env:SERVER_PORT}] 2019-10-25 14:47:26,681 INFO [Eureka-EvictionTimer][AbstractInstanceRegistry.java:1250] - Running the evict task with compensationTime 0ms
[${project.name}][${env:SERVER_PORT}] 2019-10-25 14:47:27,095 INFO [NettyClientSelector_1][Slf4jLoggerFactory.java:95] - closeChannel: close the connection to remote address[] result: true
[${project.name}][${env:SERVER_PORT}] 2019-10-25 14:47:36,681 INFO [Eureka-EvictionTimer][AbstractInstanceRegistry.java:1250] - Running the evict task with compensationTime 0ms
[${project.name}][${env:SERVER_PORT}] 2019-10-25 14:47:38,039 INFO [NettyClientSelector_1][Slf4jLoggerFactory.java:95] - closeChannel: close the connection to remote address[] result: true
[${project.name}][${env:SERVER_PORT}] 2019-10-25 14:47:38,217 INFO [NettyClientSelector_1][Slf4jLoggerFactory.java:95] - closeChannel: close the connection to remote address[] result: true
[${project.name}][${env:SERVER_PORT}] 2019-10-25 14:47:40,049 INFO [NettyClientSelector_1][Slf4jLoggerFactory.java:95] - closeChannel: close the connection to remote address[] result: true
[${project.name}][${env:SERVER_PORT}] 2019-10-25 14:47:41,850 INFO [hmilyTransaction-hmily-transaction-self-recovery-14][LogUtil.java:87] - self recovery execute delayTime:60
[${project.name}][${env:SERVER_PORT}] 2019-10-25 14:47:42,056 INFO [NettyClientSelector_1][Slf4jLoggerFactory.java:95] - closeChannel: close the connection to remote address[] result: true
[${project.name}][${env:SERVER_PORT}] 2019-10-25 14:47:42,082 INFO [hmilyTransaction-hmily-transaction-self-recovery-28][LogUtil.java:87] - self recovery execute delayTime:60
[${project.name}][${env:SERVER_PORT}] 2019-10-25 14:47:46,683 INFO [Eureka-EvictionTimer][AbstractInstanceRegistry.java:1250] - Running the evict task with compensationTime 1ms
[${project.name}][${env:SERVER_PORT}] 2019-10-25 14:47:49,099 INFO [NettyClientSelector_1][Slf4jLoggerFactory.java:95] - closeChannel: close the connection to remote address[] result: true
[${project.name}][${env:SERVER_PORT}] 2019-10-25 14:47:50,485 INFO [AsyncResolver-bootstrap-executor-0][ConfigClusterResolver.java:43] - Resolving eureka endpoints via configuration
[${project.name}][${env:SERVER_PORT}] 2019-10-25 14:47:51,111 INFO [NettyClientSelector_1][Slf4jLoggerFactory.java:95] - closeChannel: close the connection to remote address[] result: true
[${project.name}][${env:SERVER_PORT}] 2019-10-25 14:47:51,439 INFO [hmilyTransaction-hmily-transaction-self-recovery-42][LogUtil.java:87] - self recovery execute delayTime:60
[${project.name}][${env:SERVER_PORT}] 2019-10-25 14:47:56,683 INFO [Eureka-EvictionTimer][AbstractInstanceRegistry.java:1250] - Running the evict task with compensationTime 1ms
[${project.name}][${env:SERVER_PORT}] 2019-10-25 14:48:06,684 INFO [Eureka-EvictionTimer][AbstractInstanceRegistry.java:1250] - Running the evict task with compensationTime 0ms
[${project.name}][${env:SERVER_PORT}] 2019-10-25 14:48:08,040 INFO [NettyClientSelector_1][Slf4jLoggerFactory.java:95] - closeChannel: close the connection to remote address[] result: true
[${project.name}][${env:SERVER_PORT}] 2019-10-25 14:48:08,215 INFO [NettyClientSelector_1][Slf4jLoggerFactory.java:95] - closeChannel: close the connection to remote address[] result: true
[${project.name}][${env:SERVER_PORT}] 2019-10-25 14:48:10,047 INFO [NettyClientSelector_1][Slf4jLoggerFactory.java:95] - closeChannel: close the connection to remote address[] result: true
[${project.name}][${env:SERVER_PORT}] 2019-10-25 14:48:12,052 INFO [NettyClientSelector_1][Slf4jLoggerFactory.java:95] - closeChannel: close the connection to remote address[] result: true
[${project.name}][${env:SERVER_PORT}] 2019-10-25 14:48:14,060 INFO [NettyClientSelector_1][Slf4jLoggerFactory.java:95] - closeChannel: close the connection to remote address[] result: true
[${project.name}][${env:SERVER_PORT}] 2019-10-25 14:48:16,068 INFO [NettyClientSelector_1][Slf4jLoggerFactory.java:95] - closeChannel: close the connection to remote address[] result: true
[${project.name}][${env:SERVER_PORT}] 2019-10-25 14:48:16,685 INFO [Eureka-EvictionTimer][AbstractInstanceRegistry.java:1250] - Running the evict task with compensationTime 0ms
[${project.name}][${env:SERVER_PORT}] 2019-10-25 14:48:26,686 INFO [Eureka-EvictionTimer][AbstractInstanceRegistry.java:1250] - Running the evict task with compensationTime 0ms
