[${project.name}][${env:SERVER_PORT}] 2019-08-28 18:02:33,077 WARN [Apollo-RemoteConfigRepository-1][RemoteConfigRepository.java:194] - Load config failed, will retry in 1 SECONDS. appId: uaa-service, cluster: DEFAULT, namespaces: application
[${project.name}][${env:SERVER_PORT}] 2019-08-28 18:02:34,082 WARN [Apollo-RemoteConfigRepository-1][AbstractConfigRepository.java:26] - Sync config failed, will retry. Repository class com.ctrip.framework.apollo.internals.RemoteConfigRepository, reason: Load Apollo Config failed - appId: uaa-service, cluster: DEFAULT, namespace: application, url: http://192.168.2.153:8080/configs/uaa-service/DEFAULT/application?ip=192.168.2.153&messages=%7B%22details%22%3A%7B%22uaa-service%2Bdefault%2Bapplication%22%3A308%7D%7D [Cause: [status code: 404] Could not find config for namespace - appId: uaa-service, cluster: DEFAULT, namespace: application, please check whether the configs are released in Apollo!]
[${project.name}][${env:SERVER_PORT}] 2019-08-28 18:02:37,926 INFO [Eureka-EvictionTimer][AbstractInstanceRegistry.java:1250] - Running the evict task with compensationTime 0ms
[${project.name}][${env:SERVER_PORT}] 2019-08-28 18:02:39,234 WARN [Apollo-RemoteConfigRepository-1][RemoteConfigRepository.java:194] - Load config failed, will retry in 1 SECONDS. appId: uaa-service, cluster: DEFAULT, namespaces: micro_service.spring-cloud-feign
[${project.name}][${env:SERVER_PORT}] 2019-08-28 18:02:39,540 INFO [NettyClientSelector_1][Slf4jLoggerFactory.java:95] - closeChannel: close the connection to remote address[] result: true
[${project.name}][${env:SERVER_PORT}] 2019-08-28 18:02:39,677 INFO [NettyClientSelector_1][Slf4jLoggerFactory.java:95] - closeChannel: close the connection to remote address[] result: true
[${project.name}][${env:SERVER_PORT}] 2019-08-28 18:02:40,240 WARN [Apollo-RemoteConfigRepository-1][AbstractConfigRepository.java:26] - Sync config failed, will retry. Repository class com.ctrip.framework.apollo.internals.RemoteConfigRepository, reason: Load Apollo Config failed - appId: uaa-service, cluster: DEFAULT, namespace: micro_service.spring-cloud-feign, url: http://192.168.2.153:8080/configs/uaa-service/DEFAULT/micro_service.spring-cloud-feign?ip=192.168.2.153&messages=%7B%22details%22%3A%7B%22uaa-service%2Bdefault%2Bmicro_service.spring-cloud-feign%22%3A313%2C%22common-template%2Bdefault%2Bmicro_service.spring-cloud-feign%22%3A403%7D%7D [Cause: [status code: 404] Could not find config for namespace - appId: uaa-service, cluster: DEFAULT, namespace: micro_service.spring-cloud-feign, please check whether the configs are released in Apollo!]
[${project.name}][${env:SERVER_PORT}] 2019-08-28 18:02:47,666 INFO [NettyClientSelector_1][Slf4jLoggerFactory.java:95] - closeChannel: close the connection to remote address[] result: true
[${project.name}][${env:SERVER_PORT}] 2019-08-28 18:02:47,891 INFO [NettyClientSelector_1][Slf4jLoggerFactory.java:95] - closeChannel: close the connection to remote address[] result: true
[${project.name}][${env:SERVER_PORT}] 2019-08-28 18:02:47,927 INFO [Eureka-EvictionTimer][AbstractInstanceRegistry.java:1250] - Running the evict task with compensationTime 1ms
[${project.name}][${env:SERVER_PORT}] 2019-08-28 18:02:50,332 INFO [NettyClientSelector_1][Slf4jLoggerFactory.java:95] - closeChannel: close the connection to remote address[] result: true
[${project.name}][${env:SERVER_PORT}] 2019-08-28 18:02:51,334 INFO [NettyClientSelector_1][Slf4jLoggerFactory.java:95] - closeChannel: close the connection to remote address[] result: true
[${project.name}][${env:SERVER_PORT}] 2019-08-28 18:02:55,307 INFO [NettyClientSelector_1][Slf4jLoggerFactory.java:95] - closeChannel: close the connection to remote address[] result: true
[${project.name}][${env:SERVER_PORT}] 2019-08-28 18:02:55,472 INFO [NettyClientSelector_1][Slf4jLoggerFactory.java:95] - closeChannel: close the connection to remote address[] result: true
[${project.name}][${env:SERVER_PORT}] 2019-08-28 18:02:56,310 INFO [NettyClientSelector_1][Slf4jLoggerFactory.java:95] - closeChannel: close the connection to remote address[] result: true
[${project.name}][${env:SERVER_PORT}] 2019-08-28 18:02:56,697 INFO [hmilyTransaction-hmily-transaction-self-recovery-2][LogUtil.java:87] - self recovery execute delayTime:60
[${project.name}][${env:SERVER_PORT}] 2019-08-28 18:02:57,315 INFO [NettyClientSelector_1][Slf4jLoggerFactory.java:95] - closeChannel: close the connection to remote address[] result: true
[${project.name}][${env:SERVER_PORT}] 2019-08-28 18:02:57,927 INFO [Eureka-EvictionTimer][AbstractInstanceRegistry.java:1250] - Running the evict task with compensationTime 0ms
[${project.name}][${env:SERVER_PORT}] 2019-08-28 18:03:00,467 INFO [ReplicaAwareInstanceRegistry - RenewalThresholdUpdater][PeerAwareInstanceRegistryImpl.java:539] - Current renewal threshold is : 0
[${project.name}][${env:SERVER_PORT}] 2019-08-28 18:03:05,181 INFO [hmilyTransaction-hmily-transaction-self-recovery-42][LogUtil.java:87] - self recovery execute delayTime:60
[${project.name}][${env:SERVER_PORT}] 2019-08-28 18:03:07,928 INFO [Eureka-EvictionTimer][AbstractInstanceRegistry.java:1250] - Running the evict task with compensationTime 0ms
[${project.name}][${env:SERVER_PORT}] 2019-08-28 18:03:09,528 INFO [NettyClientSelector_1][Slf4jLoggerFactory.java:95] - closeChannel: close the connection to remote address[] result: true
[${project.name}][${env:SERVER_PORT}] 2019-08-28 18:03:09,678 INFO [NettyClientSelector_1][Slf4jLoggerFactory.java:95] - closeChannel: close the connection to remote address[] result: true
[${project.name}][${env:SERVER_PORT}] 2019-08-28 18:03:12,340 INFO [NettyClientSelector_1][Slf4jLoggerFactory.java:95] - closeChannel: close the connection to remote address[] result: true
[${project.name}][${env:SERVER_PORT}] 2019-08-28 18:03:13,347 INFO [NettyClientSelector_1][Slf4jLoggerFactory.java:95] - closeChannel: close the connection to remote address[] result: true
[${project.name}][${env:SERVER_PORT}] 2019-08-28 18:03:17,669 INFO [NettyClientSelector_1][Slf4jLoggerFactory.java:95] - closeChannel: close the connection to remote address[] result: true
[${project.name}][${env:SERVER_PORT}] 2019-08-28 18:03:17,892 INFO [NettyClientSelector_1][Slf4jLoggerFactory.java:95] - closeChannel: close the connection to remote address[] result: true
[${project.name}][${env:SERVER_PORT}] 2019-08-28 18:03:17,929 INFO [Eureka-EvictionTimer][AbstractInstanceRegistry.java:1250] - Running the evict task with compensationTime 1ms
[${project.name}][${env:SERVER_PORT}] 2019-08-28 18:03:18,964 INFO [AsyncResolver-bootstrap-executor-0][ConfigClusterResolver.java:43] - Resolving eureka endpoints via configuration
[${project.name}][${env:SERVER_PORT}] 2019-08-28 18:03:25,306 INFO [NettyClientSelector_1][Slf4jLoggerFactory.java:95] - closeChannel: close the connection to remote address[] result: true
[${project.name}][${env:SERVER_PORT}] 2019-08-28 18:03:25,469 INFO [NettyClientSelector_1][Slf4jLoggerFactory.java:95] - closeChannel: close the connection to remote address[] result: true
[${project.name}][${env:SERVER_PORT}] 2019-08-28 18:03:26,312 INFO [NettyClientSelector_1][Slf4jLoggerFactory.java:95] - closeChannel: close the connection to remote address[] result: true
[${project.name}][${env:SERVER_PORT}] 2019-08-28 18:03:27,014 INFO [hmilyTransaction-hmily-transaction-self-recovery-14][LogUtil.java:87] - self recovery execute delayTime:60
[${project.name}][${env:SERVER_PORT}] 2019-08-28 18:03:27,317 INFO [NettyClientSelector_1][Slf4jLoggerFactory.java:95] - closeChannel: close the connection to remote address[] result: true
[${project.name}][${env:SERVER_PORT}] 2019-08-28 18:03:27,895 INFO [hmilyTransaction-hmily-transaction-self-recovery-28][LogUtil.java:87] - self recovery execute delayTime:60
[${project.name}][${env:SERVER_PORT}] 2019-08-28 18:03:27,930 INFO [Eureka-EvictionTimer][AbstractInstanceRegistry.java:1250] - Running the evict task with compensationTime 0ms
[${project.name}][${env:SERVER_PORT}] 2019-08-28 18:03:34,351 INFO [NettyClientSelector_1][Slf4jLoggerFactory.java:95] - closeChannel: close the connection to remote address[] result: true
[${project.name}][${env:SERVER_PORT}] 2019-08-28 18:03:35,354 INFO [NettyClientSelector_1][Slf4jLoggerFactory.java:95] - closeChannel: close the connection to remote address[] result: true
[${project.name}][${env:SERVER_PORT}] 2019-08-28 18:03:37,930 INFO [Eureka-EvictionTimer][AbstractInstanceRegistry.java:1250] - Running the evict task with compensationTime 0ms
[${project.name}][${env:SERVER_PORT}] 2019-08-28 18:03:39,526 INFO [NettyClientSelector_1][Slf4jLoggerFactory.java:95] - closeChannel: close the connection to remote address[] result: true
[${project.name}][${env:SERVER_PORT}] 2019-08-28 18:03:39,677 INFO [NettyClientSelector_1][Slf4jLoggerFactory.java:95] - closeChannel: close the connection to remote address[] result: true
[${project.name}][${env:SERVER_PORT}] 2019-08-28 18:03:47,667 INFO [NettyClientSelector_1][Slf4jLoggerFactory.java:95] - closeChannel: close the connection to remote address[] result: true
[${project.name}][${env:SERVER_PORT}] 2019-08-28 18:03:47,892 INFO [NettyClientSelector_1][Slf4jLoggerFactory.java:95] - closeChannel: close the connection to remote address[] result: true
[${project.name}][${env:SERVER_PORT}] 2019-08-28 18:03:47,930 INFO [Eureka-EvictionTimer][AbstractInstanceRegistry.java:1250] - Running the evict task with compensationTime 0ms
[${project.name}][${env:SERVER_PORT}] 2019-08-28 18:03:55,306 INFO [NettyClientSelector_1][Slf4jLoggerFactory.java:95] - closeChannel: close the connection to remote address[] result: true
[${project.name}][${env:SERVER_PORT}] 2019-08-28 18:03:55,470 INFO [NettyClientSelector_1][Slf4jLoggerFactory.java:95] - closeChannel: close the connection to remote address[] result: true
[${project.name}][${env:SERVER_PORT}] 2019-08-28 18:03:56,318 INFO [NettyClientSelector_1][Slf4jLoggerFactory.java:95] - closeChannel: close the connection to remote address[] result: true
[${project.name}][${env:SERVER_PORT}] 2019-08-28 18:03:56,699 INFO [hmilyTransaction-hmily-transaction-self-recovery-2][LogUtil.java:87] - self recovery execute delayTime:60
[${project.name}][${env:SERVER_PORT}] 2019-08-28 18:03:57,323 INFO [NettyClientSelector_1][Slf4jLoggerFactory.java:95] - closeChannel: close the connection to remote address[] result: true
[${project.name}][${env:SERVER_PORT}] 2019-08-28 18:03:57,931 INFO [Eureka-EvictionTimer][AbstractInstanceRegistry.java:1250] - Running the evict task with compensationTime 0ms
[${project.name}][${env:SERVER_PORT}] 2019-08-28 18:03:58,328 INFO [NettyClientSelector_1][Slf4jLoggerFactory.java:95] - closeChannel: close the connection to remote address[] result: true
[${project.name}][${env:SERVER_PORT}] 2019-08-28 18:03:59,333 INFO [NettyClientSelector_1][Slf4jLoggerFactory.java:95] - closeChannel: close the connection to remote address[] result: true
[${project.name}][${env:SERVER_PORT}] 2019-08-28 18:04:05,182 INFO [hmilyTransaction-hmily-transaction-self-recovery-42][LogUtil.java:87] - self recovery execute delayTime:60
[${project.name}][${env:SERVER_PORT}] 2019-08-28 18:04:07,932 INFO [Eureka-EvictionTimer][AbstractInstanceRegistry.java:1250] - Running the evict task with compensationTime 0ms
[${project.name}][${env:SERVER_PORT}] 2019-08-28 18:04:09,527 INFO [NettyClientSelector_1][Slf4jLoggerFactory.java:95] - closeChannel: close the connection to remote address[] result: true
[${project.name}][${env:SERVER_PORT}] 2019-08-28 18:04:09,677 INFO [NettyClientSelector_1][Slf4jLoggerFactory.java:95] - closeChannel: close the connection to remote address[] result: true
[${project.name}][${env:SERVER_PORT}] 2019-08-28 18:04:17,668 INFO [NettyClientSelector_1][Slf4jLoggerFactory.java:95] - closeChannel: close the connection to remote address[] result: true
[${project.name}][${env:SERVER_PORT}] 2019-08-28 18:04:17,893 INFO [NettyClientSelector_1][Slf4jLoggerFactory.java:95] - closeChannel: close the connection to remote address[] result: true
[${project.name}][${env:SERVER_PORT}] 2019-08-28 18:04:17,933 INFO [Eureka-EvictionTimer][AbstractInstanceRegistry.java:1250] - Running the evict task with compensationTime 0ms
